#
# There is insufficient memory for the Java Runtime Environment to continue.
# Native memory allocation (mmap) failed to map 5319950336 bytes for committing reserved memory.
# Possible reasons:
#   The system is out of physical RAM or swap space
#   The process is running with CompressedOops enabled, and the Java Heap may be blocking the growth of the native heap
# Possible solutions:
#   Reduce memory load on the system
#   Increase physical memory or swap space
#   Check if swap backing store is full
#   Decrease Java heap size (-Xmx/-Xms)
#   Decrease number of Java threads
#   Decrease Java thread stack sizes (-Xss)
#   Set larger code cache with -XX:ReservedCodeCacheSize=
#   JVM is running with Zero Based Compressed Oops mode in which the Java heap is
#     placed in the first 32GB address space. The Java Heap base address is the
#     maximum limit for the native heap growth. Please use -XX:HeapBaseMinAddress
#     to set the Java Heap base and to place the Java Heap above 32GB virtual address.
# This output file may be truncated or incomplete.
#
#  Out of Memory Error (os_linux.cpp:2741), pid=472619, tid=472684
#
# JRE version: OpenJDK Runtime Environment Temurin-17.0.2+8 (17.0.2+8) (build 17.0.2+8)
# Java VM: OpenJDK 64-Bit Server VM Temurin-17.0.2+8 (17.0.2+8, mixed mode, tiered, compressed oops, compressed class ptrs, parallel gc, linux-amd64)
# Core dump will be written. Default location: Core dumps may be processed with "/usr/share/apport/apport %p %s %c %d %P %E" (or dumping to /home/hz223/ece651-sp22-risc/core.472619)
#

---------------  S U M M A R Y ------------

Command Line: --add-modules=ALL-SYSTEM --add-opens=java.base/java.util=ALL-UNNAMED --add-opens=java.base/java.lang=ALL-UNNAMED --add-opens=java.base/sun.nio.fs=ALL-UNNAMED -Declipse.application=org.eclipse.jdt.ls.core.id1 -Dosgi.bundles.defaultStartLevel=4 -Declipse.product=org.eclipse.jdt.ls.core.product -Djava.import.generatesMetadataFilesAtProjectRoot=false -Dfile.encoding=utf8 -XX:+UseParallelGC -XX:GCTimeRatio=4 -XX:AdaptiveSizePolicyWeight=90 -Dsun.zip.disableMemoryMapping=true -Xmx8G -Xms100m -XX:+HeapDumpOnOutOfMemoryError -XX:HeapDumpPath=/home/hz223/.vscode-server/data/User/workspaceStorage/f1cd41904d7e98d7f4937dac509da9df/redhat.java /home/hz223/.vscode-server/extensions/redhat.java-1.4.0/server/plugins/org.eclipse.equinox.launcher_1.6.400.v20210924-0641.jar -configuration /home/hz223/.vscode-server/data/User/globalStorage/redhat.java/1.4.0/config_linux -data /home/hz223/.vscode-server/data/User/workspaceStorage/f1cd41904d7e98d7f4937dac509da9df/redhat.java/jdt_ws

Host: Intel(R) Xeon(R) Gold 6226R CPU @ 2.90GHz, 2 cores, 3G, Ubuntu 20.04.4 LTS
Time: Wed Apr 13 12:33:36 2022 EDT elapsed time: 363.321391 seconds (0d 0h 6m 3s)

---------------  T H R E A D  ---------------

Current thread (0x00007fcc685154c0):  JavaThread "Java indexing" daemon [_thread_in_vm, id=472684, stack(0x00007fcc675fe000,0x00007fcc676ff000)]

Stack: [0x00007fcc675fe000,0x00007fcc676ff000],  sp=0x00007fcc676fcc20,  free space=1019k
Native frames: (J=compiled Java code, j=interpreted, Vv=VM code, C=native code)
V  [libjvm.so+0xf81ea1]  VMError::report_and_die(int, char const*, char const*, __va_list_tag*, Thread*, unsigned char*, void*, void*, char const*, int, unsigned long)+0x1a1
V  [libjvm.so+0xf82b2b]  VMError::report_and_die(Thread*, char const*, int, unsigned long, VMErrorType, char const*, __va_list_tag*)+0x2b
V  [libjvm.so+0x61d6ad]  report_vm_out_of_memory(char const*, int, unsigned long, VMErrorType, char const*, ...)+0xcd
V  [libjvm.so+0xc3dc72]  os::pd_commit_memory(char*, unsigned long, unsigned long, bool)+0x102
V  [libjvm.so+0xc36f8f]  os::commit_memory(char*, unsigned long, unsigned long, bool)+0x1f
V  [libjvm.so+0xcbfad6]  PSVirtualSpace::expand_by(unsigned long)+0x56
V  [libjvm.so+0xcadd4c]  PSOldGen::expand_by(unsigned long)+0x1c
V  [libjvm.so+0xcae268]  PSOldGen::expand(unsigned long)+0x1c8
V  [libjvm.so+0xcae39d]  PSOldGen::expand_for_allocate(unsigned long)+0x4d
V  [libjvm.so+0xc636a3]  ParallelScavengeHeap::mem_allocate(unsigned long, bool*)+0x1d3
V  [libjvm.so+0xb87474]  MemAllocator::allocate() const+0x84
V  [libjvm.so+0x3d7763]  ArrayKlass::allocate_arrayArray(int, int, JavaThread*)+0x133
V  [libjvm.so+0xcf00e1]  OptoRuntime::new_array_C(Klass*, int, JavaThread*)+0x131

Java frames: (J=compiled Java code, j=interpreted, Vv=VM code)
v  ~RuntimeStub::_new_array_Java
J 14937 c2 org.eclipse.jdt.internal.core.index.DiskIndex.readCategoryTable([CZ)Lorg/eclipse/jdt/internal/compiler/util/HashtableOfObject; (620 bytes) @ 0x00007fccbe3ef624 [0x00007fccbe3ec7c0+0x0000000000002e64]
J 15260 c2 org.eclipse.jdt.internal.core.index.DiskIndex.mergeCategory([CLorg/eclipse/jdt/internal/core/index/DiskIndex;[ILjava/io/FileOutputStream;)V (301 bytes) @ 0x00007fccbe2d7a80 [0x00007fccbe2d79e0+0x00000000000000a0]
j  org.eclipse.jdt.internal.core.index.DiskIndex.mergeCategories(Lorg/eclipse/jdt/internal/core/index/DiskIndex;[ILjava/io/FileOutputStream;)V+102
J 9251 c1 org.eclipse.jdt.internal.core.index.DiskIndex.mergeWith(Lorg/eclipse/jdt/internal/core/index/MemoryIndex;)Lorg/eclipse/jdt/internal/core/index/DiskIndex; (599 bytes) @ 0x00007fccb79fa364 [0x00007fccb79f8e00+0x0000000000001564]
j  org.eclipse.jdt.internal.core.index.Index.save()Z+40
j  org.eclipse.jdt.internal.core.search.indexing.IndexManager.saveIndex(Lorg/eclipse/jdt/internal/core/index/Index;)V+47
j  org.eclipse.jdt.internal.core.search.indexing.IndexManager.saveIndexes()V+131
j  org.eclipse.jdt.internal.core.search.indexing.IndexManager.notifyIdle(J)V+16
j  org.eclipse.jdt.internal.core.search.processing.JobManager.run()V+116
j  java.lang.Thread.run()V+11 java.base@17.0.2
v  ~StubRoutines::call_stub

---------------  P R O C E S S  ---------------

Threads class SMR info:
_java_thread_list=0x00007fccc85b2590, length=36, elements={
0x00007fccc8024750, 0x00007fccc811d390, 0x00007fccc811e900, 0x00007fccc8146470,
0x00007fccc8149d80, 0x00007fccc814acd0, 0x00007fccc814c320, 0x00007fccc814d7d0,
0x00007fccc814ec10, 0x00007fccc81b3f10, 0x00007fccc820fd70, 0x00007fccc846aed0,
0x00007fccc84bc5c0, 0x00007fccc84bf2f0, 0x00007fcc680309f0, 0x00007fcc68266bd0,
0x00007fcc685154c0, 0x00007fccc851f4b0, 0x00007fccc859e290, 0x00007fcc80001f80,
0x00007fcc84205dd0, 0x00007fcc900d5c70, 0x00007fcc900dc430, 0x00007fcc90161e50,
0x00007fcc90164120, 0x00007fcc90188f60, 0x00007fcc8033c360, 0x00007fcc8c053f70,
0x00007fcc6c009620, 0x00007fcc740ea150, 0x00007fcc7410d3c0, 0x00007fcc9018db90,
0x00007fcc7004c240, 0x00007fcc7c009900, 0x00007fcc88002fe0, 0x00007fccc83e8eb0
}

Java Threads: ( => current thread )
  0x00007fccc8024750 JavaThread "main" [_thread_blocked, id=472620, stack(0x00007fccccd92000,0x00007fcccce93000)]
  0x00007fccc811d390 JavaThread "Reference Handler" daemon [_thread_blocked, id=472625, stack(0x00007fccb404a000,0x00007fccb414b000)]
  0x00007fccc811e900 JavaThread "Finalizer" daemon [_thread_blocked, id=472626, stack(0x00007fcc9eeff000,0x00007fcc9f000000)]
  0x00007fccc8146470 JavaThread "Signal Dispatcher" daemon [_thread_blocked, id=472627, stack(0x00007fcc9edfe000,0x00007fcc9eeff000)]
  0x00007fccc8149d80 JavaThread "Service Thread" daemon [_thread_blocked, id=472628, stack(0x00007fcc9ecfd000,0x00007fcc9edfe000)]
  0x00007fccc814acd0 JavaThread "Monitor Deflation Thread" daemon [_thread_blocked, id=472629, stack(0x00007fcc9dd8f000,0x00007fcc9de90000)]
  0x00007fccc814c320 JavaThread "C2 CompilerThread0" daemon [_thread_blocked, id=472630, stack(0x00007fcc9dc8e000,0x00007fcc9dd8f000)]
  0x00007fccc814d7d0 JavaThread "C1 CompilerThread0" daemon [_thread_blocked, id=472631, stack(0x00007fcc9db8d000,0x00007fcc9dc8e000)]
  0x00007fccc814ec10 JavaThread "Sweeper thread" daemon [_thread_blocked, id=472632, stack(0x00007fcc9da8c000,0x00007fcc9db8d000)]
  0x00007fccc81b3f10 JavaThread "Common-Cleaner" daemon [_thread_blocked, id=472637, stack(0x00007fcc9d98b000,0x00007fcc9da8c000)]
  0x00007fccc820fd70 JavaThread "Notification Thread" daemon [_thread_blocked, id=472644, stack(0x00007fcc9d88a000,0x00007fcc9d98b000)]
  0x00007fccc846aed0 JavaThread "Active Thread: Equinox Container: 732a1082-0ce5-45c8-8856-ae715a5cb248" [_thread_blocked, id=472671, stack(0x00007fcc9d25e000,0x00007fcc9d35f000)]
  0x00007fccc84bc5c0 JavaThread "Framework Event Dispatcher: Equinox Container: 732a1082-0ce5-45c8-8856-ae715a5cb248" daemon [_thread_blocked, id=472672, stack(0x00007fcc9d15d000,0x00007fcc9d25e000)]
  0x00007fccc84bf2f0 JavaThread "Start Level: Equinox Container: 732a1082-0ce5-45c8-8856-ae715a5cb248" daemon [_thread_blocked, id=472673, stack(0x00007fcc9d05c000,0x00007fcc9d15d000)]
  0x00007fcc680309f0 JavaThread "SCR Component Actor" daemon [_thread_blocked, id=472675, stack(0x00007fcc9c3ec000,0x00007fcc9c4ed000)]
  0x00007fcc68266bd0 JavaThread "Worker-JM" [_thread_blocked, id=472681, stack(0x00007fcc9c1ea000,0x00007fcc9c2eb000)]
=>0x00007fcc685154c0 JavaThread "Java indexing" daemon [_thread_in_vm, id=472684, stack(0x00007fcc675fe000,0x00007fcc676ff000)]
  0x00007fccc851f4b0 JavaThread "pool-3-thread-1" [_thread_blocked, id=472687, stack(0x00007fcc672ee000,0x00007fcc673ef000)]
  0x00007fccc859e290 JavaThread "pool-2-thread-1" [_thread_blocked, id=472688, stack(0x00007fcc671ed000,0x00007fcc672ee000)]
  0x00007fcc80001f80 JavaThread "Worker-2" [_thread_blocked, id=472689, stack(0x00007fcc670ec000,0x00007fcc671ed000)]
  0x00007fcc84205dd0 JavaThread "Worker-3" [_thread_blocked, id=472690, stack(0x00007fcc65eff000,0x00007fcc66000000)]
  0x00007fcc900d5c70 JavaThread "Timer-1" [_thread_blocked, id=472714, stack(0x00007fcc5cea9000,0x00007fcc5cfaa000)]
  0x00007fcc900dc430 JavaThread "Timer-2" [_thread_blocked, id=472719, stack(0x00007fcc9c2eb000,0x00007fcc9c3ec000)]
  0x00007fcc90161e50 JavaThread "Timer-3" [_thread_blocked, id=472812, stack(0x00007fcc5cda8000,0x00007fcc5cea9000)]
  0x00007fcc90164120 JavaThread "Timer-4" [_thread_blocked, id=472815, stack(0x00007fcc5b69d000,0x00007fcc5b79e000)]
  0x00007fcc90188f60 JavaThread "Timer-5" [_thread_blocked, id=472817, stack(0x00007fcc5bbeb000,0x00007fcc5bcec000)]
  0x00007fcc8033c360 JavaThread "Bundle File Closer" daemon [_thread_blocked, id=472898, stack(0x00007fcc5b8e7000,0x00007fcc5b9e8000)]
  0x00007fcc8c053f70 JavaThread "ForkJoinPool.commonPool-worker-1" daemon [_thread_blocked, id=472948, stack(0x00007fcc5b59c000,0x00007fcc5b69d000)]
  0x00007fcc6c009620 JavaThread "Java Debug Server" [_thread_in_native, id=473088, stack(0x00007fcc5a0fd000,0x00007fcc5a1fe000)]
  0x00007fcc740ea150 JavaThread "RxSchedulerPurge-1" daemon [_thread_blocked, id=473091, stack(0x00007fcc5a2ff000,0x00007fcc5a400000)]
  0x00007fcc7410d3c0 JavaThread "RxCachedWorkerPoolEvictor-1" daemon [_thread_blocked, id=473092, stack(0x00007fcc5b49b000,0x00007fcc5b59c000)]
  0x00007fcc9018db90 JavaThread "Worker-6" [_thread_blocked, id=474848, stack(0x00007fcc5cfaa000,0x00007fcc5d0ab000)]
  0x00007fcc7004c240 JavaThread "Worker-7" [_thread_blocked, id=474849, stack(0x00007fcc592fb000,0x00007fcc593fc000)]
  0x00007fcc7c009900 JavaThread "Worker-8" [_thread_blocked, id=474850, stack(0x00007fcc57dfe000,0x00007fcc57eff000)]
  0x00007fcc88002fe0 JavaThread "process reaper" daemon [_thread_blocked, id=475520, stack(0x00007fcccc063000,0x00007fcccc085000)]
  0x00007fccc83e8eb0 JavaThread "Framework stop - Equinox Container: 732a1082-0ce5-45c8-8856-ae715a5cb248" [_thread_blocked, id=475521, stack(0x00007fcc5d0ab000,0x00007fcc5d1ac000)]

Other Threads:
  0x00007fccc810d3c0 VMThread "VM Thread" [stack: 0x00007fccb414d000,0x00007fccb424d000] [id=472623]
  0x00007fccc806ef20 WatcherThread [stack: 0x00007fcc9d78a000,0x00007fcc9d88a000] [id=472645]
  0x00007fccc803b960 GCTaskThread "GC Thread#0" [stack: 0x00007fcccc64f000,0x00007fcccc74f000] [id=472621]
  0x00007fcc980010d0 GCTaskThread "GC Thread#1" [stack: 0x00007fcc9c4ef000,0x00007fcc9c5ef000] [id=472674]

Threads with active compile tasks:

VM state: not at safepoint (normal execution)

VM Mutex/Monitor currently owned by a thread:  ([mutex/lock_event])
[0x00007fccc8020c00] ExpandHeap_lock - owner thread: 0x00007fcc685154c0
[0x00007fccc8021ab0] Heap_lock - owner thread: 0x00007fcc685154c0

Heap address: 0x0000000600000000, size: 8192 MB, Compressed Oops mode: Zero based, Oop shift amount: 3

CDS archive(s) not mapped
Compressed class space mapped at: 0x0000000800000000-0x0000000840000000, reserved size: 1073741824
Narrow klass base: 0x0000000800000000, Narrow klass shift: 0, Narrow klass range: 0x40000000

GC Precious Log:
 CPUs: 2 total, 2 available
 Memory: 3707M
 Large Page Support: Disabled
 NUMA Support: Disabled
 Compressed Oops: Enabled (Zero based)
 Alignments: Space 512K, Generation 512K, Heap 2M
 Heap Min Capacity: 100M
 Heap Initial Capacity: 100M
 Heap Max Capacity: 8G
 Pre-touch: Disabled
 Parallel Workers: 2

Heap:
 PSYoungGen      total 5632K, used 1697K [0x0000000755580000, 0x0000000755f00000, 0x0000000800000000)
  eden space 5120K, 31% used [0x0000000755580000,0x0000000755718798,0x0000000755a80000)
  from space 512K, 12% used [0x0000000755e00000,0x0000000755e10000,0x0000000755e80000)
  to   space 512K, 0% used [0x0000000755e80000,0x0000000755e80000,0x0000000755f00000)
 ParOldGen       total 397312K, used 389636K [0x0000000600000000, 0x0000000618400000, 0x0000000755580000)
  object space 397312K, 98% used [0x0000000600000000,0x0000000617c81110,0x0000000618400000)
 Metaspace       used 93807K, committed 94976K, reserved 1138688K
  class space    used 10707K, committed 11264K, reserved 1048576K

Card table byte_map: [0x00007fccb53ff000,0x00007fccb6400000] _byte_map_base: 0x00007fccb23ff000

Marking Bits: (ParMarkBitMap*) 0x00007fccce5ef4a0
 Begin Bits: [0x00007fcca0000000, 0x00007fcca8000000)
 End Bits:   [0x00007fcca8000000, 0x00007fccb0000000)

Polling page: 0x00007fcccea68000

Metaspace:

Usage:
  Non-class:     81.15 MB used.
      Class:     10.46 MB used.
       Both:     91.61 MB used.

Virtual space:
  Non-class space:       88.00 MB reserved,      81.75 MB ( 93%) committed,  11 nodes.
      Class space:        1.00 GB reserved,      11.00 MB (  1%) committed,  1 nodes.
             Both:        1.09 GB reserved,      92.75 MB (  8%) committed. 

Chunk freelists:
   Non-Class:  2.07 MB
       Class:  991.00 KB
        Both:  3.04 MB

MaxMetaspaceSize: unlimited
CompressedClassSpaceSize: 1.00 GB
Initial GC threshold: 21.00 MB
Current GC threshold: 150.31 MB
CDS: off
MetaspaceReclaimPolicy: balanced
 - commit_granule_bytes: 65536.
 - commit_granule_words: 8192.
 - virtual_space_node_default_size: 1048576.
 - enlarge_chunks_in_place: 1.
 - new_chunks_are_fully_committed: 0.
 - uncommit_free_chunks: 1.
 - use_allocation_guard: 0.
 - handle_deallocations: 1.


Internal statistics:

num_allocs_failed_limit: 6.
num_arena_births: 808.
num_arena_deaths: 0.
num_vsnodes_births: 12.
num_vsnodes_deaths: 0.
num_space_committed: 1484.
num_space_uncommitted: 0.
num_chunks_returned_to_freelist: 6.
num_chunks_taken_from_freelist: 4376.
num_chunk_merges: 6.
num_chunk_splits: 2890.
num_chunks_enlarged: 1857.
num_purges: 0.
num_inconsistent_stats: 0.

CodeHeap 'non-profiled nmethods': size=120036Kb used=8528Kb max_used=8528Kb free=111507Kb
 bounds [0x00007fccbdec7000, 0x00007fccbe727000, 0x00007fccc5400000]
CodeHeap 'profiled nmethods': size=120032Kb used=29077Kb max_used=29077Kb free=90954Kb
 bounds [0x00007fccb698f000, 0x00007fccb85ff000, 0x00007fccbdec7000]
CodeHeap 'non-nmethods': size=5692Kb used=1432Kb max_used=1481Kb free=4259Kb
 bounds [0x00007fccb6400000, 0x00007fccb6670000, 0x00007fccb698f000]
 total_blobs=13969 nmethods=13176 adapters=706
 compilation: enabled
              stopped_count=0, restarted_count=0
 full_count=0

Compilation events (20 events):
Event: 363.293 Thread 0x00007fccc814d7d0 17636   !   3       org.eclipse.osgi.internal.framework.BundleContextImpl::dispatchEvent (558 bytes)
Event: 363.294 Thread 0x00007fccc814c320 nmethod 17633 0x00007fccbe719b90 code [0x00007fccbe719da0, 0x00007fccbe71a2d0]
Event: 363.294 Thread 0x00007fccc814c320 17634       4       org.eclipse.osgi.internal.framework.BundleContextImpl::setContextFinder (56 bytes)
Event: 363.296 Thread 0x00007fccc814c320 nmethod 17634 0x00007fccbe71a810 code [0x00007fccbe71a9a0, 0x00007fccbe71ac58]
Event: 363.300 Thread 0x00007fccc814d7d0 nmethod 17636 0x00007fccb85dd890 code [0x00007fccb85de200, 0x00007fccb85e3570]
Event: 363.300 Thread 0x00007fccc814d7d0 17638   !   3       org.eclipse.osgi.internal.log.ExtendedLogReaderServiceFactory::isLoggablePrivileged (147 bytes)
Event: 363.301 Thread 0x00007fccc814d7d0 nmethod 17638 0x00007fccb85e6090 code [0x00007fccb85e6360, 0x00007fccb85e6f60]
Event: 363.301 Thread 0x00007fccc814d7d0 17637       3       org.eclipse.osgi.internal.log.ExtendedLogReaderServiceFactory::isLoggable (35 bytes)
Event: 363.301 Thread 0x00007fccc814d7d0 nmethod 17637 0x00007fccb85e7510 code [0x00007fccb85e7740, 0x00007fccb85e7e30]
Event: 363.308 Thread 0x00007fccc814d7d0 17640   !   3       org.eclipse.osgi.framework.eventmgr.ListenerQueue::dispatchEventSynchronous (81 bytes)
Event: 363.308 Thread 0x00007fccc814d7d0 nmethod 17640 0x00007fccb85e8090 code [0x00007fccb85e82e0, 0x00007fccb85e8dc0]
Event: 363.312 Thread 0x00007fccc814d7d0 17641   !   3       org.eclipse.osgi.internal.loader.SystemBundleLoader::findLocalClass (12 bytes)
Event: 363.312 Thread 0x00007fccc814d7d0 nmethod 17641 0x00007fccb85e9090 code [0x00007fccb85e9240, 0x00007fccb85e9460]
Event: 363.314 Thread 0x00007fccc814d7d0 17642   !   3       org.eclipse.osgi.internal.framework.EquinoxEventPublisher::publishBundleEventPrivileged (651 bytes)
Event: 363.317 Thread 0x00007fccc814d7d0 nmethod 17642 0x00007fccb85e9590 code [0x00007fccb85e9de0, 0x00007fccb85efef0]
Event: 363.317 Thread 0x00007fccc814d7d0 17643       3       org.eclipse.core.runtime.jobs.Job::cancel (5 bytes)
Event: 363.318 Thread 0x00007fccc814d7d0 nmethod 17643 0x00007fccb85f2110 code [0x00007fccb85f22c0, 0x00007fccb85f2460]
Event: 363.318 Thread 0x00007fccc814d7d0 17644       3       org.eclipse.core.internal.jobs.InternalJob::cancel (8 bytes)
Event: 363.318 Thread 0x00007fccc814d7d0 nmethod 17644 0x00007fccb7f53910 code [0x00007fccb7f53ac0, 0x00007fccb7f53c00]
Event: 363.318 Thread 0x00007fccc814d7d0 17645       3       java.util.ServiceLoader$ModuleServicesLookupIterator::iteratorFor (191 bytes)

GC Heap History (20 events):
Event: 298.746 GC heap before
{Heap before GC invocations=230 (full 9):
 PSYoungGen      total 8192K, used 4032K [0x0000000755580000, 0x0000000756300000, 0x0000000800000000)
  eden space 2560K, 99% used [0x0000000755580000,0x00000007557ffff0,0x0000000755800000)
  from space 5632K, 26% used [0x0000000755a80000,0x0000000755bf0010,0x0000000756000000)
  to   space 2560K, 0% used [0x0000000756080000,0x0000000756080000,0x0000000756300000)
 ParOldGen       total 397312K, used 381662K [0x0000000600000000, 0x0000000618400000, 0x0000000755580000)
  object space 397312K, 96% used [0x0000000600000000,0x00000006174b7bf0,0x0000000618400000)
 Metaspace       used 93506K, committed 94720K, reserved 1138688K
  class space    used 10675K, committed 11264K, reserved 1048576K
}
Event: 298.751 GC heap after
{Heap after GC invocations=230 (full 9):
 PSYoungGen      total 3584K, used 400K [0x0000000755580000, 0x0000000756100000, 0x0000000800000000)
  eden space 3072K, 0% used [0x0000000755580000,0x0000000755580000,0x0000000755880000)
  from space 512K, 78% used [0x0000000756080000,0x00000007560e4010,0x0000000756100000)
  to   space 1024K, 0% used [0x0000000755f00000,0x0000000755f00000,0x0000000756000000)
 ParOldGen       total 397312K, used 382931K [0x0000000600000000, 0x0000000618400000, 0x0000000755580000)
  object space 397312K, 96% used [0x0000000600000000,0x00000006175f4c00,0x0000000618400000)
 Metaspace       used 93506K, committed 94720K, reserved 1138688K
  class space    used 10675K, committed 11264K, reserved 1048576K
}
Event: 298.768 GC heap before
{Heap before GC invocations=231 (full 9):
 PSYoungGen      total 3584K, used 3472K [0x0000000755580000, 0x0000000756100000, 0x0000000800000000)
  eden space 3072K, 100% used [0x0000000755580000,0x0000000755880000,0x0000000755880000)
  from space 512K, 78% used [0x0000000756080000,0x00000007560e4010,0x0000000756100000)
  to   space 1024K, 0% used [0x0000000755f00000,0x0000000755f00000,0x0000000756000000)
 ParOldGen       total 397312K, used 382931K [0x0000000600000000, 0x0000000618400000, 0x0000000755580000)
  object space 397312K, 96% used [0x0000000600000000,0x00000006175f4c00,0x0000000618400000)
 Metaspace       used 93507K, committed 94720K, reserved 1138688K
  class space    used 10675K, committed 11264K, reserved 1048576K
}
Event: 298.775 GC heap after
{Heap after GC invocations=231 (full 9):
 PSYoungGen      total 5120K, used 368K [0x0000000755580000, 0x0000000756100000, 0x0000000800000000)
  eden space 4096K, 0% used [0x0000000755580000,0x0000000755580000,0x0000000755980000)
  from space 1024K, 35% used [0x0000000755f00000,0x0000000755f5c010,0x0000000756000000)
  to   space 512K, 0% used [0x0000000756080000,0x0000000756080000,0x0000000756100000)
 ParOldGen       total 397312K, used 383003K [0x0000000600000000, 0x0000000618400000, 0x0000000755580000)
  object space 397312K, 96% used [0x0000000600000000,0x0000000617606c00,0x0000000618400000)
 Metaspace       used 93507K, committed 94720K, reserved 1138688K
  class space    used 10675K, committed 11264K, reserved 1048576K
}
Event: 303.985 GC heap before
{Heap before GC invocations=232 (full 9):
 PSYoungGen      total 5120K, used 4464K [0x0000000755580000, 0x0000000756100000, 0x0000000800000000)
  eden space 4096K, 99% used [0x0000000755580000,0x000000075597fff0,0x0000000755980000)
  from space 1024K, 35% used [0x0000000755f00000,0x0000000755f5c010,0x0000000756000000)
  to   space 512K, 0% used [0x0000000756080000,0x0000000756080000,0x0000000756100000)
 ParOldGen       total 397312K, used 383003K [0x0000000600000000, 0x0000000618400000, 0x0000000755580000)
  object space 397312K, 96% used [0x0000000600000000,0x0000000617606c00,0x0000000618400000)
 Metaspace       used 93531K, committed 94784K, reserved 1138688K
  class space    used 10678K, committed 11264K, reserved 1048576K
}
Event: 303.989 GC heap after
{Heap after GC invocations=232 (full 9):
 PSYoungGen      total 5632K, used 64K [0x0000000755580000, 0x0000000756100000, 0x0000000800000000)
  eden space 5120K, 0% used [0x0000000755580000,0x0000000755580000,0x0000000755a80000)
  from space 512K, 12% used [0x0000000756080000,0x0000000756090000,0x0000000756100000)
  to   space 512K, 0% used [0x0000000756000000,0x0000000756000000,0x0000000756080000)
 ParOldGen       total 397312K, used 383075K [0x0000000600000000, 0x0000000618400000, 0x0000000755580000)
  object space 397312K, 96% used [0x0000000600000000,0x0000000617618c00,0x0000000618400000)
 Metaspace       used 93531K, committed 94784K, reserved 1138688K
  class space    used 10678K, committed 11264K, reserved 1048576K
}
Event: 304.155 GC heap before
{Heap before GC invocations=233 (full 9):
 PSYoungGen      total 5632K, used 5183K [0x0000000755580000, 0x0000000756100000, 0x0000000800000000)
  eden space 5120K, 99% used [0x0000000755580000,0x0000000755a7ffc8,0x0000000755a80000)
  from space 512K, 12% used [0x0000000756080000,0x0000000756090000,0x0000000756100000)
  to   space 512K, 0% used [0x0000000756000000,0x0000000756000000,0x0000000756080000)
 ParOldGen       total 397312K, used 383075K [0x0000000600000000, 0x0000000618400000, 0x0000000755580000)
  object space 397312K, 96% used [0x0000000600000000,0x0000000617618c00,0x0000000618400000)
 Metaspace       used 93536K, committed 94784K, reserved 1138688K
  class space    used 10679K, committed 11264K, reserved 1048576K
}
Event: 304.158 GC heap after
{Heap after GC invocations=233 (full 9):
 PSYoungGen      total 6656K, used 96K [0x0000000755580000, 0x0000000756100000, 0x0000000800000000)
  eden space 6144K, 0% used [0x0000000755580000,0x0000000755580000,0x0000000755b80000)
  from space 512K, 18% used [0x0000000756000000,0x0000000756018000,0x0000000756080000)
  to   space 512K, 0% used [0x0000000756080000,0x0000000756080000,0x0000000756100000)
 ParOldGen       total 397312K, used 383091K [0x0000000600000000, 0x0000000618400000, 0x0000000755580000)
  object space 397312K, 96% used [0x0000000600000000,0x000000061761cc00,0x0000000618400000)
 Metaspace       used 93536K, committed 94784K, reserved 1138688K
  class space    used 10679K, committed 11264K, reserved 1048576K
}
Event: 307.949 GC heap before
{Heap before GC invocations=234 (full 9):
 PSYoungGen      total 6656K, used 6240K [0x0000000755580000, 0x0000000756100000, 0x0000000800000000)
  eden space 6144K, 100% used [0x0000000755580000,0x0000000755b80000,0x0000000755b80000)
  from space 512K, 18% used [0x0000000756000000,0x0000000756018000,0x0000000756080000)
  to   space 512K, 0% used [0x0000000756080000,0x0000000756080000,0x0000000756100000)
 ParOldGen       total 397312K, used 383091K [0x0000000600000000, 0x0000000618400000, 0x0000000755580000)
  object space 397312K, 96% used [0x0000000600000000,0x000000061761cc00,0x0000000618400000)
 Metaspace       used 93546K, committed 94784K, reserved 1138688K
  class space    used 10680K, committed 11264K, reserved 1048576K
}
Event: 307.953 GC heap after
{Heap after GC invocations=234 (full 9):
 PSYoungGen      total 6656K, used 512K [0x0000000755580000, 0x0000000756100000, 0x0000000800000000)
  eden space 6144K, 0% used [0x0000000755580000,0x0000000755580000,0x0000000755b80000)
  from space 512K, 100% used [0x0000000756080000,0x0000000756100000,0x0000000756100000)
  to   space 1024K, 0% used [0x0000000755f00000,0x0000000755f00000,0x0000000756000000)
 ParOldGen       total 397312K, used 383227K [0x0000000600000000, 0x0000000618400000, 0x0000000755580000)
  object space 397312K, 96% used [0x0000000600000000,0x000000061763ec00,0x0000000618400000)
 Metaspace       used 93546K, committed 94784K, reserved 1138688K
  class space    used 10680K, committed 11264K, reserved 1048576K
}
Event: 315.200 GC heap before
{Heap before GC invocations=235 (full 9):
 PSYoungGen      total 6656K, used 6649K [0x0000000755580000, 0x0000000756100000, 0x0000000800000000)
  eden space 6144K, 99% used [0x0000000755580000,0x0000000755b7e4c0,0x0000000755b80000)
  from space 512K, 100% used [0x0000000756080000,0x0000000756100000,0x0000000756100000)
  to   space 1024K, 0% used [0x0000000755f00000,0x0000000755f00000,0x0000000756000000)
 ParOldGen       total 397312K, used 383227K [0x0000000600000000, 0x0000000618400000, 0x0000000755580000)
  object space 397312K, 96% used [0x0000000600000000,0x000000061763ec00,0x0000000618400000)
 Metaspace       used 93548K, committed 94784K, reserved 1138688K
  class space    used 10680K, committed 11264K, reserved 1048576K
}
Event: 315.210 GC heap after
{Heap after GC invocations=235 (full 9):
 PSYoungGen      total 7168K, used 128K [0x0000000755580000, 0x0000000756100000, 0x0000000800000000)
  eden space 6144K, 0% used [0x0000000755580000,0x0000000755580000,0x0000000755b80000)
  from space 1024K, 12% used [0x0000000755f00000,0x0000000755f20000,0x0000000756000000)
  to   space 512K, 0% used [0x0000000756080000,0x0000000756080000,0x0000000756100000)
 ParOldGen       total 397312K, used 383685K [0x0000000600000000, 0x0000000618400000, 0x0000000755580000)
  object space 397312K, 96% used [0x0000000600000000,0x00000006176b1520,0x0000000618400000)
 Metaspace       used 93548K, committed 94784K, reserved 1138688K
  class space    used 10680K, committed 11264K, reserved 1048576K
}
Event: 315.226 GC heap before
{Heap before GC invocations=236 (full 9):
 PSYoungGen      total 7168K, used 6272K [0x0000000755580000, 0x0000000756100000, 0x0000000800000000)
  eden space 6144K, 100% used [0x0000000755580000,0x0000000755b80000,0x0000000755b80000)
  from space 1024K, 12% used [0x0000000755f00000,0x0000000755f20000,0x0000000756000000)
  to   space 512K, 0% used [0x0000000756080000,0x0000000756080000,0x0000000756100000)
 ParOldGen       total 397312K, used 383685K [0x0000000600000000, 0x0000000618400000, 0x0000000755580000)
  object space 397312K, 96% used [0x0000000600000000,0x00000006176b1520,0x0000000618400000)
 Metaspace       used 93548K, committed 94784K, reserved 1138688K
  class space    used 10680K, committed 11264K, reserved 1048576K
}
Event: 315.236 GC heap after
{Heap after GC invocations=236 (full 9):
 PSYoungGen      total 4608K, used 483K [0x0000000755580000, 0x0000000756a80000, 0x0000000800000000)
  eden space 4096K, 0% used [0x0000000755580000,0x0000000755580000,0x0000000755980000)
  from space 512K, 94% used [0x0000000756080000,0x00000007560f8df0,0x0000000756100000)
  to   space 7168K, 0% used [0x0000000755980000,0x0000000755980000,0x0000000756080000)
 ParOldGen       total 397312K, used 389216K [0x0000000600000000, 0x0000000618400000, 0x0000000755580000)
  object space 397312K, 97% used [0x0000000600000000,0x0000000617c18310,0x0000000618400000)
 Metaspace       used 93548K, committed 94784K, reserved 1138688K
  class space    used 10680K, committed 11264K, reserved 1048576K
}
Event: 315.913 GC heap before
{Heap before GC invocations=237 (full 9):
 PSYoungGen      total 4608K, used 4579K [0x0000000755580000, 0x0000000756a80000, 0x0000000800000000)
  eden space 4096K, 100% used [0x0000000755580000,0x0000000755980000,0x0000000755980000)
  from space 512K, 94% used [0x0000000756080000,0x00000007560f8df0,0x0000000756100000)
  to   space 7168K, 0% used [0x0000000755980000,0x0000000755980000,0x0000000756080000)
 ParOldGen       total 397312K, used 389216K [0x0000000600000000, 0x0000000618400000, 0x0000000755580000)
  object space 397312K, 97% used [0x0000000600000000,0x0000000617c18310,0x0000000618400000)
 Metaspace       used 93549K, committed 94784K, reserved 1138688K
  class space    used 10680K, committed 11264K, reserved 1048576K
}
Event: 315.917 GC heap after
{Heap after GC invocations=237 (full 9):
 PSYoungGen      total 4608K, used 96K [0x0000000755580000, 0x0000000756100000, 0x0000000800000000)
  eden space 4096K, 0% used [0x0000000755580000,0x0000000755580000,0x0000000755980000)
  from space 512K, 18% used [0x0000000755980000,0x0000000755998000,0x0000000755a00000)
  to   space 2560K, 0% used [0x0000000755e80000,0x0000000755e80000,0x0000000756100000)
 ParOldGen       total 397312K, used 389596K [0x0000000600000000, 0x0000000618400000, 0x0000000755580000)
  object space 397312K, 98% used [0x0000000600000000,0x0000000617c77100,0x0000000618400000)
 Metaspace       used 93549K, committed 94784K, reserved 1138688K
  class space    used 10680K, committed 11264K, reserved 1048576K
}
Event: 315.932 GC heap before
{Heap before GC invocations=238 (full 9):
 PSYoungGen      total 4608K, used 4191K [0x0000000755580000, 0x0000000756100000, 0x0000000800000000)
  eden space 4096K, 99% used [0x0000000755580000,0x000000075597fff8,0x0000000755980000)
  from space 512K, 18% used [0x0000000755980000,0x0000000755998000,0x0000000755a00000)
  to   space 2560K, 0% used [0x0000000755e80000,0x0000000755e80000,0x0000000756100000)
 ParOldGen       total 397312K, used 389596K [0x0000000600000000, 0x0000000618400000, 0x0000000755580000)
  object space 397312K, 98% used [0x0000000600000000,0x0000000617c77100,0x0000000618400000)
 Metaspace       used 93553K, committed 94784K, reserved 1138688K
  class space    used 10680K, committed 11264K, reserved 1048576K
}
Event: 315.935 GC heap after
{Heap after GC invocations=238 (full 9):
 PSYoungGen      total 5632K, used 64K [0x0000000755580000, 0x0000000755f00000, 0x0000000800000000)
  eden space 5120K, 0% used [0x0000000755580000,0x0000000755580000,0x0000000755a80000)
  from space 512K, 12% used [0x0000000755e80000,0x0000000755e90000,0x0000000755f00000)
  to   space 512K, 0% used [0x0000000755e00000,0x0000000755e00000,0x0000000755e80000)
 ParOldGen       total 397312K, used 389628K [0x0000000600000000, 0x0000000618400000, 0x0000000755580000)
  object space 397312K, 98% used [0x0000000600000000,0x0000000617c7f110,0x0000000618400000)
 Metaspace       used 93553K, committed 94784K, reserved 1138688K
  class space    used 10680K, committed 11264K, reserved 1048576K
}
Event: 317.383 GC heap before
{Heap before GC invocations=239 (full 9):
 PSYoungGen      total 5632K, used 5183K [0x0000000755580000, 0x0000000755f00000, 0x0000000800000000)
  eden space 5120K, 99% used [0x0000000755580000,0x0000000755a7fd60,0x0000000755a80000)
  from space 512K, 12% used [0x0000000755e80000,0x0000000755e90000,0x0000000755f00000)
  to   space 512K, 0% used [0x0000000755e00000,0x0000000755e00000,0x0000000755e80000)
 ParOldGen       total 397312K, used 389628K [0x0000000600000000, 0x0000000618400000, 0x0000000755580000)
  object space 397312K, 98% used [0x0000000600000000,0x0000000617c7f110,0x0000000618400000)
 Metaspace       used 93605K, committed 94784K, reserved 1138688K
  class space    used 10682K, committed 11264K, reserved 1048576K
}
Event: 317.387 GC heap after
{Heap after GC invocations=239 (full 9):
 PSYoungGen      total 5632K, used 64K [0x0000000755580000, 0x0000000755f00000, 0x0000000800000000)
  eden space 5120K, 0% used [0x0000000755580000,0x0000000755580000,0x0000000755a80000)
  from space 512K, 12% used [0x0000000755e00000,0x0000000755e10000,0x0000000755e80000)
  to   space 512K, 0% used [0x0000000755e80000,0x0000000755e80000,0x0000000755f00000)
 ParOldGen       total 397312K, used 389636K [0x0000000600000000, 0x0000000618400000, 0x0000000755580000)
  object space 397312K, 98% used [0x0000000600000000,0x0000000617c81110,0x0000000618400000)
 Metaspace       used 93605K, committed 94784K, reserved 1138688K
  class space    used 10682K, committed 11264K, reserved 1048576K
}

Deoptimization events (20 events):
Event: 317.352 Thread 0x00007fcc781c6b60 Uncommon trap: trap_request=0xffffff45 fr.pc=0x00007fccbe5ef16c relative=0x000000000000092c
Event: 317.352 Thread 0x00007fcc781c6b60 Uncommon trap: reason=unstable_if action=reinterpret pc=0x00007fccbe5ef16c method=java.util.stream.AbstractPipeline.evaluateToArrayNode(Ljava/util/function/IntFunction;)Ljava/util/stream/Node; @ 26 c2
Event: 317.352 Thread 0x00007fcc781c6b60 DEOPT PACKING pc=0x00007fccbe5ef16c sp=0x00007fcc677fe410
Event: 317.352 Thread 0x00007fcc781c6b60 DEOPT UNPACKING pc=0x00007fccb6451d93 sp=0x00007fcc677fe3f0 mode 2
Event: 317.352 Thread 0x00007fcc781c6b60 Uncommon trap: trap_request=0xffffffc6 fr.pc=0x00007fccbe60086c relative=0x000000000000004c
Event: 317.352 Thread 0x00007fcc781c6b60 Uncommon trap: reason=bimorphic_or_optimized_type_check action=maybe_recompile pc=0x00007fccbe60086c method=java.util.stream.Nodes.flatten(Ljava/util/stream/Node;Ljava/util/function/IntFunction;)Ljava/util/stream/Node; @ 1 c2
Event: 317.352 Thread 0x00007fcc781c6b60 DEOPT PACKING pc=0x00007fccbe60086c sp=0x00007fcc677fe1d0
Event: 317.352 Thread 0x00007fcc781c6b60 DEOPT UNPACKING pc=0x00007fccb6451d93 sp=0x00007fcc677fe178 mode 2
Event: 317.352 Thread 0x00007fcc781c6b60 Uncommon trap: trap_request=0xffffffc6 fr.pc=0x00007fccbe70f6dc relative=0x000000000000009c
Event: 317.352 Thread 0x00007fcc781c6b60 Uncommon trap: reason=bimorphic_or_optimized_type_check action=maybe_recompile pc=0x00007fccbe70f6dc method=java.util.stream.Nodes.flatten(Ljava/util/stream/Node;Ljava/util/function/IntFunction;)Ljava/util/stream/Node; @ 1 c2
Event: 317.352 Thread 0x00007fcc781c6b60 DEOPT PACKING pc=0x00007fccbe70f6dc sp=0x00007fcc677fe470
Event: 317.352 Thread 0x00007fcc781c6b60 DEOPT UNPACKING pc=0x00007fccb6451d93 sp=0x00007fcc677fe3b8 mode 2
Event: 317.355 Thread 0x00007fcc7c009900 Uncommon trap: trap_request=0xffffff45 fr.pc=0x00007fccbe3ebbc4 relative=0x00000000000003a4
Event: 317.355 Thread 0x00007fcc7c009900 Uncommon trap: reason=unstable_if action=reinterpret pc=0x00007fccbe3ebbc4 method=org.eclipse.core.internal.events.ResourceComparator.compare(Ljava/lang/Object;Ljava/lang/Object;)I @ 220 c2
Event: 317.355 Thread 0x00007fcc7c009900 DEOPT PACKING pc=0x00007fccbe3ebbc4 sp=0x00007fcc57efc7d0
Event: 317.355 Thread 0x00007fcc7c009900 DEOPT UNPACKING pc=0x00007fccb6451d93 sp=0x00007fcc57efc7a8 mode 2
Event: 363.319 Thread 0x00007fccc83e8eb0 Uncommon trap: trap_request=0xffffffde fr.pc=0x00007fccbe0b8acc relative=0x000000000000018c
Event: 363.319 Thread 0x00007fccc83e8eb0 Uncommon trap: reason=class_check action=maybe_recompile pc=0x00007fccbe0b8acc method=java.util.stream.ReferencePipeline$Head.forEach(Ljava/util/function/Consumer;)V @ 12 c2
Event: 363.319 Thread 0x00007fccc83e8eb0 DEOPT PACKING pc=0x00007fccbe0b8acc sp=0x00007fcc5d1a9d10
Event: 363.319 Thread 0x00007fccc83e8eb0 DEOPT UNPACKING pc=0x00007fccb6451d93 sp=0x00007fcc5d1a9cd8 mode 2

Classes unloaded (0 events):
No events

Classes redefined (0 events):
No events

Internal exceptions (20 events):
Event: 143.152 Thread 0x00007fcc685154c0 Exception <a 'sun/nio/fs/UnixException'{0x0000000757041eb0}> (0x0000000757041eb0) 
thrown [src/hotspot/share/prims/jni.cpp, line 516]
Event: 143.357 Thread 0x00007fcc685154c0 Exception <a 'sun/nio/fs/UnixException'{0x0000000756c1a950}> (0x0000000756c1a950) 
thrown [src/hotspot/share/prims/jni.cpp, line 516]
Event: 146.041 Thread 0x00007fcc685154c0 Exception <a 'sun/nio/fs/UnixException'{0x0000000755b88630}> (0x0000000755b88630) 
thrown [src/hotspot/share/prims/jni.cpp, line 516]
Event: 146.192 Thread 0x00007fcc685154c0 Exception <a 'sun/nio/fs/UnixException'{0x000000075768bb00}> (0x000000075768bb00) 
thrown [src/hotspot/share/prims/jni.cpp, line 516]
Event: 189.088 Thread 0x00007fcc685154c0 Exception <a 'sun/nio/fs/UnixException'{0x000000075601de90}> (0x000000075601de90) 
thrown [src/hotspot/share/prims/jni.cpp, line 516]
Event: 189.242 Thread 0x00007fcc685154c0 Exception <a 'sun/nio/fs/UnixException'{0x0000000757ad0ba8}> (0x0000000757ad0ba8) 
thrown [src/hotspot/share/prims/jni.cpp, line 516]
Event: 193.386 Thread 0x00007fcc685154c0 Exception <a 'sun/nio/fs/UnixException'{0x0000000756ec4678}> (0x0000000756ec4678) 
thrown [src/hotspot/share/prims/jni.cpp, line 516]
Event: 193.555 Thread 0x00007fcc685154c0 Exception <a 'sun/nio/fs/UnixException'{0x00000007563f4d00}> (0x00000007563f4d00) 
thrown [src/hotspot/share/prims/jni.cpp, line 516]
Event: 257.864 Thread 0x00007fcc685154c0 Exception <a 'sun/nio/fs/UnixException'{0x00000007563ab8d8}> (0x00000007563ab8d8) 
thrown [src/hotspot/share/prims/jni.cpp, line 516]
Event: 258.055 Thread 0x00007fcc685154c0 Exception <a 'sun/nio/fs/UnixException'{0x0000000755ad6a28}> (0x0000000755ad6a28) 
thrown [src/hotspot/share/prims/jni.cpp, line 516]
Event: 270.875 Thread 0x00007fcc685154c0 Exception <a 'sun/nio/fs/UnixException'{0x000000075562a7e0}> (0x000000075562a7e0) 
thrown [src/hotspot/share/prims/jni.cpp, line 516]
Event: 271.066 Thread 0x00007fcc685154c0 Exception <a 'sun/nio/fs/UnixException'{0x00000007560221a8}> (0x00000007560221a8) 
thrown [src/hotspot/share/prims/jni.cpp, line 516]
Event: 277.479 Thread 0x00007fcc685154c0 Exception <a 'sun/nio/fs/UnixException'{0x000000075646a0a8}> (0x000000075646a0a8) 
thrown [src/hotspot/share/prims/jni.cpp, line 516]
Event: 277.682 Thread 0x00007fcc685154c0 Exception <a 'sun/nio/fs/UnixException'{0x0000000755f42ac0}> (0x0000000755f42ac0) 
thrown [src/hotspot/share/prims/jni.cpp, line 516]
Event: 285.772 Thread 0x00007fcc685154c0 Exception <a 'sun/nio/fs/UnixException'{0x00000007558a1718}> (0x00000007558a1718) 
thrown [src/hotspot/share/prims/jni.cpp, line 516]
Event: 285.998 Thread 0x00007fcc685154c0 Exception <a 'sun/nio/fs/UnixException'{0x00000007558ed400}> (0x00000007558ed400) 
thrown [src/hotspot/share/prims/jni.cpp, line 516]
Event: 304.050 Thread 0x00007fcc84205dd0 Implicit null exception at 0x00007fccbe4bafa8 to 0x00007fccbe4bb2c0
Event: 317.352 Thread 0x00007fcc7c009900 Implicit null exception at 0x00007fccbe184ae2 to 0x00007fccbe184d20
Event: 363.297 Thread 0x00007fccc83e8eb0 Exception <a 'java/lang/NoSuchMethodError'{0x0000000755688378}: 'void java.lang.invoke.DirectMethodHandle$Holder.invokeInterface(java.lang.Object, java.lang.Object)'> (0x0000000755688378) 
thrown [src/hotspot/share/interpreter/linkResolver.cpp, line 766]
Event: 363.313 Thread 0x00007fccc83e8eb0 Exception <a 'java/io/FileNotFoundException'{0x00000007556e1fe0}> (0x00000007556e1fe0) 
thrown [src/hotspot/share/prims/jni.cpp, line 516]

VM Operations (20 events):
Event: 315.200 Executing VM operation: ParallelGCFailedAllocation
Event: 315.210 Executing VM operation: ParallelGCFailedAllocation done
Event: 315.226 Executing VM operation: ParallelGCFailedAllocation
Event: 315.236 Executing VM operation: ParallelGCFailedAllocation done
Event: 315.913 Executing VM operation: ParallelGCFailedAllocation
Event: 315.917 Executing VM operation: ParallelGCFailedAllocation done
Event: 315.932 Executing VM operation: ParallelGCFailedAllocation
Event: 315.935 Executing VM operation: ParallelGCFailedAllocation done
Event: 316.935 Executing VM operation: Cleanup
Event: 316.935 Executing VM operation: Cleanup done
Event: 317.380 Executing VM operation: HandshakeAllThreads
Event: 317.380 Executing VM operation: HandshakeAllThreads done
Event: 317.383 Executing VM operation: ParallelGCFailedAllocation
Event: 317.387 Executing VM operation: ParallelGCFailedAllocation done
Event: 318.387 Executing VM operation: Cleanup
Event: 318.387 Executing VM operation: Cleanup done
Event: 319.388 Executing VM operation: Cleanup
Event: 319.388 Executing VM operation: Cleanup done
Event: 323.388 Executing VM operation: Cleanup
Event: 323.388 Executing VM operation: Cleanup done

Events (20 events):
Event: 317.352 Thread 0x00007fcc781c6b60 Thread added: 0x00007fcc781c6b60
Event: 317.352 Protecting memory [0x00007fcc676ff000,0x00007fcc67703000] with protection modes 0
Event: 317.360 Thread 0x00007fcc781c6b60 Thread exited: 0x00007fcc781c6b60
Event: 319.090 Thread 0x00007fcc94243240 Thread added: 0x00007fcc94243240
Event: 319.090 Protecting memory [0x00007fcc676ff000,0x00007fcc67703000] with protection modes 0
Event: 319.091 Thread 0x00007fcc94243240 Thread exited: 0x00007fcc94243240
Event: 319.326 Thread 0x00007fcc94243240 Thread added: 0x00007fcc94243240
Event: 319.326 Protecting memory [0x00007fcc676ff000,0x00007fcc67703000] with protection modes 0
Event: 319.327 Thread 0x00007fcc94243240 Thread exited: 0x00007fcc94243240
Event: 322.445 Thread 0x00007fcc6a052b60 Thread exited: 0x00007fcc6a052b60
Event: 323.604 Thread 0x00007fcc9423a9c0 Thread added: 0x00007fcc9423a9c0
Event: 323.604 Protecting memory [0x00007fcc5d0ab000,0x00007fcc5d0af000] with protection modes 0
Event: 323.605 Thread 0x00007fcc9423a9c0 Thread exited: 0x00007fcc9423a9c0
Event: 351.609 Thread 0x00007fcc7004bcd0 Thread exited: 0x00007fcc7004bcd0
Event: 363.270 Thread 0x00007fcc88002fe0 Thread added: 0x00007fcc88002fe0
Event: 363.270 Protecting memory [0x00007fcccc063000,0x00007fcccc067000] with protection modes 0
Event: 363.279 Thread 0x00007fccc83e8eb0 Thread added: 0x00007fccc83e8eb0
Event: 363.279 Protecting memory [0x00007fcc5d0ab000,0x00007fcc5d0af000] with protection modes 0
Event: 363.311 loading class javax/security/auth/login/Configuration
Event: 363.311 loading class javax/security/auth/login/Configuration done


Dynamic libraries:
600000000-618400000 rw-p 00000000 00:00 0 
755580000-755f00000 rw-p 00000000 00:00 0 
755f00000-800000000 ---p 00000000 00:00 0 
800000000-800020000 rw-p 00000000 00:00 0 
800020000-800040000 rw-p 00000000 00:00 0 
800040000-800100000 rw-p 00000000 00:00 0 
800100000-800180000 rw-p 00000000 00:00 0 
800180000-800240000 rw-p 00000000 00:00 0 
800240000-8003c0000 rw-p 00000000 00:00 0 
8003c0000-800400000 rw-p 00000000 00:00 0 
800400000-800780000 rw-p 00000000 00:00 0 
800780000-8008e0000 rw-p 00000000 00:00 0 
8008e0000-800900000 rw-p 00000000 00:00 0 
800900000-800a80000 rw-p 00000000 00:00 0 
800a80000-800ac0000 rw-p 00000000 00:00 0 
800ac0000-800af0000 rw-p 00000000 00:00 0 
800af0000-800b00000 ---p 00000000 00:00 0 
800b00000-800b10000 rw-p 00000000 00:00 0 
800b10000-840000000 ---p 00000000 00:00 0 
561c94300000-561c94301000 r-xp 00000000 fd:01 63318455                   /home/hz223/.vscode-server/extensions/redhat.java-1.4.0/jre/17.0.2-linux-x86_64/bin/java
561c94501000-561c94502000 r--p 00001000 fd:01 63318455                   /home/hz223/.vscode-server/extensions/redhat.java-1.4.0/jre/17.0.2-linux-x86_64/bin/java
561c94502000-561c94503000 rw-p 00002000 fd:01 63318455                   /home/hz223/.vscode-server/extensions/redhat.java-1.4.0/jre/17.0.2-linux-x86_64/bin/java
561c95ed8000-561c95f7f000 rw-p 00000000 00:00 0                          [heap]
7fcc57866000-7fcc57afb000 rw-p 00000000 00:00 0 
7fcc57afb000-7fcc57aff000 ---p 00000000 00:00 0 
7fcc57aff000-7fcc57bfc000 rw-p 00000000 00:00 0 
7fcc57bfc000-7fcc57c00000 ---p 00000000 00:00 0 
7fcc57c00000-7fcc57cfd000 rw-p 00000000 00:00 0 
7fcc57cfd000-7fcc57d01000 ---p 00000000 00:00 0 
7fcc57d01000-7fcc57dfe000 rw-p 00000000 00:00 0 
7fcc57dfe000-7fcc57e02000 ---p 00000000 00:00 0 
7fcc57e02000-7fcc57eff000 rw-p 00000000 00:00 0 
7fcc57eff000-7fcc57f03000 ---p 00000000 00:00 0 
7fcc57f03000-7fcc581f0000 rw-p 00000000 00:00 0 
7fcc581f0000-7fcc58800000 ---p 00000000 00:00 0 
7fcc58800000-7fcc58d00000 rw-p 00000000 00:00 0 
7fcc58d00000-7fcc58d40000 rw-p 00000000 00:00 0 
7fcc58d40000-7fcc58d80000 rw-p 00000000 00:00 0 
7fcc58d80000-7fcc58ed0000 rw-p 00000000 00:00 0 
7fcc58ed0000-7fcc58f00000 ---p 00000000 00:00 0 
7fcc58f00000-7fcc59000000 rw-p 00000000 00:00 0 
7fcc590f9000-7fcc590fd000 ---p 00000000 00:00 0 
7fcc590fd000-7fcc591fa000 rw-p 00000000 00:00 0 
7fcc591fa000-7fcc591fe000 ---p 00000000 00:00 0 
7fcc591fe000-7fcc592fb000 rw-p 00000000 00:00 0 
7fcc592fb000-7fcc592ff000 ---p 00000000 00:00 0 
7fcc592ff000-7fcc593fc000 rw-p 00000000 00:00 0 
7fcc593fc000-7fcc59400000 ---p 00000000 00:00 0 
7fcc59400000-7fcc594fd000 rw-p 00000000 00:00 0 
7fcc594fd000-7fcc59501000 ---p 00000000 00:00 0 
7fcc59501000-7fcc595fe000 rw-p 00000000 00:00 0 
7fcc595fe000-7fcc59602000 ---p 00000000 00:00 0 
7fcc59602000-7fcc596ff000 rw-p 00000000 00:00 0 
7fcc596ff000-7fcc59703000 ---p 00000000 00:00 0 
7fcc59703000-7fcc599c0000 rw-p 00000000 00:00 0 
7fcc599c0000-7fcc59a00000 rw-p 00000000 00:00 0 
7fcc59a00000-7fcc59f00000 rw-p 00000000 00:00 0 
7fcc59f00000-7fcc5a000000 rw-p 00000000 00:00 0 
7fcc5a0fd000-7fcc5a101000 ---p 00000000 00:00 0 
7fcc5a101000-7fcc5a1fe000 rw-p 00000000 00:00 0 
7fcc5a1fe000-7fcc5a202000 ---p 00000000 00:00 0 
7fcc5a202000-7fcc5a2ff000 rw-p 00000000 00:00 0 
7fcc5a2ff000-7fcc5a303000 ---p 00000000 00:00 0 
7fcc5a303000-7fcc5ab80000 rw-p 00000000 00:00 0 
7fcc5ab80000-7fcc5ac00000 rw-p 00000000 00:00 0 
7fcc5ac00000-7fcc5af00000 rw-p 00000000 00:00 0 
7fcc5af00000-7fcc5b000000 rw-p 00000000 00:00 0 
7fcc5b000000-7fcc5b400000 rw-p 00000000 00:00 0 
7fcc5b49b000-7fcc5b49f000 ---p 00000000 00:00 0 
7fcc5b49f000-7fcc5b59c000 rw-p 00000000 00:00 0 
7fcc5b59c000-7fcc5b5a0000 ---p 00000000 00:00 0 
7fcc5b5a0000-7fcc5b69d000 rw-p 00000000 00:00 0 
7fcc5b69d000-7fcc5b6a1000 ---p 00000000 00:00 0 
7fcc5b6a1000-7fcc5b79e000 rw-p 00000000 00:00 0 
7fcc5b79e000-7fcc5b7a2000 ---p 00000000 00:00 0 
7fcc5b7a2000-7fcc5b89f000 rw-p 00000000 00:00 0 
7fcc5b8e7000-7fcc5b8eb000 ---p 00000000 00:00 0 
7fcc5b8eb000-7fcc5b9e8000 rw-p 00000000 00:00 0 
7fcc5b9e8000-7fcc5b9ea000 r-xp 00000000 fd:01 54829474                   /home/hz223/.vscode-server/extensions/redhat.java-1.4.0/jre/17.0.2-linux-x86_64/lib/libextnet.so
7fcc5b9ea000-7fcc5bbe9000 ---p 00002000 fd:01 54829474                   /home/hz223/.vscode-server/extensions/redhat.java-1.4.0/jre/17.0.2-linux-x86_64/lib/libextnet.so
7fcc5bbe9000-7fcc5bbea000 r--p 00001000 fd:01 54829474                   /home/hz223/.vscode-server/extensions/redhat.java-1.4.0/jre/17.0.2-linux-x86_64/lib/libextnet.so
7fcc5bbea000-7fcc5bbeb000 rw-p 00002000 fd:01 54829474                   /home/hz223/.vscode-server/extensions/redhat.java-1.4.0/jre/17.0.2-linux-x86_64/lib/libextnet.so
7fcc5bbeb000-7fcc5bbef000 ---p 00000000 00:00 0 
7fcc5bbef000-7fcc5bcec000 rw-p 00000000 00:00 0 
7fcc5bcec000-7fcc5bcf0000 ---p 00000000 00:00 0 
7fcc5bcf0000-7fcc5bded000 rw-p 00000000 00:00 0 
7fcc5bded000-7fcc5bdf2000 r-xp 00000000 fd:01 54829498                   /home/hz223/.vscode-server/extensions/redhat.java-1.4.0/jre/17.0.2-linux-x86_64/lib/libmanagement_ext.so
7fcc5bdf2000-7fcc5bff2000 ---p 00005000 fd:01 54829498                   /home/hz223/.vscode-server/extensions/redhat.java-1.4.0/jre/17.0.2-linux-x86_64/lib/libmanagement_ext.so
7fcc5bff2000-7fcc5bff3000 r--p 00005000 fd:01 54829498                   /home/hz223/.vscode-server/extensions/redhat.java-1.4.0/jre/17.0.2-linux-x86_64/lib/libmanagement_ext.so
7fcc5bff3000-7fcc5bff4000 rw-p 00006000 fd:01 54829498                   /home/hz223/.vscode-server/extensions/redhat.java-1.4.0/jre/17.0.2-linux-x86_64/lib/libmanagement_ext.so
7fcc5bff4000-7fcc5bff8000 r-xp 00000000 fd:01 54829499                   /home/hz223/.vscode-server/extensions/redhat.java-1.4.0/jre/17.0.2-linux-x86_64/lib/libmanagement.so
7fcc5bff8000-7fcc5c1f7000 ---p 00004000 fd:01 54829499                   /home/hz223/.vscode-server/extensions/redhat.java-1.4.0/jre/17.0.2-linux-x86_64/lib/libmanagement.so
7fcc5c1f7000-7fcc5c1f8000 r--p 00003000 fd:01 54829499                   /home/hz223/.vscode-server/extensions/redhat.java-1.4.0/jre/17.0.2-linux-x86_64/lib/libmanagement.so
7fcc5c1f8000-7fcc5c1f9000 rw-p 00004000 fd:01 54829499                   /home/hz223/.vscode-server/extensions/redhat.java-1.4.0/jre/17.0.2-linux-x86_64/lib/libmanagement.so
7fcc5c1f9000-7fcc5c1fe000 r-xp 00000000 fd:01 50332209                   /home/hz223/.gradle/native/e1d6ef7f7dcc3fd88c89a11ec53ec762bb8ba0a96d01ffa2cd45eb1d1d8dd5c5/linux-amd64/libnative-platform.so
7fcc5c1fe000-7fcc5c3fe000 ---p 00005000 fd:01 50332209                   /home/hz223/.gradle/native/e1d6ef7f7dcc3fd88c89a11ec53ec762bb8ba0a96d01ffa2cd45eb1d1d8dd5c5/linux-amd64/libnative-platform.so
7fcc5c3fe000-7fcc5c3ff000 r--p 00005000 fd:01 50332209                   /home/hz223/.gradle/native/e1d6ef7f7dcc3fd88c89a11ec53ec762bb8ba0a96d01ffa2cd45eb1d1d8dd5c5/linux-amd64/libnative-platform.so
7fcc5c3ff000-7fcc5c400000 rw-p 00006000 fd:01 50332209                   /home/hz223/.gradle/native/e1d6ef7f7dcc3fd88c89a11ec53ec762bb8ba0a96d01ffa2cd45eb1d1d8dd5c5/linux-amd64/libnative-platform.so
7fcc5c400000-7fcc5c7c0000 rw-p 00000000 00:00 0 
7fcc5c7c0000-7fcc5c800000 rw-p 00000000 00:00 0 
7fcc5c800000-7fcc5ca00000 rw-p 00000000 00:00 0 
7fcc5ca00000-7fcc5cc00000 rw-p 00000000 00:00 0 
7fcc5cca7000-7fcc5ccab000 ---p 00000000 00:00 0 
7fcc5ccab000-7fcc5cda8000 rw-p 00000000 00:00 0 
7fcc5cda8000-7fcc5cdac000 ---p 00000000 00:00 0 
7fcc5cdac000-7fcc5cea9000 rw-p 00000000 00:00 0 
7fcc5cea9000-7fcc5cead000 ---p 00000000 00:00 0 
7fcc5cead000-7fcc5cfaa000 rw-p 00000000 00:00 0 
7fcc5cfaa000-7fcc5cfae000 ---p 00000000 00:00 0 
7fcc5cfae000-7fcc5d0ab000 rw-p 00000000 00:00 0 
7fcc5d0ab000-7fcc5d0af000 ---p 00000000 00:00 0 
7fcc5d0af000-7fcc5d1ac000 rw-p 00000000 00:00 0 
7fcc5d1ac000-7fcc65eff000 r--s 00000000 fd:02 51474055                   /usr/lib/jvm/java-16-openjdk-amd64/lib/modules
7fcc65eff000-7fcc65f03000 ---p 00000000 00:00 0 
7fcc65f03000-7fcc66800000 rw-p 00000000 00:00 0 
7fcc66800000-7fcc669c0000 rw-p 00000000 00:00 0 
7fcc669c0000-7fcc66a00000 rw-p 00000000 00:00 0 
7fcc66a00000-7fcc66b80000 rw-p 00000000 00:00 0 
7fcc66b80000-7fcc66c00000 rw-p 00000000 00:00 0 
7fcc66c00000-7fcc66f00000 rw-p 00000000 00:00 0 
7fcc66f00000-7fcc67000000 rw-p 00000000 00:00 0 
7fcc670ec000-7fcc670f0000 ---p 00000000 00:00 0 
7fcc670f0000-7fcc671ed000 rw-p 00000000 00:00 0 
7fcc671ed000-7fcc671f1000 ---p 00000000 00:00 0 
7fcc671f1000-7fcc672ee000 rw-p 00000000 00:00 0 
7fcc672ee000-7fcc672f2000 ---p 00000000 00:00 0 
7fcc672f2000-7fcc673ef000 rw-p 00000000 00:00 0 
7fcc673ef000-7fcc673fc000 r-xp 00000000 fd:01 54830724                   /home/hz223/.vscode-server/extensions/redhat.java-1.4.0/jre/17.0.2-linux-x86_64/lib/libverify.so
7fcc673fc000-7fcc675fb000 ---p 0000d000 fd:01 54830724                   /home/hz223/.vscode-server/extensions/redhat.java-1.4.0/jre/17.0.2-linux-x86_64/lib/libverify.so
7fcc675fb000-7fcc675fd000 r--p 0000c000 fd:01 54830724                   /home/hz223/.vscode-server/extensions/redhat.java-1.4.0/jre/17.0.2-linux-x86_64/lib/libverify.so
7fcc675fd000-7fcc675fe000 rw-p 0000e000 fd:01 54830724                   /home/hz223/.vscode-server/extensions/redhat.java-1.4.0/jre/17.0.2-linux-x86_64/lib/libverify.so
7fcc675fe000-7fcc67602000 ---p 00000000 00:00 0 
7fcc67602000-7fcc676ff000 rw-p 00000000 00:00 0 
7fcc676ff000-7fcc67703000 ---p 00000000 00:00 0 
7fcc67703000-7fcc67900000 rw-p 00000000 00:00 0 
7fcc67900000-7fcc67a00000 rw-p 00000000 00:00 0 
7fcc67a00000-7fcc67f80000 rw-p 00000000 00:00 0 
7fcc67f80000-7fcc68000000 rw-p 00000000 00:00 0 
7fcc68000000-7fcc6a074000 rw-p 00000000 00:00 0 
7fcc6a074000-7fcc6c000000 ---p 00000000 00:00 0 
7fcc6c000000-7fcc6c0cd000 rw-p 00000000 00:00 0 
7fcc6c0cd000-7fcc70000000 ---p 00000000 00:00 0 
7fcc70000000-7fcc7018a000 rw-p 00000000 00:00 0 
7fcc7018a000-7fcc74000000 ---p 00000000 00:00 0 
7fcc74000000-7fcc741de000 rw-p 00000000 00:00 0 
7fcc741de000-7fcc78000000 ---p 00000000 00:00 0 
7fcc78000000-7fcc78a8e000 rw-p 00000000 00:00 0 
7fcc78a8e000-7fcc7c000000 ---p 00000000 00:00 0 
7fcc7c000000-7fcc7c37a000 rw-p 00000000 00:00 0 
7fcc7c37a000-7fcc80000000 ---p 00000000 00:00 0 
7fcc80000000-7fcc80471000 rw-p 00000000 00:00 0 
7fcc80471000-7fcc84000000 ---p 00000000 00:00 0 
7fcc84000000-7fcc868db000 rw-p 00000000 00:00 0 
7fcc868db000-7fcc88000000 ---p 00000000 00:00 0 
7fcc88000000-7fcc88021000 rw-p 00000000 00:00 0 
7fcc88021000-7fcc8c000000 ---p 00000000 00:00 0 
7fcc8c000000-7fcc8c375000 rw-p 00000000 00:00 0 
7fcc8c375000-7fcc90000000 ---p 00000000 00:00 0 
7fcc90000000-7fcc901c1000 rw-p 00000000 00:00 0 
7fcc901c1000-7fcc94000000 ---p 00000000 00:00 0 
7fcc94000000-7fcc94251000 rw-p 00000000 00:00 0 
7fcc94251000-7fcc98000000 ---p 00000000 00:00 0 
7fcc98000000-7fcc981a8000 rw-p 00000000 00:00 0 
7fcc981a8000-7fcc9c000000 ---p 00000000 00:00 0 
7fcc9c0e9000-7fcc9c0ed000 ---p 00000000 00:00 0 
7fcc9c0ed000-7fcc9c1ea000 rw-p 00000000 00:00 0 
7fcc9c1ea000-7fcc9c1ee000 ---p 00000000 00:00 0 
7fcc9c1ee000-7fcc9c2eb000 rw-p 00000000 00:00 0 
7fcc9c2eb000-7fcc9c2ef000 ---p 00000000 00:00 0 
7fcc9c2ef000-7fcc9c3ec000 rw-p 00000000 00:00 0 
7fcc9c3ec000-7fcc9c3f0000 ---p 00000000 00:00 0 
7fcc9c3f0000-7fcc9c4ed000 rw-p 00000000 00:00 0 
7fcc9c4ed000-7fcc9c4ee000 ---p 00000000 00:00 0 
7fcc9c4ee000-7fcc9c5ef000 rw-p 00000000 00:00 0 
7fcc9c5ef000-7fcc9c5ff000 r-xp 00000000 fd:01 18184983                   /home/hz223/.vscode-server/data/User/globalStorage/redhat.java/1.4.0/config_linux/org.eclipse.equinox.launcher/org.eclipse.equinox.launcher.gtk.linux.x86_64_1.2.400.v20211117-0650/eclipse_11600.so
7fcc9c5ff000-7fcc9c7fe000 ---p 00010000 fd:01 18184983                   /home/hz223/.vscode-server/data/User/globalStorage/redhat.java/1.4.0/config_linux/org.eclipse.equinox.launcher/org.eclipse.equinox.launcher.gtk.linux.x86_64_1.2.400.v20211117-0650/eclipse_11600.so
7fcc9c7fe000-7fcc9c7ff000 r--p 0000f000 fd:01 18184983                   /home/hz223/.vscode-server/data/User/globalStorage/redhat.java/1.4.0/config_linux/org.eclipse.equinox.launcher/org.eclipse.equinox.launcher.gtk.linux.x86_64_1.2.400.v20211117-0650/eclipse_11600.so
7fcc9c7ff000-7fcc9c800000 rw-p 00010000 fd:01 18184983                   /home/hz223/.vscode-server/data/User/globalStorage/redhat.java/1.4.0/config_linux/org.eclipse.equinox.launcher/org.eclipse.equinox.launcher.gtk.linux.x86_64_1.2.400.v20211117-0650/eclipse_11600.so
7fcc9c800000-7fcc9c900000 rw-p 00000000 00:00 0 
7fcc9c900000-7fcc9cb00000 rw-p 00000000 00:00 0 
7fcc9cb00000-7fcc9cc00000 rw-p 00000000 00:00 0 
7fcc9cc00000-7fcc9cd00000 rw-p 00000000 00:00 0 
7fcc9cd00000-7fcc9ce00000 rw-p 00000000 00:00 0 
7fcc9ce00000-7fcc9d000000 rw-p 00000000 00:00 0 
7fcc9d05c000-7fcc9d060000 ---p 00000000 00:00 0 
7fcc9d060000-7fcc9d15d000 rw-p 00000000 00:00 0 
7fcc9d15d000-7fcc9d161000 ---p 00000000 00:00 0 
7fcc9d161000-7fcc9d25e000 rw-p 00000000 00:00 0 
7fcc9d25e000-7fcc9d262000 ---p 00000000 00:00 0 
7fcc9d262000-7fcc9d35f000 rw-p 00000000 00:00 0 
7fcc9d35f000-7fcc9d374000 r-xp 00000000 fd:01 54829501                   /home/hz223/.vscode-server/extensions/redhat.java-1.4.0/jre/17.0.2-linux-x86_64/lib/libnet.so
7fcc9d374000-7fcc9d573000 ---p 00015000 fd:01 54829501                   /home/hz223/.vscode-server/extensions/redhat.java-1.4.0/jre/17.0.2-linux-x86_64/lib/libnet.so
7fcc9d573000-7fcc9d574000 r--p 00014000 fd:01 54829501                   /home/hz223/.vscode-server/extensions/redhat.java-1.4.0/jre/17.0.2-linux-x86_64/lib/libnet.so
7fcc9d574000-7fcc9d575000 rw-p 00015000 fd:01 54829501                   /home/hz223/.vscode-server/extensions/redhat.java-1.4.0/jre/17.0.2-linux-x86_64/lib/libnet.so
7fcc9d575000-7fcc9d587000 r-xp 00000000 fd:01 54829502                   /home/hz223/.vscode-server/extensions/redhat.java-1.4.0/jre/17.0.2-linux-x86_64/lib/libnio.so
7fcc9d587000-7fcc9d786000 ---p 00012000 fd:01 54829502                   /home/hz223/.vscode-server/extensions/redhat.java-1.4.0/jre/17.0.2-linux-x86_64/lib/libnio.so
7fcc9d786000-7fcc9d787000 r--p 00011000 fd:01 54829502                   /home/hz223/.vscode-server/extensions/redhat.java-1.4.0/jre/17.0.2-linux-x86_64/lib/libnio.so
7fcc9d787000-7fcc9d788000 rw-p 00012000 fd:01 54829502                   /home/hz223/.vscode-server/extensions/redhat.java-1.4.0/jre/17.0.2-linux-x86_64/lib/libnio.so
7fcc9d788000-7fcc9d789000 ---p 00000000 00:00 0 
7fcc9d789000-7fcc9d88a000 rw-p 00000000 00:00 0 
7fcc9d88a000-7fcc9d88e000 ---p 00000000 00:00 0 
7fcc9d88e000-7fcc9d98b000 rw-p 00000000 00:00 0 
7fcc9d98b000-7fcc9d98f000 ---p 00000000 00:00 0 
7fcc9d98f000-7fcc9da8c000 rw-p 00000000 00:00 0 
7fcc9da8c000-7fcc9da90000 ---p 00000000 00:00 0 
7fcc9da90000-7fcc9db8d000 rw-p 00000000 00:00 0 
7fcc9db8d000-7fcc9db91000 ---p 00000000 00:00 0 
7fcc9db91000-7fcc9dc8e000 rw-p 00000000 00:00 0 
7fcc9dc8e000-7fcc9dc92000 ---p 00000000 00:00 0 
7fcc9dc92000-7fcc9dd8f000 rw-p 00000000 00:00 0 
7fcc9dd8f000-7fcc9dd93000 ---p 00000000 00:00 0 
7fcc9dd93000-7fcc9de90000 rw-p 00000000 00:00 0 
7fcc9de90000-7fcc9e400000 r--p 00000000 fd:02 33644485                   /usr/lib/locale/locale-archive
7fcc9e400000-7fcc9e800000 rw-p 00000000 00:00 0 
7fcc9e800000-7fcc9e820000 rw-p 00000000 00:00 0 
7fcc9e820000-7fcc9e840000 rw-p 00000000 00:00 0 
7fcc9e840000-7fcc9e880000 rw-p 00000000 00:00 0 
7fcc9e880000-7fcc9e900000 rw-p 00000000 00:00 0 
7fcc9e900000-7fcc9eb00000 rw-p 00000000 00:00 0 
7fcc9eb00000-7fcc9eb40000 rw-p 00000000 00:00 0 
7fcc9eb40000-7fcc9eb80000 rw-p 00000000 00:00 0 
7fcc9eb80000-7fcc9ec00000 rw-p 00000000 00:00 0 
7fcc9ecfd000-7fcc9ed01000 ---p 00000000 00:00 0 
7fcc9ed01000-7fcc9edfe000 rw-p 00000000 00:00 0 
7fcc9edfe000-7fcc9ee02000 ---p 00000000 00:00 0 
7fcc9ee02000-7fcc9eeff000 rw-p 00000000 00:00 0 
7fcc9eeff000-7fcc9ef03000 ---p 00000000 00:00 0 
7fcc9ef03000-7fccb0000000 rw-p 00000000 00:00 0 
7fccb0000000-7fccb014b000 rw-p 00000000 00:00 0 
7fccb014b000-7fccb4000000 ---p 00000000 00:00 0 
7fccb404a000-7fccb404e000 ---p 00000000 00:00 0 
7fccb404e000-7fccb414b000 rw-p 00000000 00:00 0 
7fccb414b000-7fccb414c000 ---p 00000000 00:00 0 
7fccb414c000-7fccb4a16000 rw-p 00000000 00:00 0 
7fccb4a16000-7fccb53ff000 ---p 00000000 00:00 0 
7fccb53ff000-7fccb54c1000 rw-p 00000000 00:00 0 
7fccb54c1000-7fccb5ea9000 ---p 00000000 00:00 0 
7fccb5ea9000-7fccb5eaf000 rw-p 00000000 00:00 0 
7fccb5eaf000-7fccb63ff000 ---p 00000000 00:00 0 
7fccb63ff000-7fccb6400000 rw-p 00000000 00:00 0 
7fccb6400000-7fccb6670000 rwxp 00000000 00:00 0 
7fccb6670000-7fccb698f000 ---p 00000000 00:00 0 
7fccb698f000-7fccb85ff000 rwxp 00000000 00:00 0 
7fccb85ff000-7fccbdec7000 ---p 00000000 00:00 0 
7fccbdec7000-7fccbe727000 rwxp 00000000 00:00 0 
7fccbe727000-7fccc5400000 ---p 00000000 00:00 0 
7fccc5400000-7fccc8000000 r--s 00000000 fd:01 54830726                   /home/hz223/.vscode-server/extensions/redhat.java-1.4.0/jre/17.0.2-linux-x86_64/lib/modules
7fccc8000000-7fccc85fa000 rw-p 00000000 00:00 0 
7fccc85fa000-7fcccc000000 ---p 00000000 00:00 0 
7fcccc036000-7fcccc03a000 r--p 00000000 fd:02 17765573                   /usr/lib/x86_64-linux-gnu/libresolv-2.31.so
7fcccc03a000-7fcccc04a000 r-xp 00004000 fd:02 17765573                   /usr/lib/x86_64-linux-gnu/libresolv-2.31.so
7fcccc04a000-7fcccc04e000 r--p 00014000 fd:02 17765573                   /usr/lib/x86_64-linux-gnu/libresolv-2.31.so
7fcccc04e000-7fcccc04f000 r--p 00017000 fd:02 17765573                   /usr/lib/x86_64-linux-gnu/libresolv-2.31.so
7fcccc04f000-7fcccc050000 rw-p 00018000 fd:02 17765573                   /usr/lib/x86_64-linux-gnu/libresolv-2.31.so
7fcccc050000-7fcccc052000 rw-p 00000000 00:00 0 
7fcccc052000-7fcccc053000 r--p 00000000 fd:02 17764286                   /usr/lib/x86_64-linux-gnu/libnss_dns-2.31.so
7fcccc053000-7fcccc057000 r-xp 00001000 fd:02 17764286                   /usr/lib/x86_64-linux-gnu/libnss_dns-2.31.so
7fcccc057000-7fcccc058000 r--p 00005000 fd:02 17764286                   /usr/lib/x86_64-linux-gnu/libnss_dns-2.31.so
7fcccc058000-7fcccc059000 r--p 00005000 fd:02 17764286                   /usr/lib/x86_64-linux-gnu/libnss_dns-2.31.so
7fcccc059000-7fcccc05a000 rw-p 00006000 fd:02 17764286                   /usr/lib/x86_64-linux-gnu/libnss_dns-2.31.so
7fcccc063000-7fcccc067000 ---p 00000000 00:00 0 
7fcccc067000-7fcccc287000 rw-p 00000000 00:00 0 
7fcccc287000-7fcccc28e000 r-xp 00000000 fd:01 54830725                   /home/hz223/.vscode-server/extensions/redhat.java-1.4.0/jre/17.0.2-linux-x86_64/lib/libzip.so
7fcccc28e000-7fcccc48e000 ---p 00007000 fd:01 54830725                   /home/hz223/.vscode-server/extensions/redhat.java-1.4.0/jre/17.0.2-linux-x86_64/lib/libzip.so
7fcccc48e000-7fcccc48f000 r--p 00007000 fd:01 54830725                   /home/hz223/.vscode-server/extensions/redhat.java-1.4.0/jre/17.0.2-linux-x86_64/lib/libzip.so
7fcccc48f000-7fcccc490000 rw-p 00008000 fd:01 54830725                   /home/hz223/.vscode-server/extensions/redhat.java-1.4.0/jre/17.0.2-linux-x86_64/lib/libzip.so
7fcccc490000-7fcccc64d000 rw-p 00000000 00:00 0 
7fcccc64d000-7fcccc64e000 ---p 00000000 00:00 0 
7fcccc64e000-7fcccc760000 rw-p 00000000 00:00 0 
7fcccc760000-7fcccc83a000 ---p 00000000 00:00 0 
7fcccc83a000-7fcccc873000 rw-p 00000000 00:00 0 
7fcccc873000-7fcccc925000 ---p 00000000 00:00 0 
7fcccc925000-7fcccc92a000 rw-p 00000000 00:00 0 
7fcccc92a000-7fcccc931000 ---p 00000000 00:00 0 
7fcccc931000-7fcccc955000 r-xp 00000000 fd:01 54829488                   /home/hz223/.vscode-server/extensions/redhat.java-1.4.0/jre/17.0.2-linux-x86_64/lib/libjava.so
7fcccc955000-7fccccb55000 ---p 00024000 fd:01 54829488                   /home/hz223/.vscode-server/extensions/redhat.java-1.4.0/jre/17.0.2-linux-x86_64/lib/libjava.so
7fccccb55000-7fccccb56000 r--p 00024000 fd:01 54829488                   /home/hz223/.vscode-server/extensions/redhat.java-1.4.0/jre/17.0.2-linux-x86_64/lib/libjava.so
7fccccb56000-7fccccb57000 rw-p 00025000 fd:01 54829488                   /home/hz223/.vscode-server/extensions/redhat.java-1.4.0/jre/17.0.2-linux-x86_64/lib/libjava.so
7fccccb57000-7fccccb58000 rw-p 00000000 00:00 0 
7fccccb58000-7fccccb5b000 r--p 00000000 fd:02 17764287                   /usr/lib/x86_64-linux-gnu/libnss_files-2.31.so
7fccccb5b000-7fccccb62000 r-xp 00003000 fd:02 17764287                   /usr/lib/x86_64-linux-gnu/libnss_files-2.31.so
7fccccb62000-7fccccb64000 r--p 0000a000 fd:02 17764287                   /usr/lib/x86_64-linux-gnu/libnss_files-2.31.so
7fccccb64000-7fccccb65000 r--p 0000b000 fd:02 17764287                   /usr/lib/x86_64-linux-gnu/libnss_files-2.31.so
7fccccb65000-7fccccb66000 rw-p 0000c000 fd:02 17764287                   /usr/lib/x86_64-linux-gnu/libnss_files-2.31.so
7fccccb66000-7fccccb6c000 rw-p 00000000 00:00 0 
7fccccb6d000-7fccccb75000 rw-s 00000000 fd:02 50672651                   /tmp/hsperfdata_hz223/472619
7fccccb75000-7fccccb90000 r-xp 00000000 fd:01 54829492                   /home/hz223/.vscode-server/extensions/redhat.java-1.4.0/jre/17.0.2-linux-x86_64/lib/libjimage.so
7fccccb90000-7fccccd8f000 ---p 0001b000 fd:01 54829492                   /home/hz223/.vscode-server/extensions/redhat.java-1.4.0/jre/17.0.2-linux-x86_64/lib/libjimage.so
7fccccd8f000-7fccccd91000 r--p 0001a000 fd:01 54829492                   /home/hz223/.vscode-server/extensions/redhat.java-1.4.0/jre/17.0.2-linux-x86_64/lib/libjimage.so
7fccccd91000-7fccccd92000 rw-p 0001c000 fd:01 54829492                   /home/hz223/.vscode-server/extensions/redhat.java-1.4.0/jre/17.0.2-linux-x86_64/lib/libjimage.so
7fccccd92000-7fccccd96000 ---p 00000000 00:00 0 
7fccccd96000-7fcccce93000 rw-p 00000000 00:00 0 
7fcccce93000-7fccccea0000 r--p 00000000 fd:02 17658002                   /usr/lib/x86_64-linux-gnu/libm-2.31.so
7fccccea0000-7fccccf47000 r-xp 0000d000 fd:02 17658002                   /usr/lib/x86_64-linux-gnu/libm-2.31.so
7fccccf47000-7fccccfe0000 r--p 000b4000 fd:02 17658002                   /usr/lib/x86_64-linux-gnu/libm-2.31.so
7fccccfe0000-7fccccfe1000 r--p 0014c000 fd:02 17658002                   /usr/lib/x86_64-linux-gnu/libm-2.31.so
7fccccfe1000-7fccccfe2000 rw-p 0014d000 fd:02 17658002                   /usr/lib/x86_64-linux-gnu/libm-2.31.so
7fccccfe2000-7fccccfe4000 r--p 00000000 fd:02 17765574                   /usr/lib/x86_64-linux-gnu/librt-2.31.so
7fccccfe4000-7fccccfe8000 r-xp 00002000 fd:02 17765574                   /usr/lib/x86_64-linux-gnu/librt-2.31.so
7fccccfe8000-7fccccfea000 r--p 00006000 fd:02 17765574                   /usr/lib/x86_64-linux-gnu/librt-2.31.so
7fccccfea000-7fccccfeb000 r--p 00007000 fd:02 17765574                   /usr/lib/x86_64-linux-gnu/librt-2.31.so
7fccccfeb000-7fccccfec000 rw-p 00008000 fd:02 17765574                   /usr/lib/x86_64-linux-gnu/librt-2.31.so
7fccccfec000-7fccce2d0000 r-xp 00000000 fd:01 42498998                   /home/hz223/.vscode-server/extensions/redhat.java-1.4.0/jre/17.0.2-linux-x86_64/lib/server/libjvm.so
7fccce2d0000-7fccce4d0000 ---p 012e4000 fd:01 42498998                   /home/hz223/.vscode-server/extensions/redhat.java-1.4.0/jre/17.0.2-linux-x86_64/lib/server/libjvm.so
7fccce4d0000-7fccce589000 r--p 012e4000 fd:01 42498998                   /home/hz223/.vscode-server/extensions/redhat.java-1.4.0/jre/17.0.2-linux-x86_64/lib/server/libjvm.so
7fccce589000-7fccce5be000 rw-p 0139d000 fd:01 42498998                   /home/hz223/.vscode-server/extensions/redhat.java-1.4.0/jre/17.0.2-linux-x86_64/lib/server/libjvm.so
7fccce5be000-7fccce619000 rw-p 00000000 00:00 0 
7fccce619000-7fccce63b000 r--p 00000000 fd:02 17657999                   /usr/lib/x86_64-linux-gnu/libc-2.31.so
7fccce63b000-7fccce7b3000 r-xp 00022000 fd:02 17657999                   /usr/lib/x86_64-linux-gnu/libc-2.31.so
7fccce7b3000-7fccce801000 r--p 0019a000 fd:02 17657999                   /usr/lib/x86_64-linux-gnu/libc-2.31.so
7fccce801000-7fccce805000 r--p 001e7000 fd:02 17657999                   /usr/lib/x86_64-linux-gnu/libc-2.31.so
7fccce805000-7fccce807000 rw-p 001eb000 fd:02 17657999                   /usr/lib/x86_64-linux-gnu/libc-2.31.so
7fccce807000-7fccce80b000 rw-p 00000000 00:00 0 
7fccce80b000-7fccce80c000 r--p 00000000 fd:02 17658001                   /usr/lib/x86_64-linux-gnu/libdl-2.31.so
7fccce80c000-7fccce80e000 r-xp 00001000 fd:02 17658001                   /usr/lib/x86_64-linux-gnu/libdl-2.31.so
7fccce80e000-7fccce80f000 r--p 00003000 fd:02 17658001                   /usr/lib/x86_64-linux-gnu/libdl-2.31.so
7fccce80f000-7fccce810000 r--p 00003000 fd:02 17658001                   /usr/lib/x86_64-linux-gnu/libdl-2.31.so
7fccce810000-7fccce811000 rw-p 00004000 fd:02 17658001                   /usr/lib/x86_64-linux-gnu/libdl-2.31.so
7fccce811000-7fccce817000 r--p 00000000 fd:02 17765572                   /usr/lib/x86_64-linux-gnu/libpthread-2.31.so
7fccce817000-7fccce828000 r-xp 00006000 fd:02 17765572                   /usr/lib/x86_64-linux-gnu/libpthread-2.31.so
7fccce828000-7fccce82e000 r--p 00017000 fd:02 17765572                   /usr/lib/x86_64-linux-gnu/libpthread-2.31.so
7fccce82e000-7fccce82f000 r--p 0001c000 fd:02 17765572                   /usr/lib/x86_64-linux-gnu/libpthread-2.31.so
7fccce82f000-7fccce830000 rw-p 0001d000 fd:02 17765572                   /usr/lib/x86_64-linux-gnu/libpthread-2.31.so
7fccce830000-7fccce834000 rw-p 00000000 00:00 0 
7fccce834000-7fccce843000 r-xp 00000000 fd:01 54829493                   /home/hz223/.vscode-server/extensions/redhat.java-1.4.0/jre/17.0.2-linux-x86_64/lib/libjli.so
7fccce843000-7fcccea43000 ---p 0000f000 fd:01 54829493                   /home/hz223/.vscode-server/extensions/redhat.java-1.4.0/jre/17.0.2-linux-x86_64/lib/libjli.so
7fcccea43000-7fcccea44000 r--p 0000f000 fd:01 54829493                   /home/hz223/.vscode-server/extensions/redhat.java-1.4.0/jre/17.0.2-linux-x86_64/lib/libjli.so
7fcccea44000-7fcccea45000 rw-p 00010000 fd:01 54829493                   /home/hz223/.vscode-server/extensions/redhat.java-1.4.0/jre/17.0.2-linux-x86_64/lib/libjli.so
7fcccea45000-7fcccea47000 r--p 00000000 fd:02 17044636                   /usr/lib/x86_64-linux-gnu/libz.so.1.2.11
7fcccea47000-7fcccea58000 r-xp 00002000 fd:02 17044636                   /usr/lib/x86_64-linux-gnu/libz.so.1.2.11
7fcccea58000-7fcccea5e000 r--p 00013000 fd:02 17044636                   /usr/lib/x86_64-linux-gnu/libz.so.1.2.11
7fcccea5e000-7fcccea5f000 ---p 00019000 fd:02 17044636                   /usr/lib/x86_64-linux-gnu/libz.so.1.2.11
7fcccea5f000-7fcccea60000 r--p 00019000 fd:02 17044636                   /usr/lib/x86_64-linux-gnu/libz.so.1.2.11
7fcccea60000-7fcccea61000 rw-p 0001a000 fd:02 17044636                   /usr/lib/x86_64-linux-gnu/libz.so.1.2.11
7fcccea61000-7fcccea68000 r--s 00000000 fd:02 33749253                   /usr/lib/x86_64-linux-gnu/gconv/gconv-modules.cache
7fcccea68000-7fcccea69000 ---p 00000000 00:00 0 
7fcccea69000-7fcccea6a000 r--p 00000000 00:00 0 
7fcccea6a000-7fcccea6c000 rw-p 00000000 00:00 0 
7fcccea6c000-7fcccea6d000 r--p 00000000 fd:02 17014210                   /usr/lib/x86_64-linux-gnu/ld-2.31.so
7fcccea6d000-7fcccea90000 r-xp 00001000 fd:02 17014210                   /usr/lib/x86_64-linux-gnu/ld-2.31.so
7fcccea90000-7fcccea98000 r--p 00024000 fd:02 17014210                   /usr/lib/x86_64-linux-gnu/ld-2.31.so
7fcccea98000-7fcccea99000 ---p 00000000 00:00 0 
7fcccea99000-7fcccea9a000 r--p 0002c000 fd:02 17014210                   /usr/lib/x86_64-linux-gnu/ld-2.31.so
7fcccea9a000-7fcccea9b000 rw-p 0002d000 fd:02 17014210                   /usr/lib/x86_64-linux-gnu/ld-2.31.so
7fcccea9b000-7fcccea9c000 rw-p 00000000 00:00 0 
7ffe84d75000-7ffe84d96000 rw-p 00000000 00:00 0                          [stack]
7ffe84dad000-7ffe84db0000 r--p 00000000 00:00 0                          [vvar]
7ffe84db0000-7ffe84db1000 r-xp 00000000 00:00 0                          [vdso]
ffffffffff600000-ffffffffff601000 --xp 00000000 00:00 0                  [vsyscall]


VM Arguments:
jvm_args: --add-modules=ALL-SYSTEM --add-opens=java.base/java.util=ALL-UNNAMED --add-opens=java.base/java.lang=ALL-UNNAMED --add-opens=java.base/sun.nio.fs=ALL-UNNAMED -Declipse.application=org.eclipse.jdt.ls.core.id1 -Dosgi.bundles.defaultStartLevel=4 -Declipse.product=org.eclipse.jdt.ls.core.product -Djava.import.generatesMetadataFilesAtProjectRoot=false -Dfile.encoding=utf8 -XX:+UseParallelGC -XX:GCTimeRatio=4 -XX:AdaptiveSizePolicyWeight=90 -Dsun.zip.disableMemoryMapping=true -Xmx8G -Xms100m -XX:+HeapDumpOnOutOfMemoryError -XX:HeapDumpPath=/home/hz223/.vscode-server/data/User/workspaceStorage/f1cd41904d7e98d7f4937dac509da9df/redhat.java 
java_command: /home/hz223/.vscode-server/extensions/redhat.java-1.4.0/server/plugins/org.eclipse.equinox.launcher_1.6.400.v20210924-0641.jar -configuration /home/hz223/.vscode-server/data/User/globalStorage/redhat.java/1.4.0/config_linux -data /home/hz223/.vscode-server/data/User/workspaceStorage/f1cd41904d7e98d7f4937dac509da9df/redhat.java/jdt_ws
java_class_path (initial): /home/hz223/.vscode-server/extensions/redhat.java-1.4.0/server/plugins/org.eclipse.equinox.launcher_1.6.400.v20210924-0641.jar
Launcher Type: SUN_STANDARD

[Global flags]
    uintx AdaptiveSizePolicyWeight                 = 90                                        {product} {command line}
     intx CICompilerCount                          = 2                                         {product} {ergonomic}
    uintx GCTimeRatio                              = 4                                         {product} {command line}
     bool HeapDumpOnOutOfMemoryError               = true                                   {manageable} {command line}
    ccstr HeapDumpPath                             = /home/hz223/.vscode-server/data/User/workspaceStorage/f1cd41904d7e98d7f4937dac509da9df/redhat.java         {manageable} {command line}
   size_t InitialHeapSize                          = 104857600                                 {product} {command line}
   size_t MaxHeapSize                              = 8589934592                                {product} {command line}
   size_t MaxNewSize                               = 2863136768                                {product} {ergonomic}
   size_t MinHeapDeltaBytes                        = 524288                                    {product} {ergonomic}
   size_t MinHeapSize                              = 104857600                                 {product} {command line}
   size_t NewSize                                  = 34603008                                  {product} {ergonomic}
    uintx NonNMethodCodeHeapSize                   = 5826188                                {pd product} {ergonomic}
    uintx NonProfiledCodeHeapSize                  = 122916026                              {pd product} {ergonomic}
   size_t OldSize                                  = 70254592                                  {product} {ergonomic}
    uintx ProfiledCodeHeapSize                     = 122916026                              {pd product} {ergonomic}
    uintx ReservedCodeCacheSize                    = 251658240                              {pd product} {ergonomic}
     bool SegmentedCodeCache                       = true                                      {product} {ergonomic}
   size_t SoftMaxHeapSize                          = 8589934592                             {manageable} {ergonomic}
     bool UseCompressedClassPointers               = true                           {product lp64_product} {ergonomic}
     bool UseCompressedOops                        = true                           {product lp64_product} {ergonomic}
     bool UseParallelGC                            = true                                      {product} {command line}

Logging:
Log output configuration:
 #0: stdout all=warning uptime,level,tags
 #1: stderr all=off uptime,level,tags

Environment Variables:
PATH=/home/hz223/.vscode-server/bin/8dfae7a5cd50421d10cd99cb873990460525a898/bin/remote-cli:/home/hz223/.local/bin:/usr/local/sbin:/usr/local/bin:/usr/sbin:/usr/bin:/sbin:/bin:/usr/games:/usr/local/games:/snap/bin:/opt/gradle/gradle-7.3.3/bin:/opt/gradle/gradle-7.3.3/bin:/opt/gradle/gradle-7.3.3/bin:/opt/gradle/gradle-7.3.3/bin:/opt/gradle/gradle-7.3.3/bin:/opt/gradle/gradle-7.3.3/bin:/opt/gradle/gradle-/bin:/opt/gradle/gradle-/bin:/opt/gradle/gradle-7.3.3/bin
SHELL=/bin/bash
LANG=en_US.UTF-8
LC_ALL=en_US.UTF-8

Signal Handlers:
   SIGSEGV: crash_handler in libjvm.so, mask=11100100010111111101111111111110, flags=SA_RESTART|SA_SIGINFO
    SIGBUS: crash_handler in libjvm.so, mask=11100100010111111101111111111110, flags=SA_RESTART|SA_SIGINFO
    SIGFPE: crash_handler in libjvm.so, mask=11100100010111111101111111111110, flags=SA_RESTART|SA_SIGINFO
   SIGPIPE: javaSignalHandler in libjvm.so, mask=11100100010111111101111111111110, flags=SA_RESTART|SA_SIGINFO
   SIGXFSZ: javaSignalHandler in libjvm.so, mask=11100100010111111101111111111110, flags=SA_RESTART|SA_SIGINFO
    SIGILL: crash_handler in libjvm.so, mask=11100100010111111101111111111110, flags=SA_RESTART|SA_SIGINFO
   SIGUSR2: SR_handler in libjvm.so, mask=00000000000000000000000000000000, flags=SA_RESTART|SA_SIGINFO
    SIGHUP: UserHandler in libjvm.so, mask=11100100010111111101111111111110, flags=SA_RESTART|SA_SIGINFO
    SIGINT: UserHandler in libjvm.so, mask=11100100010111111101111111111110, flags=SA_RESTART|SA_SIGINFO
   SIGTERM: UserHandler in libjvm.so, mask=11100100010111111101111111111110, flags=SA_RESTART|SA_SIGINFO
   SIGQUIT: UserHandler in libjvm.so, mask=11100100010111111101111111111110, flags=SA_RESTART|SA_SIGINFO
   SIGTRAP: crash_handler in libjvm.so, mask=11100100010111111101111111111110, flags=SA_RESTART|SA_SIGINFO


---------------  S Y S T E M  ---------------

OS:
DISTRIB_ID=Ubuntu
DISTRIB_RELEASE=20.04
DISTRIB_CODENAME=focal
DISTRIB_DESCRIPTION="Ubuntu 20.04.4 LTS"
uname: Linux 5.4.0-107-generic #121-Ubuntu SMP Thu Mar 24 16:04:27 UTC 2022 x86_64
OS uptime: 1 days 15:35 hours
libc: glibc 2.31 NPTL 2.31 
rlimit (soft/hard): STACK 8192k/infinity , CORE 0k/infinity , NPROC 14591/14591 , NOFILE 1048576/1048576 , AS infinity/infinity , CPU infinity/infinity , DATA infinity/infinity , FSIZE infinity/infinity , MEMLOCK 65536k/65536k
load average: 1.89 0.84 0.60

/proc/meminfo:
MemTotal:        3796944 kB
MemFree:          125616 kB
MemAvailable:     473400 kB
Buffers:             216 kB
Cached:           548796 kB
SwapCached:         4152 kB
Active:          2836992 kB
Inactive:         456952 kB
Active(anon):    2585208 kB
Inactive(anon):   192312 kB
Active(file):     251784 kB
Inactive(file):   264640 kB
Unevictable:           0 kB
Mlocked:               0 kB
SwapTotal:        999420 kB
SwapFree:         970492 kB
Dirty:             19500 kB
Writeback:             0 kB
AnonPages:       2742196 kB
Mapped:           328052 kB
Shmem:             32712 kB
KReclaimable:      70820 kB
Slab:             190096 kB
SReclaimable:      70820 kB
SUnreclaim:       119276 kB
KernelStack:       10208 kB
PageTables:        17608 kB
NFS_Unstable:          0 kB
Bounce:                0 kB
WritebackTmp:          0 kB
CommitLimit:     2897892 kB
Committed_AS:    5258304 kB
VmallocTotal:   34359738367 kB
VmallocUsed:       33880 kB
VmallocChunk:          0 kB
Percpu:           109568 kB
HardwareCorrupted:     0 kB
AnonHugePages:         0 kB
ShmemHugePages:        0 kB
ShmemPmdMapped:        0 kB
FileHugePages:         0 kB
FilePmdMapped:         0 kB
CmaTotal:              0 kB
CmaFree:               0 kB
HugePages_Total:       0
HugePages_Free:        0
HugePages_Rsvd:        0
HugePages_Surp:        0
Hugepagesize:       2048 kB
Hugetlb:               0 kB
DirectMap4k:      314716 kB
DirectMap2M:     3878912 kB

/sys/kernel/mm/transparent_hugepage/enabled: always [madvise] never
/sys/kernel/mm/transparent_hugepage/defrag (defrag/compaction efforts parameter): always defer defer+madvise [madvise] never

Process Memory:
Virtual Size: 6187316K (peak: 11379944K)
Resident Set Size: 803480K (peak: 952540K) (anon: 663816K, file: 139664K, shmem: 0K)
Swapped out: 0K
C-Heap outstanding allocations: 62144K

/proc/sys/kernel/threads-max (system-wide limit on the number of threads): 29182
/proc/sys/vm/max_map_count (maximum number of memory map areas a process may have): 65530
/proc/sys/kernel/pid_max (system-wide limit on number of process identifiers): 4194304

container (cgroup) information:
container_type: cgroupv1
cpu_cpuset_cpus: 0-1
cpu_memory_nodes: 0
active_processor_count: 2
cpu_quota: no quota
cpu_period: 100000
cpu_shares: no shares
memory_limit_in_bytes: unlimited
memory_and_swap_limit_in_bytes: not supported
memory_soft_limit_in_bytes: unlimited
memory_usage_in_bytes: 2949332992
memory_max_usage_in_bytes: 2991087616

VMWare virtualization detected
Steal ticks since vm start: 0
Steal ticks percentage since vm start:  0.000

CPU: total 2 (initial active 2) (1 cores per cpu, 1 threads per core) family 6 model 15 stepping 1 microcode 0x5003003, cx8, cmov, fxsr, mmx, sse, sse2, sse3, ssse3, tsc, tscinvbit, clflush, hv
CPU Model and flags from /proc/cpuinfo:
model name	: Intel(R) Xeon(R) Gold 6226R CPU @ 2.90GHz
flags		: fpu vme de pse tsc msr pae mce cx8 apic sep mtrr pge mca cmov pat pse36 clflush mmx fxsr sse sse2 syscall nx lm constant_tsc arch_perfmon nopl tsc_reliable nonstop_tsc cpuid pni ssse3 cx16 tsc_deadline_timer hypervisor lahf_lm pti tsc_adjust arat

Online cpus: 0-1
Offline cpus: 2-127
BIOS frequency limitation: <Not Available>
Frequency switch latency (ns): <Not Available>
Available cpu frequencies: <Not Available>
Current governor: <Not Available>
Core performance/turbo boost: <Not Available>

Memory: 4k page, physical 3796944k(123600k free), swap 999420k(970492k free)
Page Sizes: 4k

vm_info: OpenJDK 64-Bit Server VM (17.0.2+8) for linux-amd64 JRE (17.0.2+8), built on Jan 20 2022 09:56:58 by "" with gcc 7.5.0

END.
