#
# There is insufficient memory for the Java Runtime Environment to continue.
# Native memory allocation (mmap) failed to map 5211947008 bytes for committing reserved memory.
# Possible reasons:
#   The system is out of physical RAM or swap space
#   The process is running with CompressedOops enabled, and the Java Heap may be blocking the growth of the native heap
# Possible solutions:
#   Reduce memory load on the system
#   Increase physical memory or swap space
#   Check if swap backing store is full
#   Decrease Java heap size (-Xmx/-Xms)
#   Decrease number of Java threads
#   Decrease Java thread stack sizes (-Xss)
#   Set larger code cache with -XX:ReservedCodeCacheSize=
#   JVM is running with Zero Based Compressed Oops mode in which the Java heap is
#     placed in the first 32GB address space. The Java Heap base address is the
#     maximum limit for the native heap growth. Please use -XX:HeapBaseMinAddress
#     to set the Java Heap base and to place the Java Heap above 32GB virtual address.
# This output file may be truncated or incomplete.
#
#  Out of Memory Error (os_linux.cpp:2741), pid=439823, tid=439885
#
# JRE version: OpenJDK Runtime Environment Temurin-17.0.2+8 (17.0.2+8) (build 17.0.2+8)
# Java VM: OpenJDK 64-Bit Server VM Temurin-17.0.2+8 (17.0.2+8, mixed mode, tiered, compressed oops, compressed class ptrs, parallel gc, linux-amd64)
# Core dump will be written. Default location: Core dumps may be processed with "/usr/share/apport/apport %p %s %c %d %P %E" (or dumping to /home/hz223/ece651-sp22-risc/core.439823)
#

---------------  S U M M A R Y ------------

Command Line: --add-modules=ALL-SYSTEM --add-opens=java.base/java.util=ALL-UNNAMED --add-opens=java.base/java.lang=ALL-UNNAMED --add-opens=java.base/sun.nio.fs=ALL-UNNAMED -Declipse.application=org.eclipse.jdt.ls.core.id1 -Dosgi.bundles.defaultStartLevel=4 -Declipse.product=org.eclipse.jdt.ls.core.product -Djava.import.generatesMetadataFilesAtProjectRoot=false -Dfile.encoding=utf8 -XX:+UseParallelGC -XX:GCTimeRatio=4 -XX:AdaptiveSizePolicyWeight=90 -Dsun.zip.disableMemoryMapping=true -Xmx8G -Xms100m -XX:+HeapDumpOnOutOfMemoryError -XX:HeapDumpPath=/home/hz223/.vscode-server/data/User/workspaceStorage/f1cd41904d7e98d7f4937dac509da9df/redhat.java /home/hz223/.vscode-server/extensions/redhat.java-1.4.0/server/plugins/org.eclipse.equinox.launcher_1.6.400.v20210924-0641.jar -configuration /home/hz223/.vscode-server/data/User/globalStorage/redhat.java/1.4.0/config_linux -data /home/hz223/.vscode-server/data/User/workspaceStorage/f1cd41904d7e98d7f4937dac509da9df/redhat.java/jdt_ws

Host: Intel(R) Xeon(R) Gold 6226R CPU @ 2.90GHz, 2 cores, 3G, Ubuntu 20.04.4 LTS
Time: Wed Apr 13 12:28:03 2022 EDT elapsed time: 3416.877705 seconds (0d 0h 56m 56s)

---------------  T H R E A D  ---------------

Current thread (0x00007f32605433e0):  JavaThread "Java indexing" daemon [_thread_in_vm, id=439885, stack(0x00007f32948fd000,0x00007f32949fe000)]

Stack: [0x00007f32948fd000,0x00007f32949fe000],  sp=0x00007f32949fbb00,  free space=1018k
Native frames: (J=compiled Java code, j=interpreted, Vv=VM code, C=native code)
V  [libjvm.so+0xf81ea1]  VMError::report_and_die(int, char const*, char const*, __va_list_tag*, Thread*, unsigned char*, void*, void*, char const*, int, unsigned long)+0x1a1
V  [libjvm.so+0xf82b2b]  VMError::report_and_die(Thread*, char const*, int, unsigned long, VMErrorType, char const*, __va_list_tag*)+0x2b
V  [libjvm.so+0x61d6ad]  report_vm_out_of_memory(char const*, int, unsigned long, VMErrorType, char const*, ...)+0xcd
V  [libjvm.so+0xc3dc72]  os::pd_commit_memory(char*, unsigned long, unsigned long, bool)+0x102
V  [libjvm.so+0xc36f8f]  os::commit_memory(char*, unsigned long, unsigned long, bool)+0x1f
V  [libjvm.so+0xcbfad6]  PSVirtualSpace::expand_by(unsigned long)+0x56
V  [libjvm.so+0xcadd4c]  PSOldGen::expand_by(unsigned long)+0x1c
V  [libjvm.so+0xcae268]  PSOldGen::expand(unsigned long)+0x1c8
V  [libjvm.so+0xcae39d]  PSOldGen::expand_for_allocate(unsigned long)+0x4d
V  [libjvm.so+0xc636a3]  ParallelScavengeHeap::mem_allocate(unsigned long, bool*)+0x1d3
V  [libjvm.so+0xb87474]  MemAllocator::allocate() const+0x84
V  [libjvm.so+0x3d7763]  ArrayKlass::allocate_arrayArray(int, int, JavaThread*)+0x133
V  [libjvm.so+0x846dde]  InterpreterRuntime::anewarray(JavaThread*, ConstantPool*, int, int)+0x13e
j  org.eclipse.jdt.internal.compiler.util.HashtableOfObject.<init>(I)V+83
j  org.eclipse.jdt.internal.core.index.DiskIndex.readCategoryTable([CZ)Lorg/eclipse/jdt/internal/compiler/util/HashtableOfObject;+194
J 10997 c2 org.eclipse.jdt.internal.core.index.DiskIndex.mergeCategory([CLorg/eclipse/jdt/internal/core/index/DiskIndex;[ILjava/io/FileOutputStream;)V (301 bytes) @ 0x00007f32b62b4520 [0x00007f32b62b4480+0x00000000000000a0]
J 22345 c1 org.eclipse.jdt.internal.core.index.DiskIndex.mergeCategories(Lorg/eclipse/jdt/internal/core/index/DiskIndex;[ILjava/io/FileOutputStream;)V (121 bytes) @ 0x00007f32b035bc04 [0x00007f32b035b900+0x0000000000000304]
J 12230 c1 org.eclipse.jdt.internal.core.index.DiskIndex.mergeWith(Lorg/eclipse/jdt/internal/core/index/MemoryIndex;)Lorg/eclipse/jdt/internal/core/index/DiskIndex; (599 bytes) @ 0x00007f32afbedc3c [0x00007f32afbec6a0+0x000000000000159c]
j  org.eclipse.jdt.internal.core.index.Index.save()Z+40
j  org.eclipse.jdt.internal.core.search.indexing.IndexManager.saveIndex(Lorg/eclipse/jdt/internal/core/index/Index;)V+47
J 27032 c1 org.eclipse.jdt.internal.core.search.indexing.IndexManager.saveIndexes()V (282 bytes) @ 0x00007f32b0ddef44 [0x00007f32b0dddd60+0x00000000000011e4]
j  org.eclipse.jdt.internal.core.search.indexing.IndexManager.notifyIdle(J)V+16
j  org.eclipse.jdt.internal.core.search.processing.JobManager.run()V+116
j  java.lang.Thread.run()V+11 java.base@17.0.2
v  ~StubRoutines::call_stub
V  [libjvm.so+0x84f1f4]  JavaCalls::call_helper(JavaValue*, methodHandle const&, JavaCallArguments*, JavaThread*)+0x334
V  [libjvm.so+0x850cdc]  JavaCalls::call_virtual(JavaValue*, Handle, Klass*, Symbol*, Symbol*, JavaThread*)+0x20c
V  [libjvm.so+0x90d520]  thread_entry(JavaThread*, JavaThread*)+0x70
V  [libjvm.so+0xf02e80]  JavaThread::thread_main_inner()+0x180
V  [libjvm.so+0xf062e2]  Thread::call_run()+0xe2
V  [libjvm.so+0xc40b81]  thread_native_entry(Thread*)+0xe1

Java frames: (J=compiled Java code, j=interpreted, Vv=VM code)
j  org.eclipse.jdt.internal.compiler.util.HashtableOfObject.<init>(I)V+83
j  org.eclipse.jdt.internal.core.index.DiskIndex.readCategoryTable([CZ)Lorg/eclipse/jdt/internal/compiler/util/HashtableOfObject;+194
J 10997 c2 org.eclipse.jdt.internal.core.index.DiskIndex.mergeCategory([CLorg/eclipse/jdt/internal/core/index/DiskIndex;[ILjava/io/FileOutputStream;)V (301 bytes) @ 0x00007f32b62b4520 [0x00007f32b62b4480+0x00000000000000a0]
J 22345 c1 org.eclipse.jdt.internal.core.index.DiskIndex.mergeCategories(Lorg/eclipse/jdt/internal/core/index/DiskIndex;[ILjava/io/FileOutputStream;)V (121 bytes) @ 0x00007f32b035bc04 [0x00007f32b035b900+0x0000000000000304]
J 12230 c1 org.eclipse.jdt.internal.core.index.DiskIndex.mergeWith(Lorg/eclipse/jdt/internal/core/index/MemoryIndex;)Lorg/eclipse/jdt/internal/core/index/DiskIndex; (599 bytes) @ 0x00007f32afbedc3c [0x00007f32afbec6a0+0x000000000000159c]
j  org.eclipse.jdt.internal.core.index.Index.save()Z+40
j  org.eclipse.jdt.internal.core.search.indexing.IndexManager.saveIndex(Lorg/eclipse/jdt/internal/core/index/Index;)V+47
J 27032 c1 org.eclipse.jdt.internal.core.search.indexing.IndexManager.saveIndexes()V (282 bytes) @ 0x00007f32b0ddef44 [0x00007f32b0dddd60+0x00000000000011e4]
j  org.eclipse.jdt.internal.core.search.indexing.IndexManager.notifyIdle(J)V+16
j  org.eclipse.jdt.internal.core.search.processing.JobManager.run()V+116
j  java.lang.Thread.run()V+11 java.base@17.0.2
v  ~StubRoutines::call_stub

---------------  P R O C E S S  ---------------

Threads class SMR info:
_java_thread_list=0x00007f32c0480fb0, length=38, elements={
0x00007f32c0024750, 0x00007f32c011d390, 0x00007f32c011e900, 0x00007f32c0146050,
0x00007f32c0149960, 0x00007f32c014a8b0, 0x00007f32c014bf00, 0x00007f32c014d3b0,
0x00007f32c014e7f0, 0x00007f32c01a38d0, 0x00007f32c01eea10, 0x00007f32c02dc210,
0x00007f32c03c77b0, 0x00007f32c041c430, 0x00007f32c041f190, 0x00007f32600309b0,
0x00007f3260263020, 0x00007f32605433e0, 0x00007f3290006880, 0x00007f3290010810,
0x00007f32c0435c90, 0x00007f32c04f4640, 0x00007f32900f9850, 0x00007f329015d5d0,
0x00007f3290058e10, 0x00007f32792f7590, 0x00007f3278951f10, 0x00007f32789917e0,
0x00007f3278991f60, 0x00007f3280046670, 0x00007f327c4c5550, 0x00007f3268031db0,
0x00007f3274089de0, 0x00007f327c87f7d0, 0x00007f327c882160, 0x00007f32780a5fa0,
0x00007f3264040ea0, 0x00007f32c0486560
}

Java Threads: ( => current thread )
  0x00007f32c0024750 JavaThread "main" [_thread_blocked, id=439824, stack(0x00007f32c6191000,0x00007f32c6292000)]
  0x00007f32c011d390 JavaThread "Reference Handler" daemon [_thread_blocked, id=439827, stack(0x00007f32ac44f000,0x00007f32ac550000)]
  0x00007f32c011e900 JavaThread "Finalizer" daemon [_thread_blocked, id=439828, stack(0x00007f32ac34e000,0x00007f32ac44f000)]
  0x00007f32c0146050 JavaThread "Signal Dispatcher" daemon [_thread_blocked, id=439829, stack(0x00007f32ac24d000,0x00007f32ac34e000)]
  0x00007f32c0149960 JavaThread "Service Thread" daemon [_thread_blocked, id=439830, stack(0x00007f32ac14c000,0x00007f32ac24d000)]
  0x00007f32c014a8b0 JavaThread "Monitor Deflation Thread" daemon [_thread_blocked, id=439831, stack(0x00007f32ac04b000,0x00007f32ac14c000)]
  0x00007f32c014bf00 JavaThread "C2 CompilerThread0" daemon [_thread_blocked, id=439832, stack(0x00007f3297eff000,0x00007f3298000000)]
  0x00007f32c014d3b0 JavaThread "C1 CompilerThread0" daemon [_thread_blocked, id=439833, stack(0x00007f3297dfe000,0x00007f3297eff000)]
  0x00007f32c014e7f0 JavaThread "Sweeper thread" daemon [_thread_blocked, id=439834, stack(0x00007f3297cfd000,0x00007f3297dfe000)]
  0x00007f32c01a38d0 JavaThread "Common-Cleaner" daemon [_thread_blocked, id=439835, stack(0x00007f3296d8f000,0x00007f3296e90000)]
  0x00007f32c01eea10 JavaThread "Notification Thread" daemon [_thread_blocked, id=439838, stack(0x00007f3296c8e000,0x00007f3296d8f000)]
  0x00007f32c02dc210 JavaThread "process reaper" daemon [_thread_in_native, id=439845, stack(0x00007f32c405d000,0x00007f32c407f000)]
  0x00007f32c03c77b0 JavaThread "Active Thread: Equinox Container: 6b82623b-0692-4e55-b139-14828ef04671" [_thread_blocked, id=439849, stack(0x00007f3296662000,0x00007f3296763000)]
  0x00007f32c041c430 JavaThread "Framework Event Dispatcher: Equinox Container: 6b82623b-0692-4e55-b139-14828ef04671" daemon [_thread_blocked, id=439852, stack(0x00007f3296561000,0x00007f3296662000)]
  0x00007f32c041f190 JavaThread "Start Level: Equinox Container: 6b82623b-0692-4e55-b139-14828ef04671" daemon [_thread_blocked, id=439853, stack(0x00007f3296460000,0x00007f3296561000)]
  0x00007f32600309b0 JavaThread "SCR Component Actor" daemon [_thread_blocked, id=439855, stack(0x00007f32957ec000,0x00007f32958ed000)]
  0x00007f3260263020 JavaThread "Worker-JM" [_thread_blocked, id=439875, stack(0x00007f32955ea000,0x00007f32956eb000)]
=>0x00007f32605433e0 JavaThread "Java indexing" daemon [_thread_in_vm, id=439885, stack(0x00007f32948fd000,0x00007f32949fe000)]
  0x00007f3290006880 JavaThread "Timer-1" [_thread_blocked, id=439890, stack(0x00007f32941e9000,0x00007f32942ea000)]
  0x00007f3290010810 JavaThread "Timer-2" [_thread_blocked, id=439891, stack(0x00007f32940e8000,0x00007f32941e9000)]
  0x00007f32c0435c90 JavaThread "pool-3-thread-1" [_thread_blocked, id=439904, stack(0x00007f325ecfc000,0x00007f325edfd000)]
  0x00007f32c04f4640 JavaThread "pool-2-thread-1" [_thread_blocked, id=439907, stack(0x00007f3255da7000,0x00007f3255ea8000)]
  0x00007f32900f9850 JavaThread "Timer-3" [_thread_blocked, id=439977, stack(0x00007f32552ff000,0x00007f3255400000)]
  0x00007f329015d5d0 JavaThread "Timer-4" [_thread_blocked, id=440207, stack(0x00007f32551fe000,0x00007f32552ff000)]
  0x00007f3290058e10 JavaThread "Timer-5" [_thread_blocked, id=440209, stack(0x00007f32542ff000,0x00007f3254400000)]
  0x00007f32792f7590 JavaThread "Timer-6" [_thread_blocked, id=440214, stack(0x00007f3255ca6000,0x00007f3255da7000)]
  0x00007f3278951f10 JavaThread "Timer-7" [_thread_blocked, id=440215, stack(0x00007f3253b8a000,0x00007f3253c8b000)]
  0x00007f32789917e0 JavaThread "Timer-8" [_thread_blocked, id=440269, stack(0x00007f3253c8b000,0x00007f3253d8c000)]
  0x00007f3278991f60 JavaThread "Timer-9" [_thread_blocked, id=440272, stack(0x00007f32541fe000,0x00007f32542ff000)]
  0x00007f3280046670 JavaThread "Attach Listener" daemon [_thread_blocked, id=440407, stack(0x00007f3252cfd000,0x00007f3252dfe000)]
  0x00007f327c4c5550 JavaThread "Bundle File Closer" daemon [_thread_blocked, id=445129, stack(0x00007f32949fe000,0x00007f3294aff000)]
  0x00007f3268031db0 JavaThread "Worker-14" [_thread_blocked, id=452319, stack(0x00007f3254cf4000,0x00007f3254df5000)]
  0x00007f3274089de0 JavaThread "Java Debug Server" [_thread_in_native, id=463781, stack(0x00007f3250eff000,0x00007f3251000000)]
  0x00007f327c87f7d0 JavaThread "RxSchedulerPurge-1" daemon [_thread_blocked, id=463783, stack(0x00007f3253988000,0x00007f3253a89000)]
  0x00007f327c882160 JavaThread "RxCachedWorkerPoolEvictor-1" daemon [_thread_blocked, id=463784, stack(0x00007f3294aff000,0x00007f3294c00000)]
  0x00007f32780a5fa0 JavaThread "Worker-20" [_thread_blocked, id=470372, stack(0x00007f3254ef6000,0x00007f3254ff7000)]
  0x00007f3264040ea0 JavaThread "process reaper" daemon [_thread_blocked, id=473007, stack(0x00007f32c400e000,0x00007f32c4030000)]
  0x00007f32c0486560 JavaThread "Framework stop - Equinox Container: 6b82623b-0692-4e55-b139-14828ef04671" [_thread_blocked, id=473008, stack(0x00007f32519fe000,0x00007f3251aff000)]

Other Threads:
  0x00007f32c010d3c0 VMThread "VM Thread" [stack: 0x00007f32ac552000,0x00007f32ac652000] [id=439826] _threads_hazard_ptr=0x00007f32c0480fb0
  0x00007f32c006ef20 WatcherThread [stack: 0x00007f3296b8e000,0x00007f3296c8e000] [id=439839]
  0x00007f32c003b960 GCTaskThread "GC Thread#0" [stack: 0x00007f32c4a4d000,0x00007f32c4b4d000] [id=439825]
  0x00007f32900010d0 GCTaskThread "GC Thread#1" [stack: 0x00007f32958ef000,0x00007f32959ef000] [id=439854]

Threads with active compile tasks:

VM state: synchronizing (normal execution)

VM Mutex/Monitor currently owned by a thread:  ([mutex/lock_event])
[0x00007f32c0020c00] ExpandHeap_lock - owner thread: 0x00007f32605433e0
[0x00007f32c0021300] Threads_lock - owner thread: 0x00007f32c010d3c0
[0x00007f32c0021ab0] Heap_lock - owner thread: 0x00007f32605433e0

Heap address: 0x0000000600000000, size: 8192 MB, Compressed Oops mode: Zero based, Oop shift amount: 3

CDS archive(s) not mapped
Compressed class space mapped at: 0x0000000800000000-0x0000000840000000, reserved size: 1073741824
Narrow klass base: 0x0000000800000000, Narrow klass shift: 0, Narrow klass range: 0x40000000

GC Precious Log:
 CPUs: 2 total, 2 available
 Memory: 3707M
 Large Page Support: Disabled
 NUMA Support: Disabled
 Compressed Oops: Enabled (Zero based)
 Alignments: Space 512K, Generation 512K, Heap 2M
 Heap Min Capacity: 100M
 Heap Initial Capacity: 100M
 Heap Max Capacity: 8G
 Pre-touch: Disabled
 Parallel Workers: 2

Heap:
 PSYoungGen      total 8704K, used 2941K [0x0000000755580000, 0x0000000756400000, 0x0000000800000000)
  eden space 7168K, 22% used [0x0000000755580000,0x0000000755717600,0x0000000755c80000)
  from space 1536K, 85% used [0x0000000755c80000,0x0000000755dc8000,0x0000000755e00000)
  to   space 3072K, 0% used [0x0000000756100000,0x0000000756100000,0x0000000756400000)
 ParOldGen       total 502784K, used 436310K [0x0000000600000000, 0x000000061eb00000, 0x0000000755580000)
  object space 502784K, 86% used [0x0000000600000000,0x000000061aa15830,0x000000061eb00000)
 Metaspace       used 100687K, committed 101824K, reserved 1146880K
  class space    used 10999K, committed 11584K, reserved 1048576K

Card table byte_map: [0x00007f32c4b4d000,0x00007f32c5b4e000] _byte_map_base: 0x00007f32c1b4d000

Marking Bits: (ParMarkBitMap*) 0x00007f32c79ee4a0
 Begin Bits: [0x00007f3298000000, 0x00007f32a0000000)
 End Bits:   [0x00007f32a0000000, 0x00007f32a8000000)

Polling page: 0x00007f32c7e67000

Metaspace:

Usage:
  Non-class:     87.59 MB used.
      Class:     10.74 MB used.
       Both:     98.33 MB used.

Virtual space:
  Non-class space:       96.00 MB reserved,      88.12 MB ( 92%) committed,  12 nodes.
      Class space:        1.00 GB reserved,      11.31 MB (  1%) committed,  1 nodes.
             Both:        1.09 GB reserved,      99.44 MB (  9%) committed. 

Chunk freelists:
   Non-Class:  3.50 MB
       Class:  704.00 KB
        Both:  4.19 MB

MaxMetaspaceSize: unlimited
CompressedClassSpaceSize: 1.00 GB
Initial GC threshold: 21.00 MB
Current GC threshold: 165.31 MB
CDS: off
MetaspaceReclaimPolicy: balanced
 - commit_granule_bytes: 65536.
 - commit_granule_words: 8192.
 - virtual_space_node_default_size: 1048576.
 - enlarge_chunks_in_place: 1.
 - new_chunks_are_fully_committed: 0.
 - uncommit_free_chunks: 1.
 - use_allocation_guard: 0.
 - handle_deallocations: 1.


Internal statistics:

num_allocs_failed_limit: 11.
num_arena_births: 892.
num_arena_deaths: 0.
num_vsnodes_births: 13.
num_vsnodes_deaths: 0.
num_space_committed: 1591.
num_space_uncommitted: 0.
num_chunks_returned_to_freelist: 11.
num_chunks_taken_from_freelist: 5019.
num_chunk_merges: 8.
num_chunk_splits: 3124.
num_chunks_enlarged: 1814.
num_purges: 0.
num_inconsistent_stats: 0.

CodeHeap 'non-profiled nmethods': size=120036Kb used=21989Kb max_used=21989Kb free=98046Kb
 bounds [0x00007f32b5ec7000, 0x00007f32b7447000, 0x00007f32bd400000]
CodeHeap 'profiled nmethods': size=120032Kb used=39589Kb max_used=39869Kb free=80442Kb
 bounds [0x00007f32ae98f000, 0x00007f32b10df000, 0x00007f32b5ec7000]
CodeHeap 'non-nmethods': size=5692Kb used=1448Kb max_used=1502Kb free=4243Kb
 bounds [0x00007f32ae400000, 0x00007f32ae670000, 0x00007f32ae98f000]
 total_blobs=18892 nmethods=18087 adapters=715
 compilation: enabled
              stopped_count=0, restarted_count=0
 full_count=0

Compilation events (20 events):
Event: 3416.855 Thread 0x00007f32c014bf00 nmethod 28611 0x00007f32b743d990 code [0x00007f32b743dbc0, 0x00007f32b743e860]
Event: 3416.855 Thread 0x00007f32c014bf00 28613       4       org.eclipse.osgi.framework.eventmgr.CopyOnWriteIdentityMap$Snapshot$SnapshotIterator::nextEntry (58 bytes)
Event: 3416.856 Thread 0x00007f32c014bf00 nmethod 28613 0x00007f32b743f090 code [0x00007f32b743f220, 0x00007f32b743f338]
Event: 3416.860 Thread 0x00007f32c014bf00 28620       4       org.eclipse.osgi.framework.eventmgr.CopyOnWriteIdentityMap$Snapshot$EntryIterator::next (5 bytes)
Event: 3416.861 Thread 0x00007f32c014bf00 nmethod 28620 0x00007f32b743f490 code [0x00007f32b743f620, 0x00007f32b743f738]
Event: 3416.862 Thread 0x00007f32c014d3b0 28621       1       org.osgi.util.tracker.ServiceTracker::tracked (5 bytes)
Event: 3416.862 Thread 0x00007f32c014d3b0 nmethod 28621 0x00007f32b743f890 code [0x00007f32b743fa20, 0x00007f32b743faf0]
Event: 3416.863 Thread 0x00007f32c014d3b0 28622   !   3       org.eclipse.osgi.internal.framework.EquinoxEventPublisher::publishBundleEventPrivileged (651 bytes)
Event: 3416.867 Thread 0x00007f32c014d3b0 nmethod 28622 0x00007f32b09cc190 code [0x00007f32b09cc9e0, 0x00007f32b09d2af0]
Event: 3416.870 Thread 0x00007f32c014d3b0 28623       1       com.sun.org.apache.xerces.internal.dom.ParentNode::getOwnerDocument (5 bytes)
Event: 3416.870 Thread 0x00007f32c014d3b0 nmethod 28623 0x00007f32b743fb90 code [0x00007f32b743fd20, 0x00007f32b743fdf0]
Event: 3416.870 Thread 0x00007f32c014d3b0 28624       3       com.sun.org.apache.xerces.internal.dom.AttrImpl::setValue (366 bytes)
Event: 3416.872 Thread 0x00007f32c014d3b0 nmethod 28624 0x00007f32b0176590 code [0x00007f32b0176a60, 0x00007f32b017a140]
Event: 3416.872 Thread 0x00007f32c014d3b0 28625  s    3       java.util.Properties::setProperty (7 bytes)
Event: 3416.873 Thread 0x00007f32c014d3b0 nmethod 28625 0x00007f32b0075c10 code [0x00007f32b0075dc0, 0x00007f32b0076040]
Event: 3416.873 Thread 0x00007f32c014d3b0 28626       3       org.apache.felix.scr.impl.Activator::debug (77 bytes)
Event: 3416.874 Thread 0x00007f32c014d3b0 nmethod 28626 0x00007f32af9c6410 code [0x00007f32af9c66c0, 0x00007f32af9c7200]
Event: 3416.874 Thread 0x00007f32c014bf00 28627       4       org.eclipse.osgi.internal.framework.BundleContextImpl::setContextFinder (56 bytes)
Event: 3416.875 Thread 0x00007f32c014d3b0 28628  s!   3       org.eclipse.osgi.framework.eventmgr.EventManager$EventThread::getNextEvent (61 bytes)
Event: 3416.875 Thread 0x00007f32c014d3b0 nmethod 28628 0x00007f32b0d34390 code [0x00007f32b0d34560, 0x00007f32b0d34a40]

GC Heap History (20 events):
Event: 3353.119 GC heap before
{Heap before GC invocations=2161 (full 52):
 PSYoungGen      total 12800K, used 10832K [0x0000000755580000, 0x0000000756680000, 0x0000000800000000)
  eden space 10240K, 100% used [0x0000000755580000,0x0000000755f80000,0x0000000755f80000)
  from space 2560K, 23% used [0x0000000756180000,0x0000000756214010,0x0000000756400000)
  to   space 1024K, 0% used [0x0000000756580000,0x0000000756580000,0x0000000756680000)
 ParOldGen       total 503808K, used 473715K [0x0000000600000000, 0x000000061ec00000, 0x0000000755580000)
  object space 503808K, 94% used [0x0000000600000000,0x000000061ce9cf38,0x000000061ec00000)
 Metaspace       used 100475K, committed 101632K, reserved 1146880K
  class space    used 10973K, committed 11584K, reserved 1048576K
}
Event: 3353.122 GC heap after
{Heap after GC invocations=2161 (full 52):
 PSYoungGen      total 10752K, used 400K [0x0000000755580000, 0x0000000756600000, 0x0000000800000000)
  eden space 10240K, 0% used [0x0000000755580000,0x0000000755580000,0x0000000755f80000)
  from space 512K, 78% used [0x0000000756580000,0x00000007565e4010,0x0000000756600000)
  to   space 512K, 0% used [0x0000000756500000,0x0000000756500000,0x0000000756580000)
 ParOldGen       total 503808K, used 474246K [0x0000000600000000, 0x000000061ec00000, 0x0000000755580000)
  object space 503808K, 94% used [0x0000000600000000,0x000000061cf21858,0x000000061ec00000)
 Metaspace       used 100475K, committed 101632K, reserved 1146880K
  class space    used 10973K, committed 11584K, reserved 1048576K
}
Event: 3353.380 GC heap before
{Heap before GC invocations=2162 (full 52):
 PSYoungGen      total 10752K, used 10640K [0x0000000755580000, 0x0000000756600000, 0x0000000800000000)
  eden space 10240K, 100% used [0x0000000755580000,0x0000000755f80000,0x0000000755f80000)
  from space 512K, 78% used [0x0000000756580000,0x00000007565e4010,0x0000000756600000)
  to   space 512K, 0% used [0x0000000756500000,0x0000000756500000,0x0000000756580000)
 ParOldGen       total 503808K, used 474246K [0x0000000600000000, 0x000000061ec00000, 0x0000000755580000)
  object space 503808K, 94% used [0x0000000600000000,0x000000061cf21858,0x000000061ec00000)
 Metaspace       used 100480K, committed 101696K, reserved 1146880K
  class space    used 10973K, committed 11584K, reserved 1048576K
}
Event: 3353.387 GC heap after
{Heap after GC invocations=2162 (full 52):
 PSYoungGen      total 10752K, used 512K [0x0000000755580000, 0x0000000756880000, 0x0000000800000000)
  eden space 10240K, 0% used [0x0000000755580000,0x0000000755580000,0x0000000755f80000)
  from space 512K, 100% used [0x0000000756500000,0x0000000756580000,0x0000000756580000)
  to   space 3072K, 0% used [0x0000000756580000,0x0000000756580000,0x0000000756880000)
 ParOldGen       total 503808K, used 477637K [0x0000000600000000, 0x000000061ec00000, 0x0000000755580000)
  object space 503808K, 94% used [0x0000000600000000,0x000000061d2715a8,0x000000061ec00000)
 Metaspace       used 100480K, committed 101696K, reserved 1146880K
  class space    used 10973K, committed 11584K, reserved 1048576K
}
Event: 3353.416 GC heap before
{Heap before GC invocations=2163 (full 52):
 PSYoungGen      total 10752K, used 10752K [0x0000000755580000, 0x0000000756880000, 0x0000000800000000)
  eden space 10240K, 100% used [0x0000000755580000,0x0000000755f80000,0x0000000755f80000)
  from space 512K, 100% used [0x0000000756500000,0x0000000756580000,0x0000000756580000)
  to   space 3072K, 0% used [0x0000000756580000,0x0000000756580000,0x0000000756880000)
 ParOldGen       total 503808K, used 477637K [0x0000000600000000, 0x000000061ec00000, 0x0000000755580000)
  object space 503808K, 94% used [0x0000000600000000,0x000000061d2715a8,0x000000061ec00000)
 Metaspace       used 100480K, committed 101696K, reserved 1146880K
  class space    used 10973K, committed 11584K, reserved 1048576K
}
Event: 3353.435 GC heap after
{Heap after GC invocations=2163 (full 52):
 PSYoungGen      total 7680K, used 3072K [0x0000000755580000, 0x0000000757680000, 0x0000000800000000)
  eden space 4608K, 0% used [0x0000000755580000,0x0000000755580000,0x0000000755a00000)
  from space 3072K, 100% used [0x0000000756580000,0x0000000756880000,0x0000000756880000)
  to   space 11776K, 0% used [0x0000000755a00000,0x0000000755a00000,0x0000000756580000)
 ParOldGen       total 503808K, used 485042K [0x0000000600000000, 0x000000061ec00000, 0x0000000755580000)
  object space 503808K, 96% used [0x0000000600000000,0x000000061d9ac9a8,0x000000061ec00000)
 Metaspace       used 100480K, committed 101696K, reserved 1146880K
  class space    used 10973K, committed 11584K, reserved 1048576K
}
Event: 3353.456 GC heap before
{Heap before GC invocations=2164 (full 52):
 PSYoungGen      total 7680K, used 6919K [0x0000000755580000, 0x0000000757680000, 0x0000000800000000)
  eden space 4608K, 83% used [0x0000000755580000,0x0000000755941f58,0x0000000755a00000)
  from space 3072K, 100% used [0x0000000756580000,0x0000000756880000,0x0000000756880000)
  to   space 11776K, 0% used [0x0000000755a00000,0x0000000755a00000,0x0000000756580000)
 ParOldGen       total 503808K, used 485042K [0x0000000600000000, 0x000000061ec00000, 0x0000000755580000)
  object space 503808K, 96% used [0x0000000600000000,0x000000061d9ac9a8,0x000000061ec00000)
 Metaspace       used 100480K, committed 101696K, reserved 1146880K
  class space    used 10973K, committed 11584K, reserved 1048576K
}
Event: 3353.466 GC heap after
{Heap after GC invocations=2164 (full 52):
 PSYoungGen      total 8192K, used 3336K [0x0000000755580000, 0x0000000756700000, 0x0000000800000000)
  eden space 4608K, 0% used [0x0000000755580000,0x0000000755580000,0x0000000755a00000)
  from space 3584K, 93% used [0x0000000755a00000,0x0000000755d42000,0x0000000755d80000)
  to   space 6144K, 0% used [0x0000000756100000,0x0000000756100000,0x0000000756700000)
 ParOldGen       total 503808K, used 488146K [0x0000000600000000, 0x000000061ec00000, 0x0000000755580000)
  object space 503808K, 96% used [0x0000000600000000,0x000000061dcb49a8,0x000000061ec00000)
 Metaspace       used 100480K, committed 101696K, reserved 1146880K
  class space    used 10973K, committed 11584K, reserved 1048576K
}
Event: 3353.525 GC heap before
{Heap before GC invocations=2165 (full 52):
 PSYoungGen      total 8192K, used 7944K [0x0000000755580000, 0x0000000756700000, 0x0000000800000000)
  eden space 4608K, 100% used [0x0000000755580000,0x0000000755a00000,0x0000000755a00000)
  from space 3584K, 93% used [0x0000000755a00000,0x0000000755d42000,0x0000000755d80000)
  to   space 6144K, 0% used [0x0000000756100000,0x0000000756100000,0x0000000756700000)
 ParOldGen       total 503808K, used 488146K [0x0000000600000000, 0x000000061ec00000, 0x0000000755580000)
  object space 503808K, 96% used [0x0000000600000000,0x000000061dcb49a8,0x000000061ec00000)
 Metaspace       used 100480K, committed 101696K, reserved 1146880K
  class space    used 10973K, committed 11584K, reserved 1048576K
}
Event: 3353.534 GC heap after
{Heap after GC invocations=2165 (full 52):
 PSYoungGen      total 9728K, used 4634K [0x0000000755580000, 0x0000000756600000, 0x0000000800000000)
  eden space 4608K, 0% used [0x0000000755580000,0x0000000755580000,0x0000000755a00000)
  from space 5120K, 90% used [0x0000000756100000,0x0000000756586be0,0x0000000756600000)
  to   space 5120K, 0% used [0x0000000755c00000,0x0000000755c00000,0x0000000756100000)
 ParOldGen       total 503808K, used 490486K [0x0000000600000000, 0x000000061ec00000, 0x0000000755580000)
  object space 503808K, 97% used [0x0000000600000000,0x000000061defd9a8,0x000000061ec00000)
 Metaspace       used 100480K, committed 101696K, reserved 1146880K
  class space    used 10973K, committed 11584K, reserved 1048576K
}
Event: 3353.549 GC heap before
{Heap before GC invocations=2166 (full 52):
 PSYoungGen      total 9728K, used 9242K [0x0000000755580000, 0x0000000756600000, 0x0000000800000000)
  eden space 4608K, 100% used [0x0000000755580000,0x0000000755a00000,0x0000000755a00000)
  from space 5120K, 90% used [0x0000000756100000,0x0000000756586be0,0x0000000756600000)
  to   space 5120K, 0% used [0x0000000755c00000,0x0000000755c00000,0x0000000756100000)
 ParOldGen       total 503808K, used 490486K [0x0000000600000000, 0x000000061ec00000, 0x0000000755580000)
  object space 503808K, 97% used [0x0000000600000000,0x000000061defd9a8,0x000000061ec00000)
 Metaspace       used 100480K, committed 101696K, reserved 1146880K
  class space    used 10973K, committed 11584K, reserved 1048576K
}
Event: 3353.563 GC heap after
{Heap after GC invocations=2166 (full 52):
 PSYoungGen      total 10240K, used 4176K [0x0000000755580000, 0x0000000756400000, 0x0000000800000000)
  eden space 5632K, 0% used [0x0000000755580000,0x0000000755580000,0x0000000755b00000)
  from space 4608K, 90% used [0x0000000755c00000,0x0000000756014000,0x0000000756080000)
  to   space 3584K, 0% used [0x0000000756080000,0x0000000756080000,0x0000000756400000)
 ParOldGen       total 503808K, used 495097K [0x0000000600000000, 0x000000061ec00000, 0x0000000755580000)
  object space 503808K, 98% used [0x0000000600000000,0x000000061e37e588,0x000000061ec00000)
 Metaspace       used 100480K, committed 101696K, reserved 1146880K
  class space    used 10973K, committed 11584K, reserved 1048576K
}
Event: 3353.716 GC heap before
{Heap before GC invocations=2167 (full 52):
 PSYoungGen      total 10240K, used 9808K [0x0000000755580000, 0x0000000756400000, 0x0000000800000000)
  eden space 5632K, 100% used [0x0000000755580000,0x0000000755b00000,0x0000000755b00000)
  from space 4608K, 90% used [0x0000000755c00000,0x0000000756014000,0x0000000756080000)
  to   space 3584K, 0% used [0x0000000756080000,0x0000000756080000,0x0000000756400000)
 ParOldGen       total 503808K, used 495097K [0x0000000600000000, 0x000000061ec00000, 0x0000000755580000)
  object space 503808K, 98% used [0x0000000600000000,0x000000061e37e588,0x000000061ec00000)
 Metaspace       used 100483K, committed 101696K, reserved 1146880K
  class space    used 10973K, committed 11584K, reserved 1048576K
}
Event: 3353.726 GC heap after
{Heap after GC invocations=2167 (full 52):
 PSYoungGen      total 7680K, used 416K [0x0000000755580000, 0x0000000756100000, 0x0000000800000000)
  eden space 7168K, 0% used [0x0000000755580000,0x0000000755580000,0x0000000755c80000)
  from space 512K, 81% used [0x0000000756080000,0x00000007560e8000,0x0000000756100000)
  to   space 2048K, 0% used [0x0000000755d00000,0x0000000755d00000,0x0000000755f00000)
 ParOldGen       total 503808K, used 498929K [0x0000000600000000, 0x000000061ec00000, 0x0000000755580000)
  object space 503808K, 99% used [0x0000000600000000,0x000000061e73c588,0x000000061ec00000)
 Metaspace       used 100483K, committed 101696K, reserved 1146880K
  class space    used 10973K, committed 11584K, reserved 1048576K
}
Event: 3356.274 GC heap before
{Heap before GC invocations=2168 (full 52):
 PSYoungGen      total 7680K, used 7584K [0x0000000755580000, 0x0000000756100000, 0x0000000800000000)
  eden space 7168K, 100% used [0x0000000755580000,0x0000000755c80000,0x0000000755c80000)
  from space 512K, 81% used [0x0000000756080000,0x00000007560e8000,0x0000000756100000)
  to   space 2048K, 0% used [0x0000000755d00000,0x0000000755d00000,0x0000000755f00000)
 ParOldGen       total 503808K, used 498929K [0x0000000600000000, 0x000000061ec00000, 0x0000000755580000)
  object space 503808K, 99% used [0x0000000600000000,0x000000061e73c588,0x000000061ec00000)
 Metaspace       used 100483K, committed 101696K, reserved 1146880K
  class space    used 10973K, committed 11584K, reserved 1048576K
}
Event: 3356.282 GC heap after
{Heap after GC invocations=2168 (full 52):
 PSYoungGen      total 9216K, used 2038K [0x0000000755580000, 0x0000000756a80000, 0x0000000800000000)
  eden space 7168K, 0% used [0x0000000755580000,0x0000000755580000,0x0000000755c80000)
  from space 2048K, 99% used [0x0000000755d00000,0x0000000755efdbf0,0x0000000755f00000)
  to   space 7168K, 0% used [0x0000000756380000,0x0000000756380000,0x0000000756a80000)
 ParOldGen       total 503808K, used 502705K [0x0000000600000000, 0x000000061ec00000, 0x0000000755580000)
  object space 503808K, 99% used [0x0000000600000000,0x000000061eaec588,0x000000061ec00000)
 Metaspace       used 100483K, committed 101696K, reserved 1146880K
  class space    used 10973K, committed 11584K, reserved 1048576K
}
Event: 3356.282 GC heap before
{Heap before GC invocations=2169 (full 53):
 PSYoungGen      total 9216K, used 2038K [0x0000000755580000, 0x0000000756a80000, 0x0000000800000000)
  eden space 7168K, 0% used [0x0000000755580000,0x0000000755580000,0x0000000755c80000)
  from space 2048K, 99% used [0x0000000755d00000,0x0000000755efdbf0,0x0000000755f00000)
  to   space 7168K, 0% used [0x0000000756380000,0x0000000756380000,0x0000000756a80000)
 ParOldGen       total 503808K, used 502705K [0x0000000600000000, 0x000000061ec00000, 0x0000000755580000)
  object space 503808K, 99% used [0x0000000600000000,0x000000061eaec588,0x000000061ec00000)
 Metaspace       used 100483K, committed 101696K, reserved 1146880K
  class space    used 10973K, committed 11584K, reserved 1048576K
}
Event: 3356.812 GC heap after
{Heap after GC invocations=2169 (full 53):
 PSYoungGen      total 14336K, used 0K [0x0000000755580000, 0x0000000756a80000, 0x0000000800000000)
  eden space 7168K, 0% used [0x0000000755580000,0x0000000755580000,0x0000000755c80000)
  from space 7168K, 0% used [0x0000000756380000,0x0000000756380000,0x0000000756a80000)
  to   space 7168K, 0% used [0x0000000755c80000,0x0000000755c80000,0x0000000756380000)
 ParOldGen       total 502784K, used 436310K [0x0000000600000000, 0x000000061eb00000, 0x0000000755580000)
  object space 502784K, 86% used [0x0000000600000000,0x000000061aa15830,0x000000061eb00000)
 Metaspace       used 100483K, committed 101696K, reserved 1146880K
  class space    used 10973K, committed 11584K, reserved 1048576K
}
Event: 3369.883 GC heap before
{Heap before GC invocations=2170 (full 53):
 PSYoungGen      total 14336K, used 7154K [0x0000000755580000, 0x0000000756a80000, 0x0000000800000000)
  eden space 7168K, 99% used [0x0000000755580000,0x0000000755c7ca50,0x0000000755c80000)
  from space 7168K, 0% used [0x0000000756380000,0x0000000756380000,0x0000000756a80000)
  to   space 7168K, 0% used [0x0000000755c80000,0x0000000755c80000,0x0000000756380000)
 ParOldGen       total 502784K, used 436310K [0x0000000600000000, 0x000000061eb00000, 0x0000000755580000)
  object space 502784K, 86% used [0x0000000600000000,0x000000061aa15830,0x000000061eb00000)
 Metaspace       used 100483K, committed 101696K, reserved 1146880K
  class space    used 10973K, committed 11584K, reserved 1048576K
}
Event: 3369.889 GC heap after
{Heap after GC invocations=2170 (full 53):
 PSYoungGen      total 8704K, used 1312K [0x0000000755580000, 0x0000000756400000, 0x0000000800000000)
  eden space 7168K, 0% used [0x0000000755580000,0x0000000755580000,0x0000000755c80000)
  from space 1536K, 85% used [0x0000000755c80000,0x0000000755dc8000,0x0000000755e00000)
  to   space 3072K, 0% used [0x0000000756100000,0x0000000756100000,0x0000000756400000)
 ParOldGen       total 502784K, used 436310K [0x0000000600000000, 0x000000061eb00000, 0x0000000755580000)
  object space 502784K, 86% used [0x0000000600000000,0x000000061aa15830,0x000000061eb00000)
 Metaspace       used 100483K, committed 101696K, reserved 1146880K
  class space    used 10973K, committed 11584K, reserved 1048576K
}

Deoptimization events (20 events):
Event: 3334.051 Thread 0x00007f3268031db0 DEOPT PACKING pc=0x00007f32b6a6ea94 sp=0x00007f3254df2f60
Event: 3334.051 Thread 0x00007f3268031db0 DEOPT UNPACKING pc=0x00007f32ae451d93 sp=0x00007f3254df2ec8 mode 2
Event: 3352.285 Thread 0x00007f326c1be6b0 Uncommon trap: trap_request=0xffffffde fr.pc=0x00007f32b6bcb1e8 relative=0x0000000000000528
Event: 3352.285 Thread 0x00007f326c1be6b0 Uncommon trap: reason=class_check action=maybe_recompile pc=0x00007f32b6bcb1e8 method=java.util.regex.Pattern$BnM.match(Ljava/util/regex/Matcher;ILjava/lang/CharSequence;)Z @ 111 c2
Event: 3352.285 Thread 0x00007f326c1be6b0 DEOPT PACKING pc=0x00007f32b6bcb1e8 sp=0x00007f3250dfc1f0
Event: 3352.285 Thread 0x00007f326c1be6b0 DEOPT UNPACKING pc=0x00007f32ae451d93 sp=0x00007f3250dfc190 mode 2
Event: 3352.386 Thread 0x00007f32c04f4640 Uncommon trap: trap_request=0xffffff45 fr.pc=0x00007f32b7063bb8 relative=0x00000000000002f8
Event: 3352.386 Thread 0x00007f32c04f4640 Uncommon trap: reason=unstable_if action=reinterpret pc=0x00007f32b7063bb8 method=com.google.gson.stream.JsonReader.readEscapeCharacter()C @ 44 c2
Event: 3352.386 Thread 0x00007f32c04f4640 DEOPT PACKING pc=0x00007f32b7063bb8 sp=0x00007f3255ea6250
Event: 3352.386 Thread 0x00007f32c04f4640 DEOPT UNPACKING pc=0x00007f32ae451d93 sp=0x00007f3255ea61f0 mode 2
Event: 3354.902 Thread 0x00007f32701cb450 DEOPT PACKING pc=0x00007f32b0c3268e sp=0x00007f32948fb180
Event: 3354.902 Thread 0x00007f32701cb450 DEOPT UNPACKING pc=0x00007f32ae452510 sp=0x00007f32948fa688 mode 0
Event: 3378.396 Thread 0x00007f32c04f4640 Uncommon trap: trap_request=0xffffff45 fr.pc=0x00007f32b72c6bbc relative=0x00000000000028bc
Event: 3378.396 Thread 0x00007f32c04f4640 Uncommon trap: reason=unstable_if action=reinterpret pc=0x00007f32b72c6bbc method=org.eclipse.lsp4j.jsonrpc.json.StreamMessageProducer.listen(Lorg/eclipse/lsp4j/jsonrpc/MessageConsumer;)V @ 62 c2
Event: 3378.396 Thread 0x00007f32c04f4640 DEOPT PACKING pc=0x00007f32b72c6bbc sp=0x00007f3255ea6710
Event: 3378.396 Thread 0x00007f32c04f4640 DEOPT UNPACKING pc=0x00007f32ae451d93 sp=0x00007f3255ea66e0 mode 2
Event: 3416.876 Thread 0x00007f32605433e0 Uncommon trap: trap_request=0xffffff3d fr.pc=0x00007f32b656bf0c relative=0x000000000000444c
Event: 3416.876 Thread 0x00007f32605433e0 Uncommon trap: reason=unstable_fused_if action=reinterpret pc=0x00007f32b656bf0c method=org.eclipse.jdt.internal.compiler.util.HashtableOfObject.<init>(I)V @ 67 c2
Event: 3416.876 Thread 0x00007f32605433e0 DEOPT PACKING pc=0x00007f32b656bf0c sp=0x00007f32949fc2b0
Event: 3416.876 Thread 0x00007f32605433e0 DEOPT UNPACKING pc=0x00007f32ae451d93 sp=0x00007f32949fc1f8 mode 2

Classes unloaded (0 events):
No events

Classes redefined (0 events):
No events

Internal exceptions (20 events):
Event: 3176.311 Thread 0x00007f326c1be6b0 Exception <a 'java/lang/ClassCastException'{0x0000000755ba12d0}: class org.eclipse.jdt.internal.compiler.lookup.BinaryTypeBinding cannot be cast to class org.eclipse.jdt.internal.compiler.lookup.SourceTypeBinding (org.eclipse.jdt.internal.compiler.lookup.BinaryTypeBinding and org.eclipse.jdt.internal.compiler.lookup.SourceTypeBinding are in unnamed module of loader org.eclipse.osgi.internal.loader.EquinoxClassLoader @47bb5e2c)> (0x0000000755ba12d0) 
thrown [src/hotspot/share/interpreter/interpreterRuntime.
Event: 3176.311 Thread 0x00007f326c1be6b0 Exception <a 'java/lang/ClassCastException'{0x0000000755ba1738}: class org.eclipse.jdt.internal.compiler.lookup.BinaryTypeBinding cannot be cast to class org.eclipse.jdt.internal.compiler.lookup.SourceTypeBinding (org.eclipse.jdt.internal.compiler.lookup.BinaryTypeBinding and org.eclipse.jdt.internal.compiler.lookup.SourceTypeBinding are in unnamed module of loader org.eclipse.osgi.internal.loader.EquinoxClassLoader @47bb5e2c)> (0x0000000755ba1738) 
thrown [src/hotspot/share/interpreter/interpreterRuntime.
Event: 3176.311 Thread 0x00007f326c1be6b0 Exception <a 'java/lang/ClassCastException'{0x0000000755ba1ba0}: class org.eclipse.jdt.internal.compiler.lookup.BinaryTypeBinding cannot be cast to class org.eclipse.jdt.internal.compiler.lookup.SourceTypeBinding (org.eclipse.jdt.internal.compiler.lookup.BinaryTypeBinding and org.eclipse.jdt.internal.compiler.lookup.SourceTypeBinding are in unnamed module of loader org.eclipse.osgi.internal.loader.EquinoxClassLoader @47bb5e2c)> (0x0000000755ba1ba0) 
thrown [src/hotspot/share/interpreter/interpreterRuntime.
Event: 3176.311 Thread 0x00007f326c1be6b0 Exception <a 'java/lang/ClassCastException'{0x0000000755ba2008}: class org.eclipse.jdt.internal.compiler.lookup.BinaryTypeBinding cannot be cast to class org.eclipse.jdt.internal.compiler.lookup.SourceTypeBinding (org.eclipse.jdt.internal.compiler.lookup.BinaryTypeBinding and org.eclipse.jdt.internal.compiler.lookup.SourceTypeBinding are in unnamed module of loader org.eclipse.osgi.internal.loader.EquinoxClassLoader @47bb5e2c)> (0x0000000755ba2008) 
thrown [src/hotspot/share/interpreter/interpreterRuntime.
Event: 3176.311 Thread 0x00007f326c1be6b0 Exception <a 'java/lang/ClassCastException'{0x0000000755ba2470}: class org.eclipse.jdt.internal.compiler.lookup.BinaryTypeBinding cannot be cast to class org.eclipse.jdt.internal.compiler.lookup.SourceTypeBinding (org.eclipse.jdt.internal.compiler.lookup.BinaryTypeBinding and org.eclipse.jdt.internal.compiler.lookup.SourceTypeBinding are in unnamed module of loader org.eclipse.osgi.internal.loader.EquinoxClassLoader @47bb5e2c)> (0x0000000755ba2470) 
thrown [src/hotspot/share/interpreter/interpreterRuntime.
Event: 3176.311 Thread 0x00007f326c1be6b0 Exception <a 'java/lang/ClassCastException'{0x0000000755ba28d8}: class org.eclipse.jdt.internal.compiler.lookup.BinaryTypeBinding cannot be cast to class org.eclipse.jdt.internal.compiler.lookup.SourceTypeBinding (org.eclipse.jdt.internal.compiler.lookup.BinaryTypeBinding and org.eclipse.jdt.internal.compiler.lookup.SourceTypeBinding are in unnamed module of loader org.eclipse.osgi.internal.loader.EquinoxClassLoader @47bb5e2c)> (0x0000000755ba28d8) 
thrown [src/hotspot/share/interpreter/interpreterRuntime.
Event: 3176.311 Thread 0x00007f326c1be6b0 Exception <a 'java/lang/ClassCastException'{0x0000000755ba2d40}: class org.eclipse.jdt.internal.compiler.lookup.BinaryTypeBinding cannot be cast to class org.eclipse.jdt.internal.compiler.lookup.SourceTypeBinding (org.eclipse.jdt.internal.compiler.lookup.BinaryTypeBinding and org.eclipse.jdt.internal.compiler.lookup.SourceTypeBinding are in unnamed module of loader org.eclipse.osgi.internal.loader.EquinoxClassLoader @47bb5e2c)> (0x0000000755ba2d40) 
thrown [src/hotspot/share/interpreter/interpreterRuntime.
Event: 3178.292 Thread 0x00007f326c1be6b0 Exception <a 'java/lang/ArrayIndexOutOfBoundsException'{0x0000000755664990}> (0x0000000755664990) 
thrown [src/hotspot/share/runtime/sharedRuntime.cpp, line 628]
Event: 3178.724 Thread 0x00007f32605433e0 Exception <a 'sun/nio/fs/UnixException'{0x00000007557313a8}> (0x00000007557313a8) 
thrown [src/hotspot/share/prims/jni.cpp, line 516]
Event: 3179.377 Thread 0x00007f326c1c24b0 Exception <a 'java/lang/ArrayIndexOutOfBoundsException'{0x0000000755b33b50}> (0x0000000755b33b50) 
thrown [src/hotspot/share/runtime/sharedRuntime.cpp, line 628]
Event: 3179.395 Thread 0x00007f326c1c24b0 Exception <a 'java/lang/ArrayIndexOutOfBoundsException'{0x0000000755943ab8}> (0x0000000755943ab8) 
thrown [src/hotspot/share/runtime/sharedRuntime.cpp, line 628]
Event: 3179.535 Thread 0x00007f32605433e0 Exception <a 'sun/nio/fs/UnixException'{0x0000000755681488}> (0x0000000755681488) 
thrown [src/hotspot/share/prims/jni.cpp, line 516]
Event: 3179.796 Thread 0x00007f326c1c24b0 Exception <a 'java/lang/ArrayIndexOutOfBoundsException'{0x00000007557615a8}> (0x00000007557615a8) 
thrown [src/hotspot/share/runtime/sharedRuntime.cpp, line 628]
Event: 3180.563 Thread 0x00007f326c1be6b0 Exception <a 'java/io/FileNotFoundException'{0x0000000755f7e5f8}> (0x0000000755f7e5f8) 
thrown [src/hotspot/share/prims/jni.cpp, line 516]
Event: 3335.351 Thread 0x00007f32605433e0 Exception <a 'sun/nio/fs/UnixException'{0x0000000755613ff8}> (0x0000000755613ff8) 
thrown [src/hotspot/share/prims/jni.cpp, line 516]
Event: 3336.096 Thread 0x00007f32605433e0 Exception <a 'sun/nio/fs/UnixException'{0x0000000755595a40}> (0x0000000755595a40) 
thrown [src/hotspot/share/prims/jni.cpp, line 516]
Event: 3353.372 Thread 0x00007f32605433e0 Exception <a 'sun/nio/fs/UnixException'{0x0000000755b98e20}> (0x0000000755b98e20) 
thrown [src/hotspot/share/prims/jni.cpp, line 516]
Event: 3353.585 Thread 0x00007f32605433e0 Exception <a 'sun/nio/fs/UnixException'{0x00000007557d17f8}> (0x00000007557d17f8) 
thrown [src/hotspot/share/prims/jni.cpp, line 516]
Event: 3416.842 Thread 0x00007f32c0486560 Exception <a 'java/lang/NoSuchMethodError'{0x0000000755670088}: 'void java.lang.invoke.DirectMethodHandle$Holder.invokeInterface(java.lang.Object, java.lang.Object)'> (0x0000000755670088) 
thrown [src/hotspot/share/interpreter/linkResolver.cpp, line 766]
Event: 3416.867 Thread 0x00007f32c0486560 Exception <a 'java/io/FileNotFoundException'{0x00000007556c9390}> (0x00000007556c9390) 
thrown [src/hotspot/share/prims/jni.cpp, line 516]

VM Operations (20 events):
Event: 3353.119 Executing VM operation: ParallelGCFailedAllocation
Event: 3353.122 Executing VM operation: ParallelGCFailedAllocation done
Event: 3353.380 Executing VM operation: ParallelGCFailedAllocation
Event: 3353.387 Executing VM operation: ParallelGCFailedAllocation done
Event: 3353.416 Executing VM operation: ParallelGCFailedAllocation
Event: 3353.435 Executing VM operation: ParallelGCFailedAllocation done
Event: 3353.456 Executing VM operation: ParallelGCFailedAllocation
Event: 3353.466 Executing VM operation: ParallelGCFailedAllocation done
Event: 3353.525 Executing VM operation: ParallelGCFailedAllocation
Event: 3353.534 Executing VM operation: ParallelGCFailedAllocation done
Event: 3353.549 Executing VM operation: ParallelGCFailedAllocation
Event: 3353.563 Executing VM operation: ParallelGCFailedAllocation done
Event: 3353.716 Executing VM operation: ParallelGCFailedAllocation
Event: 3353.726 Executing VM operation: ParallelGCFailedAllocation done
Event: 3355.726 Executing VM operation: Cleanup
Event: 3355.726 Executing VM operation: Cleanup done
Event: 3356.274 Executing VM operation: ParallelGCFailedAllocation
Event: 3356.813 Executing VM operation: ParallelGCFailedAllocation done
Event: 3369.883 Executing VM operation: ParallelGCFailedAllocation
Event: 3369.889 Executing VM operation: ParallelGCFailedAllocation done

Events (20 events):
Event: 3367.718 Thread 0x00007f326c1be6b0 Thread exited: 0x00007f326c1be6b0
Event: 3367.719 Thread 0x00007f326c1be6b0 Thread added: 0x00007f326c1be6b0
Event: 3367.719 Protecting memory [0x00007f3250dfe000,0x00007f3250e02000] with protection modes 0
Event: 3367.721 Thread 0x00007f326c1be6b0 Thread exited: 0x00007f326c1be6b0
Event: 3369.890 Thread 0x00007f326c1be6b0 Thread added: 0x00007f326c1be6b0
Event: 3369.890 Protecting memory [0x00007f3250dfe000,0x00007f3250e02000] with protection modes 0
Event: 3369.891 Thread 0x00007f326c1be6b0 Thread exited: 0x00007f326c1be6b0
Event: 3378.173 Thread 0x00007f326c1be6b0 Thread added: 0x00007f326c1be6b0
Event: 3378.173 Protecting memory [0x00007f3250dfe000,0x00007f3250e02000] with protection modes 0
Event: 3378.176 Thread 0x00007f326c1be6b0 Thread exited: 0x00007f326c1be6b0
Event: 3386.813 Thread 0x00007f32701cb450 Thread exited: 0x00007f32701cb450
Event: 3414.676 Thread 0x00007f3279b33090 Thread exited: 0x00007f3279b33090
Event: 3415.863 Thread 0x00007f3264040ea0 Thread exited: 0x00007f3264040ea0
Event: 3416.815 Thread 0x0000562030572ee0 Thread exited: 0x0000562030572ee0
Event: 3416.818 Thread 0x00007f3264040ea0 Thread added: 0x00007f3264040ea0
Event: 3416.818 Protecting memory [0x00007f32c400e000,0x00007f32c4012000] with protection modes 0
Event: 3416.824 Thread 0x00007f32c0486560 Thread added: 0x00007f32c0486560
Event: 3416.824 Protecting memory [0x00007f32519fe000,0x00007f3251a02000] with protection modes 0
Event: 3416.862 loading class javax/security/auth/login/Configuration
Event: 3416.862 loading class javax/security/auth/login/Configuration done


Dynamic libraries:
600000000-61eb00000 rw-p 00000000 00:00 0 
755580000-756400000 rw-p 00000000 00:00 0 
756400000-800000000 ---p 00000000 00:00 0 
800000000-800020000 rw-p 00000000 00:00 0 
800020000-800040000 rw-p 00000000 00:00 0 
800040000-800100000 rw-p 00000000 00:00 0 
800100000-800180000 rw-p 00000000 00:00 0 
800180000-800240000 rw-p 00000000 00:00 0 
800240000-8003c0000 rw-p 00000000 00:00 0 
8003c0000-800440000 rw-p 00000000 00:00 0 
800440000-8004c0000 rw-p 00000000 00:00 0 
8004c0000-800500000 rw-p 00000000 00:00 0 
800500000-800960000 rw-p 00000000 00:00 0 
800960000-800980000 rw-p 00000000 00:00 0 
800980000-800b50000 rw-p 00000000 00:00 0 
800b50000-840000000 ---p 00000000 00:00 0 
5620301a4000-5620301a5000 r-xp 00000000 fd:01 63318455                   /home/hz223/.vscode-server/extensions/redhat.java-1.4.0/jre/17.0.2-linux-x86_64/bin/java
5620303a5000-5620303a6000 r--p 00001000 fd:01 63318455                   /home/hz223/.vscode-server/extensions/redhat.java-1.4.0/jre/17.0.2-linux-x86_64/bin/java
5620303a6000-5620303a7000 rw-p 00002000 fd:01 63318455                   /home/hz223/.vscode-server/extensions/redhat.java-1.4.0/jre/17.0.2-linux-x86_64/bin/java
5620304fc000-56203066f000 rw-p 00000000 00:00 0                          [heap]
7f3250000000-7f3250080000 rw-p 00000000 00:00 0 
7f3250080000-7f3250800000 ---p 00000000 00:00 0 
7f3250afb000-7f3250aff000 ---p 00000000 00:00 0 
7f3250aff000-7f3250bfc000 rw-p 00000000 00:00 0 
7f3250bfc000-7f3250c00000 ---p 00000000 00:00 0 
7f3250c00000-7f3250cfd000 rw-p 00000000 00:00 0 
7f3250cfd000-7f3250d01000 ---p 00000000 00:00 0 
7f3250d01000-7f3250dfe000 rw-p 00000000 00:00 0 
7f3250dfe000-7f3250e02000 ---p 00000000 00:00 0 
7f3250e02000-7f3250eff000 rw-p 00000000 00:00 0 
7f3250eff000-7f3250f03000 ---p 00000000 00:00 0 
7f3250f03000-7f3251780000 rw-p 00000000 00:00 0 
7f3251780000-7f32517a0000 rw-p 00000000 00:00 0 
7f32517a0000-7f3251800000 ---p 00000000 00:00 0 
7f32518fd000-7f3251901000 ---p 00000000 00:00 0 
7f3251901000-7f32519fe000 rw-p 00000000 00:00 0 
7f32519fe000-7f3251a02000 ---p 00000000 00:00 0 
7f3251a02000-7f3251aff000 rw-p 00000000 00:00 0 
7f3251aff000-7f3251b03000 ---p 00000000 00:00 0 
7f3251b03000-7f3251f00000 rw-p 00000000 00:00 0 
7f3251f00000-7f3252000000 rw-p 00000000 00:00 0 
7f3252000000-7f3252400000 rw-p 00000000 00:00 0 
7f3252400000-7f3252c00000 rw-p 00000000 00:00 0 
7f3252cfd000-7f3252d01000 ---p 00000000 00:00 0 
7f3252d01000-7f3252dfe000 rw-p 00000000 00:00 0 
7f3252dfe000-7f3252e02000 ---p 00000000 00:00 0 
7f3252e02000-7f3252eff000 rw-p 00000000 00:00 0 
7f3252eff000-7f3252f03000 ---p 00000000 00:00 0 
7f3252f03000-7f3253500000 rw-p 00000000 00:00 0 
7f3253500000-7f3253600000 rw-p 00000000 00:00 0 
7f3253600000-7f3253800000 rw-p 00000000 00:00 0 
7f3253887000-7f325388b000 ---p 00000000 00:00 0 
7f325388b000-7f3253988000 rw-p 00000000 00:00 0 
7f3253988000-7f325398c000 ---p 00000000 00:00 0 
7f325398c000-7f3253a89000 rw-p 00000000 00:00 0 
7f3253a89000-7f3253a8d000 ---p 00000000 00:00 0 
7f3253a8d000-7f3253b8a000 rw-p 00000000 00:00 0 
7f3253b8a000-7f3253b8e000 ---p 00000000 00:00 0 
7f3253b8e000-7f3253c8b000 rw-p 00000000 00:00 0 
7f3253c8b000-7f3253c8f000 ---p 00000000 00:00 0 
7f3253c8f000-7f3253d8c000 rw-p 00000000 00:00 0 
7f3253d8c000-7f3253d91000 r-xp 00000000 fd:01 54829498                   /home/hz223/.vscode-server/extensions/redhat.java-1.4.0/jre/17.0.2-linux-x86_64/lib/libmanagement_ext.so
7f3253d91000-7f3253f91000 ---p 00005000 fd:01 54829498                   /home/hz223/.vscode-server/extensions/redhat.java-1.4.0/jre/17.0.2-linux-x86_64/lib/libmanagement_ext.so
7f3253f91000-7f3253f92000 r--p 00005000 fd:01 54829498                   /home/hz223/.vscode-server/extensions/redhat.java-1.4.0/jre/17.0.2-linux-x86_64/lib/libmanagement_ext.so
7f3253f92000-7f3253f93000 rw-p 00006000 fd:01 54829498                   /home/hz223/.vscode-server/extensions/redhat.java-1.4.0/jre/17.0.2-linux-x86_64/lib/libmanagement_ext.so
7f3253f93000-7f3253f97000 r-xp 00000000 fd:01 54829499                   /home/hz223/.vscode-server/extensions/redhat.java-1.4.0/jre/17.0.2-linux-x86_64/lib/libmanagement.so
7f3253f97000-7f3254196000 ---p 00004000 fd:01 54829499                   /home/hz223/.vscode-server/extensions/redhat.java-1.4.0/jre/17.0.2-linux-x86_64/lib/libmanagement.so
7f3254196000-7f3254197000 r--p 00003000 fd:01 54829499                   /home/hz223/.vscode-server/extensions/redhat.java-1.4.0/jre/17.0.2-linux-x86_64/lib/libmanagement.so
7f3254197000-7f3254198000 rw-p 00004000 fd:01 54829499                   /home/hz223/.vscode-server/extensions/redhat.java-1.4.0/jre/17.0.2-linux-x86_64/lib/libmanagement.so
7f32541fe000-7f3254202000 ---p 00000000 00:00 0 
7f3254202000-7f32542ff000 rw-p 00000000 00:00 0 
7f32542ff000-7f3254303000 ---p 00000000 00:00 0 
7f3254303000-7f3254b00000 rw-p 00000000 00:00 0 
7f3254b00000-7f3254c00000 rw-p 00000000 00:00 0 
7f3254cf4000-7f3254cf8000 ---p 00000000 00:00 0 
7f3254cf8000-7f3254df5000 rw-p 00000000 00:00 0 
7f3254df5000-7f3254df9000 ---p 00000000 00:00 0 
7f3254df9000-7f3254ef6000 rw-p 00000000 00:00 0 
7f3254ef6000-7f3254efa000 ---p 00000000 00:00 0 
7f3254efa000-7f3254ff7000 rw-p 00000000 00:00 0 
7f3254ff7000-7f3254ffc000 r-xp 00000000 fd:01 50332209                   /home/hz223/.gradle/native/e1d6ef7f7dcc3fd88c89a11ec53ec762bb8ba0a96d01ffa2cd45eb1d1d8dd5c5/linux-amd64/libnative-platform.so
7f3254ffc000-7f32551fc000 ---p 00005000 fd:01 50332209                   /home/hz223/.gradle/native/e1d6ef7f7dcc3fd88c89a11ec53ec762bb8ba0a96d01ffa2cd45eb1d1d8dd5c5/linux-amd64/libnative-platform.so
7f32551fc000-7f32551fd000 r--p 00005000 fd:01 50332209                   /home/hz223/.gradle/native/e1d6ef7f7dcc3fd88c89a11ec53ec762bb8ba0a96d01ffa2cd45eb1d1d8dd5c5/linux-amd64/libnative-platform.so
7f32551fd000-7f32551fe000 rw-p 00006000 fd:01 50332209                   /home/hz223/.gradle/native/e1d6ef7f7dcc3fd88c89a11ec53ec762bb8ba0a96d01ffa2cd45eb1d1d8dd5c5/linux-amd64/libnative-platform.so
7f32551fe000-7f3255202000 ---p 00000000 00:00 0 
7f3255202000-7f32552ff000 rw-p 00000000 00:00 0 
7f32552ff000-7f3255303000 ---p 00000000 00:00 0 
7f3255303000-7f3255c00000 rw-p 00000000 00:00 0 
7f3255ca6000-7f3255caa000 ---p 00000000 00:00 0 
7f3255caa000-7f3255da7000 rw-p 00000000 00:00 0 
7f3255da7000-7f3255dab000 ---p 00000000 00:00 0 
7f3255dab000-7f3255ea8000 rw-p 00000000 00:00 0 
7f3255ea8000-7f3255eac000 ---p 00000000 00:00 0 
7f3255eac000-7f3255fa9000 rw-p 00000000 00:00 0 
7f3255fa9000-7f325ecfc000 r--s 00000000 fd:02 51474055                   /usr/lib/jvm/java-16-openjdk-amd64/lib/modules
7f325ecfc000-7f325ed00000 ---p 00000000 00:00 0 
7f325ed00000-7f325edfd000 rw-p 00000000 00:00 0 
7f325edfd000-7f325edff000 r-xp 00000000 fd:01 54829474                   /home/hz223/.vscode-server/extensions/redhat.java-1.4.0/jre/17.0.2-linux-x86_64/lib/libextnet.so
7f325edff000-7f325effe000 ---p 00002000 fd:01 54829474                   /home/hz223/.vscode-server/extensions/redhat.java-1.4.0/jre/17.0.2-linux-x86_64/lib/libextnet.so
7f325effe000-7f325efff000 r--p 00001000 fd:01 54829474                   /home/hz223/.vscode-server/extensions/redhat.java-1.4.0/jre/17.0.2-linux-x86_64/lib/libextnet.so
7f325efff000-7f325f000000 rw-p 00002000 fd:01 54829474                   /home/hz223/.vscode-server/extensions/redhat.java-1.4.0/jre/17.0.2-linux-x86_64/lib/libextnet.so
7f325f000000-7f325f100000 rw-p 00000000 00:00 0 
7f325f100000-7f325f200000 rw-p 00000000 00:00 0 
7f325f200000-7f325f300000 rw-p 00000000 00:00 0 
7f325f300000-7f325f400000 rw-p 00000000 00:00 0 
7f325f400000-7f325f700000 rw-p 00000000 00:00 0 
7f325f700000-7f325f800000 rw-p 00000000 00:00 0 
7f325f800000-7f325f900000 rw-p 00000000 00:00 0 
7f325f900000-7f325fa00000 rw-p 00000000 00:00 0 
7f325fa00000-7f325fc00000 rw-p 00000000 00:00 0 
7f325fc00000-7f325fd00000 rw-p 00000000 00:00 0 
7f325fd00000-7f325fe00000 rw-p 00000000 00:00 0 
7f325fe00000-7f325fec0000 rw-p 00000000 00:00 0 
7f325fec0000-7f325ff00000 rw-p 00000000 00:00 0 
7f325ff00000-7f3260000000 rw-p 00000000 00:00 0 
7f3260000000-7f326092a000 rw-p 00000000 00:00 0 
7f326092a000-7f3264000000 ---p 00000000 00:00 0 
7f3264000000-7f3264091000 rw-p 00000000 00:00 0 
7f3264091000-7f3268000000 ---p 00000000 00:00 0 
7f3268000000-7f3268092000 rw-p 00000000 00:00 0 
7f3268092000-7f326c000000 ---p 00000000 00:00 0 
7f326c000000-7f326c254000 rw-p 00000000 00:00 0 
7f326c254000-7f3270000000 ---p 00000000 00:00 0 
7f3270000000-7f3270e50000 rw-p 00000000 00:00 0 
7f3270e50000-7f3274000000 ---p 00000000 00:00 0 
7f3274000000-7f3274252000 rw-p 00000000 00:00 0 
7f3274252000-7f3278000000 ---p 00000000 00:00 0 
7f3278000000-7f3279b81000 rw-p 00000000 00:00 0 
7f3279b81000-7f327c000000 ---p 00000000 00:00 0 
7f327c000000-7f327f3cc000 rw-p 00000000 00:00 0 
7f327f3cc000-7f3280000000 ---p 00000000 00:00 0 
7f3280000000-7f32804ac000 rw-p 00000000 00:00 0 
7f32804ac000-7f3284000000 ---p 00000000 00:00 0 
7f3284000000-7f3284193000 rw-p 00000000 00:00 0 
7f3284193000-7f3288000000 ---p 00000000 00:00 0 
7f3288000000-7f32880b6000 rw-p 00000000 00:00 0 
7f32880b6000-7f328c000000 ---p 00000000 00:00 0 
7f328c000000-7f328c182000 rw-p 00000000 00:00 0 
7f328c182000-7f3290000000 ---p 00000000 00:00 0 
7f3290000000-7f3290248000 rw-p 00000000 00:00 0 
7f3290248000-7f3294000000 ---p 00000000 00:00 0 
7f32940e8000-7f32940ec000 ---p 00000000 00:00 0 
7f32940ec000-7f32941e9000 rw-p 00000000 00:00 0 
7f32941e9000-7f32941ed000 ---p 00000000 00:00 0 
7f32941ed000-7f32942ea000 rw-p 00000000 00:00 0 
7f32942ea000-7f32942ee000 ---p 00000000 00:00 0 
7f32942ee000-7f32943eb000 rw-p 00000000 00:00 0 
7f32943eb000-7f32943ef000 ---p 00000000 00:00 0 
7f32943ef000-7f32944ec000 rw-p 00000000 00:00 0 
7f32944ec000-7f32944f0000 ---p 00000000 00:00 0 
7f32944f0000-7f32945ed000 rw-p 00000000 00:00 0 
7f32945ed000-7f32945fa000 r-xp 00000000 fd:01 54830724                   /home/hz223/.vscode-server/extensions/redhat.java-1.4.0/jre/17.0.2-linux-x86_64/lib/libverify.so
7f32945fa000-7f32947f9000 ---p 0000d000 fd:01 54830724                   /home/hz223/.vscode-server/extensions/redhat.java-1.4.0/jre/17.0.2-linux-x86_64/lib/libverify.so
7f32947f9000-7f32947fb000 r--p 0000c000 fd:01 54830724                   /home/hz223/.vscode-server/extensions/redhat.java-1.4.0/jre/17.0.2-linux-x86_64/lib/libverify.so
7f32947fb000-7f32947fc000 rw-p 0000e000 fd:01 54830724                   /home/hz223/.vscode-server/extensions/redhat.java-1.4.0/jre/17.0.2-linux-x86_64/lib/libverify.so
7f32947fc000-7f3294800000 ---p 00000000 00:00 0 
7f3294800000-7f32948fd000 rw-p 00000000 00:00 0 
7f32948fd000-7f3294901000 ---p 00000000 00:00 0 
7f3294901000-7f32949fe000 rw-p 00000000 00:00 0 
7f32949fe000-7f3294a02000 ---p 00000000 00:00 0 
7f3294a02000-7f3294aff000 rw-p 00000000 00:00 0 
7f3294aff000-7f3294b03000 ---p 00000000 00:00 0 
7f3294b03000-7f3295380000 rw-p 00000000 00:00 0 
7f3295380000-7f3295400000 rw-p 00000000 00:00 0 
7f32954e9000-7f32954ed000 ---p 00000000 00:00 0 
7f32954ed000-7f32955ea000 rw-p 00000000 00:00 0 
7f32955ea000-7f32955ee000 ---p 00000000 00:00 0 
7f32955ee000-7f32956eb000 rw-p 00000000 00:00 0 
7f32956eb000-7f32956ef000 ---p 00000000 00:00 0 
7f32956ef000-7f32957ec000 rw-p 00000000 00:00 0 
7f32957ec000-7f32957f0000 ---p 00000000 00:00 0 
7f32957f0000-7f32958ed000 rw-p 00000000 00:00 0 
7f32958ed000-7f32958ee000 ---p 00000000 00:00 0 
7f32958ee000-7f32959ef000 rw-p 00000000 00:00 0 
7f32959ef000-7f32959ff000 r-xp 00000000 fd:01 18184983                   /home/hz223/.vscode-server/data/User/globalStorage/redhat.java/1.4.0/config_linux/org.eclipse.equinox.launcher/org.eclipse.equinox.launcher.gtk.linux.x86_64_1.2.400.v20211117-0650/eclipse_11600.so
7f32959ff000-7f3295bfe000 ---p 00010000 fd:01 18184983                   /home/hz223/.vscode-server/data/User/globalStorage/redhat.java/1.4.0/config_linux/org.eclipse.equinox.launcher/org.eclipse.equinox.launcher.gtk.linux.x86_64_1.2.400.v20211117-0650/eclipse_11600.so
7f3295bfe000-7f3295bff000 r--p 0000f000 fd:01 18184983                   /home/hz223/.vscode-server/data/User/globalStorage/redhat.java/1.4.0/config_linux/org.eclipse.equinox.launcher/org.eclipse.equinox.launcher.gtk.linux.x86_64_1.2.400.v20211117-0650/eclipse_11600.so
7f3295bff000-7f3295c00000 rw-p 00010000 fd:01 18184983                   /home/hz223/.vscode-server/data/User/globalStorage/redhat.java/1.4.0/config_linux/org.eclipse.equinox.launcher/org.eclipse.equinox.launcher.gtk.linux.x86_64_1.2.400.v20211117-0650/eclipse_11600.so
7f3295c00000-7f3295d00000 rw-p 00000000 00:00 0 
7f3295d00000-7f3295f00000 rw-p 00000000 00:00 0 
7f3295f00000-7f3296000000 rw-p 00000000 00:00 0 
7f3296000000-7f3296100000 rw-p 00000000 00:00 0 
7f3296100000-7f3296200000 rw-p 00000000 00:00 0 
7f3296200000-7f3296400000 rw-p 00000000 00:00 0 
7f3296460000-7f3296464000 ---p 00000000 00:00 0 
7f3296464000-7f3296561000 rw-p 00000000 00:00 0 
7f3296561000-7f3296565000 ---p 00000000 00:00 0 
7f3296565000-7f3296662000 rw-p 00000000 00:00 0 
7f3296662000-7f3296666000 ---p 00000000 00:00 0 
7f3296666000-7f3296763000 rw-p 00000000 00:00 0 
7f3296763000-7f3296778000 r-xp 00000000 fd:01 54829501                   /home/hz223/.vscode-server/extensions/redhat.java-1.4.0/jre/17.0.2-linux-x86_64/lib/libnet.so
7f3296778000-7f3296977000 ---p 00015000 fd:01 54829501                   /home/hz223/.vscode-server/extensions/redhat.java-1.4.0/jre/17.0.2-linux-x86_64/lib/libnet.so
7f3296977000-7f3296978000 r--p 00014000 fd:01 54829501                   /home/hz223/.vscode-server/extensions/redhat.java-1.4.0/jre/17.0.2-linux-x86_64/lib/libnet.so
7f3296978000-7f3296979000 rw-p 00015000 fd:01 54829501                   /home/hz223/.vscode-server/extensions/redhat.java-1.4.0/jre/17.0.2-linux-x86_64/lib/libnet.so
7f3296979000-7f329698b000 r-xp 00000000 fd:01 54829502                   /home/hz223/.vscode-server/extensions/redhat.java-1.4.0/jre/17.0.2-linux-x86_64/lib/libnio.so
7f329698b000-7f3296b8a000 ---p 00012000 fd:01 54829502                   /home/hz223/.vscode-server/extensions/redhat.java-1.4.0/jre/17.0.2-linux-x86_64/lib/libnio.so
7f3296b8a000-7f3296b8b000 r--p 00011000 fd:01 54829502                   /home/hz223/.vscode-server/extensions/redhat.java-1.4.0/jre/17.0.2-linux-x86_64/lib/libnio.so
7f3296b8b000-7f3296b8c000 rw-p 00012000 fd:01 54829502                   /home/hz223/.vscode-server/extensions/redhat.java-1.4.0/jre/17.0.2-linux-x86_64/lib/libnio.so
7f3296b8c000-7f3296b8d000 ---p 00000000 00:00 0 
7f3296b8d000-7f3296c8e000 rw-p 00000000 00:00 0 
7f3296c8e000-7f3296c92000 ---p 00000000 00:00 0 
7f3296c92000-7f3296d8f000 rw-p 00000000 00:00 0 
7f3296d8f000-7f3296d93000 ---p 00000000 00:00 0 
7f3296d93000-7f3296e90000 rw-p 00000000 00:00 0 
7f3296e90000-7f3297400000 r--p 00000000 fd:02 33644485                   /usr/lib/locale/locale-archive
7f3297400000-7f3297800000 rw-p 00000000 00:00 0 
7f3297800000-7f3297820000 rw-p 00000000 00:00 0 
7f3297820000-7f3297840000 rw-p 00000000 00:00 0 
7f3297840000-7f3297880000 rw-p 00000000 00:00 0 
7f3297880000-7f3297900000 rw-p 00000000 00:00 0 
7f3297900000-7f3297b00000 rw-p 00000000 00:00 0 
7f3297b00000-7f3297b40000 rw-p 00000000 00:00 0 
7f3297b40000-7f3297b80000 rw-p 00000000 00:00 0 
7f3297b80000-7f3297c00000 rw-p 00000000 00:00 0 
7f3297cfd000-7f3297d01000 ---p 00000000 00:00 0 
7f3297d01000-7f3297dfe000 rw-p 00000000 00:00 0 
7f3297dfe000-7f3297e02000 ---p 00000000 00:00 0 
7f3297e02000-7f3297eff000 rw-p 00000000 00:00 0 
7f3297eff000-7f3297f03000 ---p 00000000 00:00 0 
7f3297f03000-7f32a8000000 rw-p 00000000 00:00 0 
7f32a8000000-7f32a8129000 rw-p 00000000 00:00 0 
7f32a8129000-7f32ac000000 ---p 00000000 00:00 0 
7f32ac04b000-7f32ac04f000 ---p 00000000 00:00 0 
7f32ac04f000-7f32ac14c000 rw-p 00000000 00:00 0 
7f32ac14c000-7f32ac150000 ---p 00000000 00:00 0 
7f32ac150000-7f32ac24d000 rw-p 00000000 00:00 0 
7f32ac24d000-7f32ac251000 ---p 00000000 00:00 0 
7f32ac251000-7f32ac34e000 rw-p 00000000 00:00 0 
7f32ac34e000-7f32ac352000 ---p 00000000 00:00 0 
7f32ac352000-7f32ac44f000 rw-p 00000000 00:00 0 
7f32ac44f000-7f32ac453000 ---p 00000000 00:00 0 
7f32ac453000-7f32ac550000 rw-p 00000000 00:00 0 
7f32ac550000-7f32ac551000 ---p 00000000 00:00 0 
7f32ac551000-7f32ada4b000 rw-p 00000000 00:00 0 
7f32ada4b000-7f32ae400000 ---p 00000000 00:00 0 
7f32ae400000-7f32ae670000 rwxp 00000000 00:00 0 
7f32ae670000-7f32ae98f000 ---p 00000000 00:00 0 
7f32ae98f000-7f32b10df000 rwxp 00000000 00:00 0 
7f32b10df000-7f32b5ec7000 ---p 00000000 00:00 0 
7f32b5ec7000-7f32b7447000 rwxp 00000000 00:00 0 
7f32b7447000-7f32bd400000 ---p 00000000 00:00 0 
7f32bd400000-7f32c0000000 r--s 00000000 fd:01 54830726                   /home/hz223/.vscode-server/extensions/redhat.java-1.4.0/jre/17.0.2-linux-x86_64/lib/modules
7f32c0000000-7f32c056e000 rw-p 00000000 00:00 0 
7f32c056e000-7f32c4000000 ---p 00000000 00:00 0 
7f32c400e000-7f32c4012000 ---p 00000000 00:00 0 
7f32c4012000-7f32c4030000 rw-p 00000000 00:00 0 
7f32c4030000-7f32c4034000 r--p 00000000 fd:02 17765573                   /usr/lib/x86_64-linux-gnu/libresolv-2.31.so
7f32c4034000-7f32c4044000 r-xp 00004000 fd:02 17765573                   /usr/lib/x86_64-linux-gnu/libresolv-2.31.so
7f32c4044000-7f32c4048000 r--p 00014000 fd:02 17765573                   /usr/lib/x86_64-linux-gnu/libresolv-2.31.so
7f32c4048000-7f32c4049000 r--p 00017000 fd:02 17765573                   /usr/lib/x86_64-linux-gnu/libresolv-2.31.so
7f32c4049000-7f32c404a000 rw-p 00018000 fd:02 17765573                   /usr/lib/x86_64-linux-gnu/libresolv-2.31.so
7f32c404a000-7f32c404c000 rw-p 00000000 00:00 0 
7f32c404c000-7f32c404d000 r--p 00000000 fd:02 17764286                   /usr/lib/x86_64-linux-gnu/libnss_dns-2.31.so
7f32c404d000-7f32c4051000 r-xp 00001000 fd:02 17764286                   /usr/lib/x86_64-linux-gnu/libnss_dns-2.31.so
7f32c4051000-7f32c4052000 r--p 00005000 fd:02 17764286                   /usr/lib/x86_64-linux-gnu/libnss_dns-2.31.so
7f32c4052000-7f32c4053000 r--p 00005000 fd:02 17764286                   /usr/lib/x86_64-linux-gnu/libnss_dns-2.31.so
7f32c4053000-7f32c4054000 rw-p 00006000 fd:02 17764286                   /usr/lib/x86_64-linux-gnu/libnss_dns-2.31.so
7f32c405d000-7f32c4061000 ---p 00000000 00:00 0 
7f32c4061000-7f32c4685000 rw-p 00000000 00:00 0 
7f32c4685000-7f32c468c000 r-xp 00000000 fd:01 54830725                   /home/hz223/.vscode-server/extensions/redhat.java-1.4.0/jre/17.0.2-linux-x86_64/lib/libzip.so
7f32c468c000-7f32c488c000 ---p 00007000 fd:01 54830725                   /home/hz223/.vscode-server/extensions/redhat.java-1.4.0/jre/17.0.2-linux-x86_64/lib/libzip.so
7f32c488c000-7f32c488d000 r--p 00007000 fd:01 54830725                   /home/hz223/.vscode-server/extensions/redhat.java-1.4.0/jre/17.0.2-linux-x86_64/lib/libzip.so
7f32c488d000-7f32c488e000 rw-p 00008000 fd:01 54830725                   /home/hz223/.vscode-server/extensions/redhat.java-1.4.0/jre/17.0.2-linux-x86_64/lib/libzip.so
7f32c488e000-7f32c4a4b000 rw-p 00000000 00:00 0 
7f32c4a4b000-7f32c4a4c000 ---p 00000000 00:00 0 
7f32c4a4c000-7f32c4c43000 rw-p 00000000 00:00 0 
7f32c4c43000-7f32c55f7000 ---p 00000000 00:00 0 
7f32c55f7000-7f32c55ff000 rw-p 00000000 00:00 0 
7f32c55ff000-7f32c5b4d000 ---p 00000000 00:00 0 
7f32c5b4d000-7f32c5b79000 rw-p 00000000 00:00 0 
7f32c5b79000-7f32c5c39000 ---p 00000000 00:00 0 
7f32c5c39000-7f32c5c88000 rw-p 00000000 00:00 0 
7f32c5c88000-7f32c5d24000 ---p 00000000 00:00 0 
7f32c5d24000-7f32c5d29000 rw-p 00000000 00:00 0 
7f32c5d29000-7f32c5d30000 ---p 00000000 00:00 0 
7f32c5d30000-7f32c5d54000 r-xp 00000000 fd:01 54829488                   /home/hz223/.vscode-server/extensions/redhat.java-1.4.0/jre/17.0.2-linux-x86_64/lib/libjava.so
7f32c5d54000-7f32c5f54000 ---p 00024000 fd:01 54829488                   /home/hz223/.vscode-server/extensions/redhat.java-1.4.0/jre/17.0.2-linux-x86_64/lib/libjava.so
7f32c5f54000-7f32c5f55000 r--p 00024000 fd:01 54829488                   /home/hz223/.vscode-server/extensions/redhat.java-1.4.0/jre/17.0.2-linux-x86_64/lib/libjava.so
7f32c5f55000-7f32c5f56000 rw-p 00025000 fd:01 54829488                   /home/hz223/.vscode-server/extensions/redhat.java-1.4.0/jre/17.0.2-linux-x86_64/lib/libjava.so
7f32c5f56000-7f32c5f57000 rw-p 00000000 00:00 0 
7f32c5f57000-7f32c5f5a000 r--p 00000000 fd:02 17764287                   /usr/lib/x86_64-linux-gnu/libnss_files-2.31.so
7f32c5f5a000-7f32c5f61000 r-xp 00003000 fd:02 17764287                   /usr/lib/x86_64-linux-gnu/libnss_files-2.31.so
7f32c5f61000-7f32c5f63000 r--p 0000a000 fd:02 17764287                   /usr/lib/x86_64-linux-gnu/libnss_files-2.31.so
7f32c5f63000-7f32c5f64000 r--p 0000b000 fd:02 17764287                   /usr/lib/x86_64-linux-gnu/libnss_files-2.31.so
7f32c5f64000-7f32c5f65000 rw-p 0000c000 fd:02 17764287                   /usr/lib/x86_64-linux-gnu/libnss_files-2.31.so
7f32c5f65000-7f32c5f6b000 rw-p 00000000 00:00 0 
7f32c5f6c000-7f32c5f74000 rw-s 00000000 fd:02 50333876                   /tmp/hsperfdata_hz223/439823
7f32c5f74000-7f32c5f8f000 r-xp 00000000 fd:01 54829492                   /home/hz223/.vscode-server/extensions/redhat.java-1.4.0/jre/17.0.2-linux-x86_64/lib/libjimage.so
7f32c5f8f000-7f32c618e000 ---p 0001b000 fd:01 54829492                   /home/hz223/.vscode-server/extensions/redhat.java-1.4.0/jre/17.0.2-linux-x86_64/lib/libjimage.so
7f32c618e000-7f32c6190000 r--p 0001a000 fd:01 54829492                   /home/hz223/.vscode-server/extensions/redhat.java-1.4.0/jre/17.0.2-linux-x86_64/lib/libjimage.so
7f32c6190000-7f32c6191000 rw-p 0001c000 fd:01 54829492                   /home/hz223/.vscode-server/extensions/redhat.java-1.4.0/jre/17.0.2-linux-x86_64/lib/libjimage.so
7f32c6191000-7f32c6195000 ---p 00000000 00:00 0 
7f32c6195000-7f32c6292000 rw-p 00000000 00:00 0 
7f32c6292000-7f32c629f000 r--p 00000000 fd:02 17658002                   /usr/lib/x86_64-linux-gnu/libm-2.31.so
7f32c629f000-7f32c6346000 r-xp 0000d000 fd:02 17658002                   /usr/lib/x86_64-linux-gnu/libm-2.31.so
7f32c6346000-7f32c63df000 r--p 000b4000 fd:02 17658002                   /usr/lib/x86_64-linux-gnu/libm-2.31.so
7f32c63df000-7f32c63e0000 r--p 0014c000 fd:02 17658002                   /usr/lib/x86_64-linux-gnu/libm-2.31.so
7f32c63e0000-7f32c63e1000 rw-p 0014d000 fd:02 17658002                   /usr/lib/x86_64-linux-gnu/libm-2.31.so
7f32c63e1000-7f32c63e3000 r--p 00000000 fd:02 17765574                   /usr/lib/x86_64-linux-gnu/librt-2.31.so
7f32c63e3000-7f32c63e7000 r-xp 00002000 fd:02 17765574                   /usr/lib/x86_64-linux-gnu/librt-2.31.so
7f32c63e7000-7f32c63e9000 r--p 00006000 fd:02 17765574                   /usr/lib/x86_64-linux-gnu/librt-2.31.so
7f32c63e9000-7f32c63ea000 r--p 00007000 fd:02 17765574                   /usr/lib/x86_64-linux-gnu/librt-2.31.so
7f32c63ea000-7f32c63eb000 rw-p 00008000 fd:02 17765574                   /usr/lib/x86_64-linux-gnu/librt-2.31.so
7f32c63eb000-7f32c76cf000 r-xp 00000000 fd:01 42498998                   /home/hz223/.vscode-server/extensions/redhat.java-1.4.0/jre/17.0.2-linux-x86_64/lib/server/libjvm.so
7f32c76cf000-7f32c78cf000 ---p 012e4000 fd:01 42498998                   /home/hz223/.vscode-server/extensions/redhat.java-1.4.0/jre/17.0.2-linux-x86_64/lib/server/libjvm.so
7f32c78cf000-7f32c7988000 r--p 012e4000 fd:01 42498998                   /home/hz223/.vscode-server/extensions/redhat.java-1.4.0/jre/17.0.2-linux-x86_64/lib/server/libjvm.so
7f32c7988000-7f32c79bd000 rw-p 0139d000 fd:01 42498998                   /home/hz223/.vscode-server/extensions/redhat.java-1.4.0/jre/17.0.2-linux-x86_64/lib/server/libjvm.so
7f32c79bd000-7f32c7a18000 rw-p 00000000 00:00 0 
7f32c7a18000-7f32c7a3a000 r--p 00000000 fd:02 17657999                   /usr/lib/x86_64-linux-gnu/libc-2.31.so
7f32c7a3a000-7f32c7bb2000 r-xp 00022000 fd:02 17657999                   /usr/lib/x86_64-linux-gnu/libc-2.31.so
7f32c7bb2000-7f32c7c00000 r--p 0019a000 fd:02 17657999                   /usr/lib/x86_64-linux-gnu/libc-2.31.so
7f32c7c00000-7f32c7c04000 r--p 001e7000 fd:02 17657999                   /usr/lib/x86_64-linux-gnu/libc-2.31.so
7f32c7c04000-7f32c7c06000 rw-p 001eb000 fd:02 17657999                   /usr/lib/x86_64-linux-gnu/libc-2.31.so
7f32c7c06000-7f32c7c0a000 rw-p 00000000 00:00 0 
7f32c7c0a000-7f32c7c0b000 r--p 00000000 fd:02 17658001                   /usr/lib/x86_64-linux-gnu/libdl-2.31.so
7f32c7c0b000-7f32c7c0d000 r-xp 00001000 fd:02 17658001                   /usr/lib/x86_64-linux-gnu/libdl-2.31.so
7f32c7c0d000-7f32c7c0e000 r--p 00003000 fd:02 17658001                   /usr/lib/x86_64-linux-gnu/libdl-2.31.so
7f32c7c0e000-7f32c7c0f000 r--p 00003000 fd:02 17658001                   /usr/lib/x86_64-linux-gnu/libdl-2.31.so
7f32c7c0f000-7f32c7c10000 rw-p 00004000 fd:02 17658001                   /usr/lib/x86_64-linux-gnu/libdl-2.31.so
7f32c7c10000-7f32c7c16000 r--p 00000000 fd:02 17765572                   /usr/lib/x86_64-linux-gnu/libpthread-2.31.so
7f32c7c16000-7f32c7c27000 r-xp 00006000 fd:02 17765572                   /usr/lib/x86_64-linux-gnu/libpthread-2.31.so
7f32c7c27000-7f32c7c2d000 r--p 00017000 fd:02 17765572                   /usr/lib/x86_64-linux-gnu/libpthread-2.31.so
7f32c7c2d000-7f32c7c2e000 r--p 0001c000 fd:02 17765572                   /usr/lib/x86_64-linux-gnu/libpthread-2.31.so
7f32c7c2e000-7f32c7c2f000 rw-p 0001d000 fd:02 17765572                   /usr/lib/x86_64-linux-gnu/libpthread-2.31.so
7f32c7c2f000-7f32c7c33000 rw-p 00000000 00:00 0 
7f32c7c33000-7f32c7c42000 r-xp 00000000 fd:01 54829493                   /home/hz223/.vscode-server/extensions/redhat.java-1.4.0/jre/17.0.2-linux-x86_64/lib/libjli.so
7f32c7c42000-7f32c7e42000 ---p 0000f000 fd:01 54829493                   /home/hz223/.vscode-server/extensions/redhat.java-1.4.0/jre/17.0.2-linux-x86_64/lib/libjli.so
7f32c7e42000-7f32c7e43000 r--p 0000f000 fd:01 54829493                   /home/hz223/.vscode-server/extensions/redhat.java-1.4.0/jre/17.0.2-linux-x86_64/lib/libjli.so
7f32c7e43000-7f32c7e44000 rw-p 00010000 fd:01 54829493                   /home/hz223/.vscode-server/extensions/redhat.java-1.4.0/jre/17.0.2-linux-x86_64/lib/libjli.so
7f32c7e44000-7f32c7e46000 r--p 00000000 fd:02 17044636                   /usr/lib/x86_64-linux-gnu/libz.so.1.2.11
7f32c7e46000-7f32c7e57000 r-xp 00002000 fd:02 17044636                   /usr/lib/x86_64-linux-gnu/libz.so.1.2.11
7f32c7e57000-7f32c7e5d000 r--p 00013000 fd:02 17044636                   /usr/lib/x86_64-linux-gnu/libz.so.1.2.11
7f32c7e5d000-7f32c7e5e000 ---p 00019000 fd:02 17044636                   /usr/lib/x86_64-linux-gnu/libz.so.1.2.11
7f32c7e5e000-7f32c7e5f000 r--p 00019000 fd:02 17044636                   /usr/lib/x86_64-linux-gnu/libz.so.1.2.11
7f32c7e5f000-7f32c7e60000 rw-p 0001a000 fd:02 17044636                   /usr/lib/x86_64-linux-gnu/libz.so.1.2.11
7f32c7e60000-7f32c7e67000 r--s 00000000 fd:02 33749253                   /usr/lib/x86_64-linux-gnu/gconv/gconv-modules.cache
7f32c7e67000-7f32c7e68000 ---p 00000000 00:00 0 
7f32c7e68000-7f32c7e69000 r--p 00000000 00:00 0 
7f32c7e69000-7f32c7e6b000 rw-p 00000000 00:00 0 
7f32c7e6b000-7f32c7e6c000 r--p 00000000 fd:02 17014210                   /usr/lib/x86_64-linux-gnu/ld-2.31.so
7f32c7e6c000-7f32c7e8f000 r-xp 00001000 fd:02 17014210                   /usr/lib/x86_64-linux-gnu/ld-2.31.so
7f32c7e8f000-7f32c7e97000 r--p 00024000 fd:02 17014210                   /usr/lib/x86_64-linux-gnu/ld-2.31.so
7f32c7e97000-7f32c7e98000 ---p 00000000 00:00 0 
7f32c7e98000-7f32c7e99000 r--p 0002c000 fd:02 17014210                   /usr/lib/x86_64-linux-gnu/ld-2.31.so
7f32c7e99000-7f32c7e9a000 rw-p 0002d000 fd:02 17014210                   /usr/lib/x86_64-linux-gnu/ld-2.31.so
7f32c7e9a000-7f32c7e9b000 rw-p 00000000 00:00 0 
7ffdc9a1b000-7ffdc9a3c000 rw-p 00000000 00:00 0                          [stack]
7ffdc9b75000-7ffdc9b78000 r--p 00000000 00:00 0                          [vvar]
7ffdc9b78000-7ffdc9b79000 r-xp 00000000 00:00 0                          [vdso]
ffffffffff600000-ffffffffff601000 --xp 00000000 00:00 0                  [vsyscall]


VM Arguments:
jvm_args: --add-modules=ALL-SYSTEM --add-opens=java.base/java.util=ALL-UNNAMED --add-opens=java.base/java.lang=ALL-UNNAMED --add-opens=java.base/sun.nio.fs=ALL-UNNAMED -Declipse.application=org.eclipse.jdt.ls.core.id1 -Dosgi.bundles.defaultStartLevel=4 -Declipse.product=org.eclipse.jdt.ls.core.product -Djava.import.generatesMetadataFilesAtProjectRoot=false -Dfile.encoding=utf8 -XX:+UseParallelGC -XX:GCTimeRatio=4 -XX:AdaptiveSizePolicyWeight=90 -Dsun.zip.disableMemoryMapping=true -Xmx8G -Xms100m -XX:+HeapDumpOnOutOfMemoryError -XX:HeapDumpPath=/home/hz223/.vscode-server/data/User/workspaceStorage/f1cd41904d7e98d7f4937dac509da9df/redhat.java 
java_command: /home/hz223/.vscode-server/extensions/redhat.java-1.4.0/server/plugins/org.eclipse.equinox.launcher_1.6.400.v20210924-0641.jar -configuration /home/hz223/.vscode-server/data/User/globalStorage/redhat.java/1.4.0/config_linux -data /home/hz223/.vscode-server/data/User/workspaceStorage/f1cd41904d7e98d7f4937dac509da9df/redhat.java/jdt_ws
java_class_path (initial): /home/hz223/.vscode-server/extensions/redhat.java-1.4.0/server/plugins/org.eclipse.equinox.launcher_1.6.400.v20210924-0641.jar
Launcher Type: SUN_STANDARD

[Global flags]
    uintx AdaptiveSizePolicyWeight                 = 90                                        {product} {command line}
     intx CICompilerCount                          = 2                                         {product} {ergonomic}
    uintx GCTimeRatio                              = 4                                         {product} {command line}
     bool HeapDumpOnOutOfMemoryError               = true                                   {manageable} {command line}
    ccstr HeapDumpPath                             = /home/hz223/.vscode-server/data/User/workspaceStorage/f1cd41904d7e98d7f4937dac509da9df/redhat.java         {manageable} {command line}
   size_t InitialHeapSize                          = 104857600                                 {product} {command line}
   size_t MaxHeapSize                              = 8589934592                                {product} {command line}
   size_t MaxNewSize                               = 2863136768                                {product} {ergonomic}
   size_t MinHeapDeltaBytes                        = 524288                                    {product} {ergonomic}
   size_t MinHeapSize                              = 104857600                                 {product} {command line}
   size_t NewSize                                  = 34603008                                  {product} {ergonomic}
    uintx NonNMethodCodeHeapSize                   = 5826188                                {pd product} {ergonomic}
    uintx NonProfiledCodeHeapSize                  = 122916026                              {pd product} {ergonomic}
   size_t OldSize                                  = 70254592                                  {product} {ergonomic}
    uintx ProfiledCodeHeapSize                     = 122916026                              {pd product} {ergonomic}
    uintx ReservedCodeCacheSize                    = 251658240                              {pd product} {ergonomic}
     bool SegmentedCodeCache                       = true                                      {product} {ergonomic}
   size_t SoftMaxHeapSize                          = 8589934592                             {manageable} {ergonomic}
     bool UseCompressedClassPointers               = true                           {product lp64_product} {ergonomic}
     bool UseCompressedOops                        = true                           {product lp64_product} {ergonomic}
     bool UseParallelGC                            = true                                      {product} {command line}

Logging:
Log output configuration:
 #0: stdout all=warning uptime,level,tags
 #1: stderr all=off uptime,level,tags

Environment Variables:
PATH=/home/hz223/.vscode-server/bin/8dfae7a5cd50421d10cd99cb873990460525a898/bin/remote-cli:/home/hz223/.local/bin:/usr/local/sbin:/usr/local/bin:/usr/sbin:/usr/bin:/sbin:/bin:/usr/games:/usr/local/games:/snap/bin:/opt/gradle/gradle-7.3.3/bin:/opt/gradle/gradle-7.3.3/bin:/opt/gradle/gradle-7.3.3/bin:/opt/gradle/gradle-7.3.3/bin:/opt/gradle/gradle-7.3.3/bin:/opt/gradle/gradle-7.3.3/bin:/opt/gradle/gradle-/bin:/opt/gradle/gradle-/bin:/opt/gradle/gradle-7.3.3/bin
SHELL=/bin/bash
LANG=en_US.UTF-8
LC_ALL=en_US.UTF-8

Signal Handlers:
   SIGSEGV: crash_handler in libjvm.so, mask=11100100010111111101111111111110, flags=SA_RESTART|SA_SIGINFO
    SIGBUS: crash_handler in libjvm.so, mask=11100100010111111101111111111110, flags=SA_RESTART|SA_SIGINFO
    SIGFPE: crash_handler in libjvm.so, mask=11100100010111111101111111111110, flags=SA_RESTART|SA_SIGINFO
   SIGPIPE: javaSignalHandler in libjvm.so, mask=11100100010111111101111111111110, flags=SA_RESTART|SA_SIGINFO
   SIGXFSZ: javaSignalHandler in libjvm.so, mask=11100100010111111101111111111110, flags=SA_RESTART|SA_SIGINFO
    SIGILL: crash_handler in libjvm.so, mask=11100100010111111101111111111110, flags=SA_RESTART|SA_SIGINFO
   SIGUSR2: SR_handler in libjvm.so, mask=00000000000000000000000000000000, flags=SA_RESTART|SA_SIGINFO
    SIGHUP: UserHandler in libjvm.so, mask=11100100010111111101111111111110, flags=SA_RESTART|SA_SIGINFO
    SIGINT: UserHandler in libjvm.so, mask=11100100010111111101111111111110, flags=SA_RESTART|SA_SIGINFO
   SIGTERM: UserHandler in libjvm.so, mask=11100100010111111101111111111110, flags=SA_RESTART|SA_SIGINFO
   SIGQUIT: UserHandler in libjvm.so, mask=11100100010111111101111111111110, flags=SA_RESTART|SA_SIGINFO
   SIGTRAP: crash_handler in libjvm.so, mask=11100100010111111101111111111110, flags=SA_RESTART|SA_SIGINFO


---------------  S Y S T E M  ---------------

OS:
DISTRIB_ID=Ubuntu
DISTRIB_RELEASE=20.04
DISTRIB_CODENAME=focal
DISTRIB_DESCRIPTION="Ubuntu 20.04.4 LTS"
uname: Linux 5.4.0-107-generic #121-Ubuntu SMP Thu Mar 24 16:04:27 UTC 2022 x86_64
OS uptime: 1 days 15:30 hours
libc: glibc 2.31 NPTL 2.31 
rlimit (soft/hard): STACK 8192k/infinity , CORE 0k/infinity , NPROC 14591/14591 , NOFILE 1048576/1048576 , AS infinity/infinity , CPU infinity/infinity , DATA infinity/infinity , FSIZE infinity/infinity , MEMLOCK 65536k/65536k
load average: 2.15 0.68 0.52

/proc/meminfo:
MemTotal:        3796944 kB
MemFree:          191760 kB
MemAvailable:     410776 kB
Buffers:             216 kB
Cached:           424592 kB
SwapCached:         3844 kB
Active:          2850584 kB
Inactive:         402340 kB
Active(anon):    2662144 kB
Inactive(anon):   198796 kB
Active(file):     188440 kB
Inactive(file):   203544 kB
Unevictable:           0 kB
Mlocked:               0 kB
SwapTotal:        999420 kB
SwapFree:         971004 kB
Dirty:               880 kB
Writeback:             0 kB
AnonPages:       2825744 kB
Mapped:           273148 kB
Shmem:             32868 kB
KReclaimable:      62168 kB
Slab:             180052 kB
SReclaimable:      62168 kB
SUnreclaim:       117884 kB
KernelStack:       10192 kB
PageTables:        17244 kB
NFS_Unstable:          0 kB
Bounce:                0 kB
WritebackTmp:          0 kB
CommitLimit:     2897892 kB
Committed_AS:    5237548 kB
VmallocTotal:   34359738367 kB
VmallocUsed:       33880 kB
VmallocChunk:          0 kB
Percpu:           109568 kB
HardwareCorrupted:     0 kB
AnonHugePages:         0 kB
ShmemHugePages:        0 kB
ShmemPmdMapped:        0 kB
FileHugePages:         0 kB
FilePmdMapped:         0 kB
CmaTotal:              0 kB
CmaFree:               0 kB
HugePages_Total:       0
HugePages_Free:        0
HugePages_Rsvd:        0
HugePages_Surp:        0
Hugepagesize:       2048 kB
Hugetlb:               0 kB
DirectMap4k:      314716 kB
DirectMap2M:     3878912 kB

/sys/kernel/mm/transparent_hugepage/enabled: always [madvise] never
/sys/kernel/mm/transparent_hugepage/defrag (defrag/compaction efforts parameter): always defer defer+madvise [madvise] never

Process Memory:
Virtual Size: 6302372K (peak: 11396260K)
Resident Set Size: 941948K (peak: 1067080K) (anon: 814128K, file: 127820K, shmem: 0K)
Swapped out: 0K
C-Heap outstanding allocations: 67900K

/proc/sys/kernel/threads-max (system-wide limit on the number of threads): 29182
/proc/sys/vm/max_map_count (maximum number of memory map areas a process may have): 65530
/proc/sys/kernel/pid_max (system-wide limit on number of process identifiers): 4194304

container (cgroup) information:
container_type: cgroupv1
cpu_cpuset_cpus: 0-1
cpu_memory_nodes: 0
active_processor_count: 2
cpu_quota: no quota
cpu_period: 100000
cpu_shares: no shares
memory_limit_in_bytes: unlimited
memory_and_swap_limit_in_bytes: not supported
memory_soft_limit_in_bytes: unlimited
memory_usage_in_bytes: 2916765696
memory_max_usage_in_bytes: 2991087616

VMWare virtualization detected
Steal ticks since vm start: 0
Steal ticks percentage since vm start:  0.000

CPU: total 2 (initial active 2) (1 cores per cpu, 1 threads per core) family 6 model 15 stepping 1 microcode 0x5003003, cx8, cmov, fxsr, mmx, sse, sse2, sse3, ssse3, tsc, tscinvbit, clflush, hv
CPU Model and flags from /proc/cpuinfo:
model name	: Intel(R) Xeon(R) Gold 6226R CPU @ 2.90GHz
flags		: fpu vme de pse tsc msr pae mce cx8 apic sep mtrr pge mca cmov pat pse36 clflush mmx fxsr sse sse2 syscall nx lm constant_tsc arch_perfmon nopl tsc_reliable nonstop_tsc cpuid pni ssse3 cx16 tsc_deadline_timer hypervisor lahf_lm pti tsc_adjust arat

Online cpus: 0-1
Offline cpus: 2-127
BIOS frequency limitation: <Not Available>
Frequency switch latency (ns): <Not Available>
Available cpu frequencies: <Not Available>
Current governor: <Not Available>
Core performance/turbo boost: <Not Available>

Memory: 4k page, physical 3796944k(191760k free), swap 999420k(971004k free)
Page Sizes: 4k

vm_info: OpenJDK 64-Bit Server VM (17.0.2+8) for linux-amd64 JRE (17.0.2+8), built on Jan 20 2022 09:56:58 by "" with gcc 7.5.0

END.
